  Using 'git status' to determine working set for adaptive non-unity build.
  Creating makefile for RisingWatersEditor (.uproject file is newer)
  Using Visual Studio 2017 14.14.26428 toolchain (D:\VisualStudio\VC\Tools\MSVC\14.14.26428) and Windows 10.0.17134.0 SDK (C:\Program Files (x86)\Windows Kits\10).
  Parsing headers for RisingWatersEditor
    Running UnrealHeaderTool "D:\Repos\LudumDare42\RisingWaters\RisingWaters.uproject" "D:\Repos\LudumDare42\RisingWaters\Intermediate\Build\Win64\RisingWatersEditor\Development\RisingWatersEditor.uhtmanifest" -LogCmds="loginit warning, logexit warning, logdatabase error" -Unattended -WarningsAsErrors -installed
  Reflection code generated for RisingWatersEditor in 14.3135085 seconds
  Building 11 actions with 4 processes...
    SharedPCH.Engine.cpp
    MyActor.cpp
    SimplexNoiseLibrary.cpp
    MyActor.gen.cpp
    RisingWaters.init.gen.cpp
    SimplexNoiseLibrary.gen.cpp
    VoxelActor.cpp
    VoxelActor.gen.cpp
    RisingWaters.cpp
    UE4Editor-RisingWaters.lib
       Creating library D:\Repos\LudumDare42\RisingWaters\Intermediate\Build\Win64\UE4Editor\Development\RisingWaters\UE4Editor-RisingWaters.lib and object D:\Repos\LudumDare42\RisingWaters\Intermediate\Build\Win64\UE4Editor\Development\RisingWaters\UE4Editor-RisingWaters.exp
    UE4Editor-RisingWaters.dll
       Creating library D:\Repos\LudumDare42\RisingWaters\Intermediate\Build\Win64\UE4Editor\Development\RisingWaters\UE4Editor-RisingWaters.suppressed.lib and object D:\Repos\LudumDare42\RisingWaters\Intermediate\Build\Win64\UE4Editor\Development\RisingWaters\UE4Editor-RisingWaters.suppressed.exp
  Deploying RisingWatersEditor Win64 Development...
  Total build time: 81.08 seconds (Parallel executor: 60.21 seconds)
