Log file open, 08/12/18 00:25:21
LogWindows: Failed to load 'aqProf.dll' (GetLastError=126)
LogWindows: File 'aqProf.dll' does not exist
LogWindows: Failed to load 'VSPerf140.dll' (GetLastError=126)
LogWindows: File 'VSPerf140.dll' does not exist
LogWindows: Failed to load 'VtuneApi.dll' (GetLastError=126)
LogWindows: File 'VtuneApi.dll' does not exist
LogWindows: Failed to load 'VtuneApi32e.dll' (GetLastError=126)
LogWindows: File 'VtuneApi32e.dll' does not exist
LogInit: Display: Running engine for game: RisingWaters
LogPlatformFile: Not using cached read wrapper
LogTaskGraph: Started task graph with 5 named threads and 14 total threads with 3 sets of task threads.
LogStats: Stats thread started at 0.190085
LogD3D11RHI: Loaded GFSDK_Aftermath_Lib.x64.dll
LogICUInternationalization: Display: ICU TimeZone Detection - Raw Offset: -5:00, Platform Override: ''
LogPluginManager: Mounting plugin Paper2D
LogPluginManager: Mounting plugin AISupport
LogPluginManager: Mounting plugin LightPropagationVolume
LogPluginManager: Mounting plugin CLionSourceCodeAccess
LogPluginManager: Mounting plugin CodeLiteSourceCodeAccess
LogPluginManager: Mounting plugin GitSourceControl
LogPluginManager: Mounting plugin KDevelopSourceCodeAccess
LogPluginManager: Mounting plugin NullSourceCodeAccess
LogPluginManager: Mounting plugin PerforceSourceControl
LogPluginManager: Mounting plugin SubversionSourceControl
LogPluginManager: Mounting plugin UObjectPlugin
LogPluginManager: Mounting plugin VisualStudioCodeSourceCodeAccess
LogPluginManager: Mounting plugin VisualStudioSourceCodeAccess
LogPluginManager: Mounting plugin XCodeSourceCodeAccess
LogPluginManager: Mounting plugin AssetManagerEditor
LogPluginManager: Mounting plugin CryptoKeys
LogPluginManager: Mounting plugin DataValidation
LogPluginManager: Mounting plugin FacialAnimation
LogPluginManager: Mounting plugin GameplayTagsEditor
LogPluginManager: Mounting plugin MacGraphicsSwitching
LogPluginManager: Mounting plugin MeshEditor
LogPluginManager: Mounting plugin MobileLauncherProfileWizard
LogPluginManager: Mounting plugin PluginBrowser
LogPluginManager: Mounting plugin SpeedTreeImporter
LogPluginManager: Mounting plugin DatasmithContent
LogPluginManager: Mounting plugin AlembicImporter
LogPluginManager: Mounting plugin AppleImageUtils
LogPluginManager: Mounting plugin AppleVision
LogPluginManager: Mounting plugin BackChannel
LogPluginManager: Mounting plugin CharacterAI
LogPluginManager: Mounting plugin GeometryCache
LogPluginManager: Mounting plugin HTML5Networking
LogPluginManager: Mounting plugin ProxyLODPlugin
LogPluginManager: Mounting plugin MagicLeap
LogPluginManager: Mounting plugin MagicLeapEmulator
LogPluginManager: Mounting plugin MagicLeapMedia
LogPluginManager: Mounting plugin AndroidMedia
LogPluginManager: Mounting plugin AvfMedia
LogPluginManager: Mounting plugin ImgMedia
LogPluginManager: Mounting plugin LinearTimecode
LogPluginManager: Mounting plugin MediaCompositing
LogPluginManager: Mounting plugin MediaPlayerEditor
LogPluginManager: Mounting plugin WmfMedia
LogPluginManager: Mounting plugin TcpMessaging
LogPluginManager: Mounting plugin UdpMessaging
LogPluginManager: Mounting plugin ActorSequence
LogPluginManager: Mounting plugin LevelSequenceEditor
LogPluginManager: Mounting plugin MatineeToLevelSequence
LogPluginManager: Mounting plugin NetcodeUnitTest
LogPluginManager: Mounting plugin NUTUnrealEngine4
LogPluginManager: Mounting plugin OnlineSubsystemGooglePlay
LogPluginManager: Mounting plugin OnlineSubsystemIOS
LogPluginManager: Mounting plugin OnlineSubsystem
LogPluginManager: Mounting plugin OnlineSubsystemNull
LogPluginManager: Mounting plugin OnlineSubsystemUtils
LogPluginManager: Mounting plugin LauncherChunkInstaller
LogPluginManager: Mounting plugin AndroidDeviceProfileSelector
LogPluginManager: Mounting plugin AndroidMoviePlayer
LogPluginManager: Mounting plugin AndroidPermission
LogPluginManager: Mounting plugin AppleMoviePlayer
LogPluginManager: Mounting plugin ArchVisCharacter
LogPluginManager: Mounting plugin AudioCapture
LogPluginManager: Mounting plugin CableComponent
LogPluginManager: Mounting plugin CustomMeshComponent
LogPluginManager: Mounting plugin EditableMesh
LogPluginManager: Mounting plugin ExampleDeviceProfileSelector
LogPluginManager: Mounting plugin GoogleCloudMessaging
LogPluginManager: Mounting plugin ImmediatePhysics
LogPluginManager: Mounting plugin IOSDeviceProfileSelector
LogPluginManager: Mounting plugin LinuxDeviceProfileSelector
LogPluginManager: Mounting plugin LocationServicesBPLibrary
LogPluginManager: Mounting plugin MobilePatchingUtils
LogPluginManager: Mounting plugin OculusVR
LogPluginManager: Plugin shader directory ../../../Engine/Plugins/Runtime/Oculus/OculusVR/Shaders found
LogPluginManager: Mapping shader source directory ../../../Engine/Plugins/Runtime/Oculus/OculusVR/Shaders to virtual directory /Plugin/OculusVR
LogPluginManager: Mounting plugin PhysXVehicles
LogPluginManager: Mounting plugin ProceduralMeshComponent
LogPluginManager: Mounting plugin RuntimePhysXCooking
LogPluginManager: Mounting plugin SteamVR
LogPluginManager: Mounting plugin WindowsMoviePlayer
LogStreaming: Display: Took  0.096s to configure plugins.
LogInit: Using libcurl 7.55.1-DEV
LogInit:  - built for x86_64-pc-win32
LogInit:  - supports SSL with OpenSSL/1.0.2h
LogInit:  - supports HTTP deflate (compression) using libz 1.2.8
LogInit:  - other features:
LogInit:      CURL_VERSION_SSL
LogInit:      CURL_VERSION_LIBZ
LogInit:      CURL_VERSION_IPV6
LogInit:      CURL_VERSION_ASYNCHDNS
LogInit:      CURL_VERSION_LARGEFILE
LogInit:      CURL_VERSION_IDN
LogInit:  CurlRequestOptions (configurable via config and command line):
LogInit:  - bVerifyPeer = false  - Libcurl will NOT verify peer certificate
LogInit:  - bUseHttpProxy = false  - Libcurl will NOT use HTTP proxy
LogInit:  - bDontReuseConnections = false  - Libcurl will reuse connections
LogInit:  - CertBundlePath = nullptr  - Libcurl will use whatever was configured at build time.
LogInit:  - MaxHostConnections = 16  - Libcurl will limit the number of connections to a host
LogInit:  - LocalHostAddr = Default
LogInit:  - BufferSize = 65536
LogInit: WinSock: version 1.1 (2.2), MaxSocks=32767, MaxUdp=65467
LogInit: Build: ++UE4+Release-4.20-CL-4233996
LogInit: Engine Version: 4.20.1-4233996+++UE4+Release-4.20
LogInit: Compatible Engine Version: 4.20.0-4212847+++UE4+Release-4.20
LogInit: Net CL: 4212847
LogInit: OS: Windows 10 (), CPU: Intel(R) Core(TM) i5-7600K CPU @ 3.80GHz, GPU: Intel(R) HD Graphics 630
LogInit: Compiled (64-bit): Jul 26 2018 10:07:30
LogInit: Compiled with Visual C++: 19.13.26129.00
LogInit: Build Configuration: Development
LogInit: Branch Name: ++UE4+Release-4.20
LogInit: Command Line:  
LogInit: Base Directory: D:/Unreal/UE_4.20/Engine/Binaries/Win64/
LogInit: Installed Engine Build: 1
LogDevObjectVersion: Number of dev versions registered: 20
LogDevObjectVersion:   Dev-Blueprints (B0D832E4-1F89-4F0D-ACCF-7EB736FD4AA2): 10
LogDevObjectVersion:   Dev-Build (E1C64328-A22C-4D53-A36C-8E866417BD8C): 0
LogDevObjectVersion:   Dev-Core (375EC13C-06E4-48FB-B500-84F0262A717E): 2
LogDevObjectVersion:   Dev-Editor (E4B068ED-F494-42E9-A231-DA0B2E46BB41): 24
LogDevObjectVersion:   Dev-Framework (CFFC743F-43B0-4480-9391-14DF171D2073): 34
LogDevObjectVersion:   Dev-Mobile (B02B49B5-BB20-44E9-A304-32B752E40360): 2
LogDevObjectVersion:   Dev-Networking (A4E4105C-59A1-49B5-A7C5-40C4547EDFEE): 0
LogDevObjectVersion:   Dev-Online (39C831C9-5AE6-47DC-9A44-9C173E1C8E7C): 0
LogDevObjectVersion:   Dev-Physics (78F01B33-EBEA-4F98-B9B4-84EACCB95AA2): 0
LogDevObjectVersion:   Dev-Platform (6631380F-2D4D-43E0-8009-CF276956A95A): 0
LogDevObjectVersion:   Dev-Rendering (12F88B9F-8875-4AFC-A67C-D90C383ABD29): 26
LogDevObjectVersion:   Dev-Sequencer (7B5AE74C-D270-4C10-A958-57980B212A5A): 9
LogDevObjectVersion:   Dev-VR (D7296918-1DD6-4BDD-9DE2-64A83CC13884): 2
LogDevObjectVersion:   Dev-LoadTimes (C2A15278-BFE7-4AFE-6C17-90FF531DF755): 1
LogDevObjectVersion:   Private-Geometry (6EACA3D4-40EC-4CC1-B786-8BED09428FC5): 3
LogDevObjectVersion:   Dev-AnimPhys (29E575DD-E0A3-4627-9D10-D276232CDCEA): 17
LogDevObjectVersion:   Dev-ReflectionCapture (6B266CEC-1EC7-4B8F-A30B-E4D90942FC07): 1
LogDevObjectVersion:   Dev-Automation (0DF73D61-A23F-47EA-B727-89E90C41499A): 1
LogDevObjectVersion:   FortniteMain (601D1886-AC64-4F84-AA16-D3DE0DEAC7D6): 12
LogDevObjectVersion:   Dev-Enterprise (9DFFBCD6-494F-0158-E221-12823C92A888): 1
LogStreaming: Display: Took  0.001s to delete old logs.
LogInit: Presizing for max 8388607 objects, including 0 objects not considered by GC, pre-allocating 0 bytes for permanent pool.
LogInit: Object subsystem initialized
[2018.08.12-04.25.22:012][  0]LogInit: Selected Device Profile: [Windows]
[2018.08.12-04.25.22:012][  0]LogInit: Applying CVar settings loaded from the selected device profile: [Windows]
[2018.08.12-04.25.22:026][  0]LogHAL: Display: Platform has ~ 16 GB [17033011200 / 17179869184 / 16], which maps to Larger [LargestMinGB=32, LargerMinGB=12, DefaultMinGB=8, SmallerMinGB=6, SmallestMinGB=0)
[2018.08.12-04.25.22:026][  0]LogInit: Setting Device Profile CVar: [[r.Vulkan.UseRealUBs:1]]
[2018.08.12-04.25.22:026][  0]LogInit: Going up to parent DeviceProfile []
[2018.08.12-04.25.22:027][  0]LogInit: Computer: DESKTOP-719UQTD
[2018.08.12-04.25.22:027][  0]LogInit: User: Joe
[2018.08.12-04.25.22:027][  0]LogInit: CPU Page size=4096, Cores=4
[2018.08.12-04.25.22:027][  0]LogInit: High frequency timer resolution =3.703124 MHz
[2018.08.12-04.25.22:027][  0]LogMemory: Memory total: Physical=15.9GB (16GB approx)
[2018.08.12-04.25.22:027][  0]LogMemory: Platform Memory Stats for Windows
[2018.08.12-04.25.22:027][  0]LogMemory: Process Physical Memory: 100.04 MB used, 100.04 MB peak
[2018.08.12-04.25.22:027][  0]LogMemory: Process Virtual Memory: 84.21 MB used, 84.21 MB peak
[2018.08.12-04.25.22:027][  0]LogMemory: Physical Memory: 7449.42 MB used,  8794.52 MB free, 16243.95 MB total
[2018.08.12-04.25.22:027][  0]LogMemory: Virtual Memory: 4624.26 MB used,  8794.52 MB free, 134217728.00 MB total
[2018.08.12-04.25.22:049][  0]LogInit: Using OS detected language (en-US).
[2018.08.12-04.25.22:049][  0]LogInit: Using OS detected locale (en-US).
[2018.08.12-04.25.22:050][  0]LogTextLocalizationManager: No specific localization for 'en-US' exists, so the 'en' localization will be used.
[2018.08.12-04.25.22:445][  0]LogStreaming: Display: Took  0.395s to InitEngineTextLocalization.
[2018.08.12-04.25.22:445][  0]LogInit: Setting process to per monitor DPI aware
[2018.08.12-04.25.22:480][  0]LogSlate: New Slate User Created.  User Index 0, Is Virtual User: 0
[2018.08.12-04.25.22:480][  0]LogSlate: Slate User Registered.  User Index 0, Is Virtual User: 0
[2018.08.12-04.25.22:646][  0]LogHMD: Failed to initialize OpenVR with code 110
[2018.08.12-04.25.22:646][  0]LogD3D11RHI: D3D11 adapters:
[2018.08.12-04.25.22:657][  0]LogD3D11RHI:    0. 'Intel(R) HD Graphics 630' (Feature Level 11_0)
[2018.08.12-04.25.22:657][  0]LogD3D11RHI:       128/0/8121 MB DedicatedVideo/DedicatedSystem/SharedSystem, Outputs:1, VendorId:0x8086
[2018.08.12-04.25.22:713][  0]LogD3D11RHI:    1. 'NVIDIA GeForce GTX 960' (Feature Level 11_0)
[2018.08.12-04.25.22:713][  0]LogD3D11RHI:       2007/0/8121 MB DedicatedVideo/DedicatedSystem/SharedSystem, Outputs:2, VendorId:0x10de
[2018.08.12-04.25.22:714][  0]LogD3D11RHI:    2. 'Microsoft Basic Render Driver' (Feature Level 11_0)
[2018.08.12-04.25.22:714][  0]LogD3D11RHI:       0/0/8121 MB DedicatedVideo/DedicatedSystem/SharedSystem, Outputs:0, VendorId:0x1414
[2018.08.12-04.25.22:714][  0]LogD3D11RHI: Chosen D3D11 Adapter: 1
[2018.08.12-04.25.22:721][  0]LogD3D11RHI: Creating new Direct3DDevice
[2018.08.12-04.25.22:721][  0]LogD3D11RHI:     GPU DeviceId: 0x1401 (for the marketing name, search the web for "GPU Device Id")
[2018.08.12-04.25.22:721][  0]LogWindows: EnumDisplayDevices:
[2018.08.12-04.25.22:721][  0]LogWindows:    0. 'Intel(R) HD Graphics 630' (P:1 D:1)
[2018.08.12-04.25.22:721][  0]LogWindows:    1. 'Intel(R) HD Graphics 630' (P:0 D:0)
[2018.08.12-04.25.22:721][  0]LogWindows:    2. 'Intel(R) HD Graphics 630' (P:0 D:0)
[2018.08.12-04.25.22:722][  0]LogWindows:    3. 'NVIDIA GeForce GTX 960' (P:0 D:1)
[2018.08.12-04.25.22:722][  0]LogWindows:    4. 'NVIDIA GeForce GTX 960' (P:0 D:1)
[2018.08.12-04.25.22:722][  0]LogWindows:    5. 'NVIDIA GeForce GTX 960' (P:0 D:0)
[2018.08.12-04.25.22:722][  0]LogWindows:    6. 'NVIDIA GeForce GTX 960' (P:0 D:0)
[2018.08.12-04.25.22:722][  0]LogWindows: DebugString: PrimaryIsNotTheChoosenAdapter PrimaryIsNotTheChoosenAdapter PrimaryIsNotTheChoosenAdapter FoundDriverCount:4 
[2018.08.12-04.25.22:722][  0]LogD3D11RHI:     Adapter Name: NVIDIA GeForce GTX 960
[2018.08.12-04.25.22:722][  0]LogD3D11RHI:   Driver Version: 398.82 (internal:24.21.13.9882, unified:398.82)
[2018.08.12-04.25.22:722][  0]LogD3D11RHI:      Driver Date: 7-30-2018
[2018.08.12-04.25.22:722][  0]LogRHI: Texture pool is 1405 MB (70% of 2007 MB)
[2018.08.12-04.25.22:757][  0]LogD3D11RHI: Async texture creation enabled
[2018.08.12-04.25.22:773][  0]LogD3D11RHI: GPU Timing Frequency: 1000.000000 (Debug: 2 2)
[2018.08.12-04.25.22:824][  0]LogShaderCompilers: Guid format shader working directory is -2 characters bigger than the processId version (../../../../../Repos/LudumDare42/RisingWaters/Intermediate/Shaders/WorkingDirectory/20568/).
[2018.08.12-04.25.22:824][  0]LogShaderCompilers: Cleaned the shader compiler working directory 'C:/Users/Joe/AppData/Local/Temp/UnrealShaderWorkingDir/8C2396E84A0EEB6196D9E68D5496C63B/'.
[2018.08.12-04.25.23:090][  0]LogTemp: Display: Loaded TP AllDesktopTargetPlatform
[2018.08.12-04.25.23:102][  0]LogTemp: Display: Loaded TP MacClientTargetPlatform
[2018.08.12-04.25.23:113][  0]LogTemp: Display: Loaded TP MacNoEditorTargetPlatform
[2018.08.12-04.25.23:123][  0]LogTemp: Display: Loaded TP MacServerTargetPlatform
[2018.08.12-04.25.23:135][  0]LogTemp: Display: Loaded TP MacTargetPlatform
[2018.08.12-04.25.23:147][  0]LogTemp: Display: Loaded TP WindowsClientTargetPlatform
[2018.08.12-04.25.23:157][  0]LogTemp: Display: Loaded TP WindowsNoEditorTargetPlatform
[2018.08.12-04.25.23:168][  0]LogTemp: Display: Loaded TP WindowsServerTargetPlatform
[2018.08.12-04.25.23:173][  0]LogTemp: Display: Loaded TP WindowsTargetPlatform
[2018.08.12-04.25.23:240][  0]LogTemp: Display: Loaded TP AndroidTargetPlatform
[2018.08.12-04.25.23:240][  0]LogTemp: Display: Loaded TP AndroidTargetPlatform
[2018.08.12-04.25.23:240][  0]LogTemp: Display: Loaded TP AndroidTargetPlatform
[2018.08.12-04.25.23:240][  0]LogTemp: Display: Loaded TP AndroidTargetPlatform
[2018.08.12-04.25.23:240][  0]LogTemp: Display: Loaded TP AndroidTargetPlatform
[2018.08.12-04.25.23:240][  0]LogTemp: Display: Loaded TP AndroidTargetPlatform
[2018.08.12-04.25.23:240][  0]LogTemp: Display: Loaded TP AndroidTargetPlatform
[2018.08.12-04.25.23:240][  0]LogTemp: Display: Loaded TP AndroidTargetPlatform
[2018.08.12-04.25.23:240][  0]LogTemp: Display: Loaded TP AndroidTargetPlatform
[2018.08.12-04.25.23:240][  0]LogTemp: Display: Loaded TP AndroidTargetPlatform
[2018.08.12-04.25.23:240][  0]LogTemp: Display: Loaded TP AndroidTargetPlatform
[2018.08.12-04.25.23:240][  0]LogTemp: Display: Loaded TP AndroidTargetPlatform
[2018.08.12-04.25.23:240][  0]LogTemp: Display: Loaded TP AndroidTargetPlatform
[2018.08.12-04.25.23:240][  0]LogTemp: Display: Loaded TP AndroidTargetPlatform
[2018.08.12-04.25.23:240][  0]LogTemp: Display: Loaded TP AndroidTargetPlatform
[2018.08.12-04.25.23:240][  0]LogTemp: Display: Loaded TP AndroidTargetPlatform
[2018.08.12-04.25.23:240][  0]LogTemp: Display: Loaded TP AndroidTargetPlatform
[2018.08.12-04.25.23:240][  0]LogTemp: Display: Loaded TP AndroidTargetPlatform
[2018.08.12-04.25.23:241][  0]LogTemp: Display: Loaded TP HTML5TargetPlatform
[2018.08.12-04.25.23:297][  0]LogTemp: Display: Loaded TP IOSTargetPlatform
[2018.08.12-04.25.23:297][  0]LogTemp: Display: Loaded TP IOSTargetPlatform
[2018.08.12-04.25.23:317][  0]LogTemp: Display: Loaded TP TVOSTargetPlatform
[2018.08.12-04.25.23:317][  0]LogTemp: Display: Loaded TP TVOSTargetPlatform
[2018.08.12-04.25.23:327][  0]LogTemp: Display: Loaded TP LinuxClientTargetPlatform
[2018.08.12-04.25.23:338][  0]LogTemp: Display: Loaded TP LinuxNoEditorTargetPlatform
[2018.08.12-04.25.23:348][  0]LogTemp: Display: Loaded TP LinuxServerTargetPlatform
[2018.08.12-04.25.23:359][  0]LogTemp: Display: Loaded TP LinuxTargetPlatform
[2018.08.12-04.25.23:368][  0]LogTemp: Display: Loaded TP LuminTargetPlatform
[2018.08.12-04.25.23:369][  0]LogTargetPlatformManager: Display: Building Assets For Windows
[2018.08.12-04.25.23:408][  0]LogXGEController: Cleaning working directory: C:/Users/Joe/AppData/Local/Temp/UnrealXGEWorkingDir/
[2018.08.12-04.25.23:408][  0]LogXGEController: Cannot use XGE Controller as Incredibuild is not installed on this machine.
[2018.08.12-04.25.23:408][  0]LogShaderCompilers: Cannot use XGE Shader Compiler as Incredibuild is not installed on this machine.
[2018.08.12-04.25.23:408][  0]LogShaderCompilers: Display: Using Local Shader Compiler.
[2018.08.12-04.25.24:037][  0]LogDerivedDataCache: Display: Max Cache Size: 512 MB
[2018.08.12-04.25.24:112][  0]LogDerivedDataCache: Loaded boot cache 0.07s 71MB C:/Users/Joe/AppData/Local/UnrealEngine/4.20/DerivedDataCache/Boot.ddc.
[2018.08.12-04.25.24:112][  0]LogDerivedDataCache: Display: Loaded Boot cache: C:/Users/Joe/AppData/Local/UnrealEngine/4.20/DerivedDataCache/Boot.ddc
[2018.08.12-04.25.24:113][  0]LogDerivedDataCache: FDerivedDataBackendGraph:  Pak pak cache file ../../../../../Repos/LudumDare42/RisingWaters/DerivedDataCache/DDC.ddp not found, will not use a pak cache.
[2018.08.12-04.25.24:113][  0]LogDerivedDataCache: Unable to find inner node Pak for hierarchical cache Hierarchy.
[2018.08.12-04.25.24:113][  0]LogDerivedDataCache: FDerivedDataBackendGraph:  CompressedPak pak cache file ../../../../../Repos/LudumDare42/RisingWaters/DerivedDataCache/Compressed.ddp not found, will not use a pak cache.
[2018.08.12-04.25.24:113][  0]LogDerivedDataCache: Unable to find inner node CompressedPak for hierarchical cache Hierarchy.
[2018.08.12-04.25.24:125][  0]LogDerivedDataCache: Display: Pak cache opened for reading ../../../Engine/DerivedDataCache/Compressed.ddp.
[2018.08.12-04.25.24:137][  0]LogDerivedDataCache: Using Local data cache path C:/Users/Joe/AppData/Local/UnrealEngine/Common/DerivedDataCache: Writable
[2018.08.12-04.25.24:137][  0]LogDerivedDataCache: Shared data cache path not found in *engine.ini, will not use an Shared cache.
[2018.08.12-04.25.24:137][  0]LogDerivedDataCache: Unable to find inner node Shared for hierarchical cache Hierarchy.
[2018.08.12-04.25.24:156][  0]LogMaterial: Verifying Global Shaders for PCD3D_SM5
[2018.08.12-04.25.24:157][  0]LogSlate: Using FreeType 2.6.0
[2018.08.12-04.25.24:158][  0]LogSlate: SlateFontServices - WITH_FREETYPE: 1, WITH_HARFBUZZ: 1
[2018.08.12-04.25.24:229][  0]LogAssetRegistry: FAssetRegistry took 0.0264 seconds to start up
[2018.08.12-04.25.24:514][  0]LogInit: Selected Device Profile: [Windows]
[2018.08.12-04.25.24:624][  0]LogSimplygon: Simplygon DLL not present - disabling.
[2018.08.12-04.25.24:627][  0]LogMeshReduction: Using SimplygonSwarm for distributed automatic mesh merging
[2018.08.12-04.25.24:627][  0]LogMeshReduction: Using ProxyLODMeshReduction for automatic mesh merging
[2018.08.12-04.25.24:627][  0]LogMeshReduction: Using QuadricMeshReduction for automatic static mesh reduction
[2018.08.12-04.25.24:627][  0]LogMeshReduction: No automatic skeletal mesh reduction module available
[2018.08.12-04.25.24:648][  0]LogNetVersion: RisingWaters 1.0.0, NetCL: 4212847, EngineNetVer: 5, GameNetVer: 0 (Checksum: 293886760)
[2018.08.12-04.25.25:207][  0]LogPackageLocalizationCache: Processed 11 localized package path(s) for 2 prioritized culture(s) in 0.150836 seconds
[2018.08.12-04.25.25:213][  0]LogUObjectArray: 38425 objects as part of root set at end of initial load.
[2018.08.12-04.25.25:213][  0]LogUObjectAllocator: 6690872 out of 0 bytes used by permanent object pool.
[2018.08.12-04.25.25:213][  0]LogUObjectArray: CloseDisregardForGC: 0/0 objects in disregard for GC pool
[2018.08.12-04.25.25:940][  0]LogTcpMessaging: Initializing TcpMessaging bridge
[2018.08.12-04.25.25:952][  0]LogUdpMessaging: Initializing bridge on interface 0.0.0.0:0 to multicast group 230.0.0.1:6666.
[2018.08.12-04.25.26:112][  0]SourceControl: Source control is disabled
[2018.08.12-04.25.26:113][  0]SourceControl: Source control is disabled
[2018.08.12-04.25.26:114][  0]SourceControl: Source control is disabled
[2018.08.12-04.25.26:115][  0]SourceControl: Source control is disabled
[2018.08.12-04.25.26:285][  0]LogAndroidPermission: UAndroidPermissionCallbackProxy::GetInstance
[2018.08.12-04.25.26:534][  0]LogOcInput: OculusInput pre-init called
[2018.08.12-04.25.26:586][  0]LogEngine: Initializing Engine...
[2018.08.12-04.25.26:587][  0]LogHMD: Failed to initialize OpenVR with code 110
[2018.08.12-04.25.26:588][  0]LogStats: UGameplayTagsManager::ConstructGameplayTagTree: ImportINI prefixes -  0.000 s
[2018.08.12-04.25.26:588][  0]LogStats: UGameplayTagsManager::ConstructGameplayTagTree: Construct from data asset -  0.000 s
[2018.08.12-04.25.26:588][  0]LogStats: UGameplayTagsManager::ConstructGameplayTagTree: ImportINI -  0.000 s
[2018.08.12-04.25.26:588][  0]LogStats: UGameplayTagsManager::ConstructGameplayTagTree: GameplayTagTreeChangedEvent.Broadcast -  0.000 s
[2018.08.12-04.25.26:820][  0]LogInit: Initializing FReadOnlyCVARCache
[2018.08.12-04.25.26:834][  0]LogAIModule: Creating AISystem for world Untitled
[2018.08.12-04.25.26:900][  0]LogInit: XAudio2 using 'VX240M (Intel(R) Display Audio)' : 2 channels at 48 kHz using 16 bits per sample (channel mask 0x3)
[2018.08.12-04.25.26:910][  0]LogInit: FAudioDevice initialized.
[2018.08.12-04.25.26:910][  0]LogNetVersion: Set ProjectVersion to 1.0.0.0. Version Checksum will be recalculated on next use.
[2018.08.12-04.25.27:000][  0]LogDerivedDataCache: Saved boot cache 0.09s 71MB C:/Users/Joe/AppData/Local/UnrealEngine/4.20/DerivedDataCache/Boot.ddc.
[2018.08.12-04.25.27:012][  0]LogInit: Texture streaming: Enabled
[2018.08.12-04.25.27:028][  0]LogEngineSessionManager: EngineSessionManager initialized
[2018.08.12-04.25.27:040][  0]LogInit: Transaction tracking system initialized
[2018.08.12-04.25.27:055][  0]BlueprintLog: New page: Editor Load
[2018.08.12-04.25.27:115][  0]LocalizationService: Localization service is disabled
[2018.08.12-04.25.27:346][  0]LogCook: Display: Max memory allowance for cook 16384mb min free memory 0mb
[2018.08.12-04.25.27:346][  0]LogCook: Display: Mobile HDR setting 1
[2018.08.12-04.25.27:346][  0]LogGameplayTags: Display: UGameplayTagsManager::DoneAddingNativeTags. DelegateIsBound: 0
[2018.08.12-04.25.27:346][  0]LogStats: UGameplayTagsManager::ConstructGameplayTagTree: ImportINI prefixes -  0.000 s
[2018.08.12-04.25.27:346][  0]LogStats: UGameplayTagsManager::ConstructGameplayTagTree: Construct from data asset -  0.000 s
[2018.08.12-04.25.27:346][  0]LogStats: UGameplayTagsManager::ConstructGameplayTagTree: ImportINI -  0.000 s
[2018.08.12-04.25.27:346][  0]LogStats: UGameplayTagsManager::ConstructGameplayTagTree: GameplayTagTreeChangedEvent.Broadcast -  0.000 s
[2018.08.12-04.25.27:451][  0]LogFileCache: Scanning file cache for directory 'D:/Repos/LudumDare42/RisingWaters/Content/' took 0.01s
[2018.08.12-04.25.27:451][  0]SourceControl: Source control is disabled
[2018.08.12-04.25.27:451][  0]Cmd: MAP LOAD FILE="../../../../../Repos/LudumDare42/RisingWaters/Content/ThirdPersonBP/Maps/ThirdPersonExampleMap.umap" TEMPLATE=0 SHOWPROGRESS=1 FEATURELEVEL=3
[2018.08.12-04.25.27:452][  0]LightingResults: New page: Lighting Build
[2018.08.12-04.25.27:453][  0]MapCheck: New page: Map Check
[2018.08.12-04.25.27:453][  0]LightingResults: New page: Lighting Build
[2018.08.12-04.25.27:870][  0]LogAIModule: Creating AISystem for world ThirdPersonExampleMap
[2018.08.12-04.25.27:885][  0]LogEditorServer: Finished looking for orphan Actors (0.000 secs)
[2018.08.12-04.25.27:914][  0]Cmd: MAP CHECKDEP NOCLEARLOG
[2018.08.12-04.25.27:966][  0]MapCheck: Map check complete: 0 Error(s), 0 Warning(s), took 52.028ms to complete.
[2018.08.12-04.25.27:966][  0]LogFileHelpers: Loading map 'ThirdPersonExampleMap' took 0.514
[2018.08.12-04.25.28:121][  0]LogSlate: Updating window title bar state: overlay mode, drag disabled, window buttons hidden, title bar hidden
[2018.08.12-04.25.28:132][  0]LogSlate: Updating window title bar state: overlay mode, drag disabled, window buttons hidden, title bar hidden
[2018.08.12-04.25.28:141][  0]LogSlate: Updating window title bar state: overlay mode, drag disabled, window buttons hidden, title bar hidden
[2018.08.12-04.25.28:150][  0]LogSlate: Updating window title bar state: overlay mode, drag disabled, window buttons hidden, title bar hidden
[2018.08.12-04.25.28:154][  0]LogCollectionManager: Loaded 0 collections in 0.000641 seconds
[2018.08.12-04.25.28:202][  0]LogFileCache: Scanning file cache for directory 'D:/Repos/LudumDare42/RisingWaters/Saved/Collections/' took 0.01s
[2018.08.12-04.25.28:202][  0]LogFileCache: Scanning file cache for directory 'D:/Repos/LudumDare42/RisingWaters/Content/Developers/Joe/Collections/' took 0.01s
[2018.08.12-04.25.28:202][  0]LogFileCache: Scanning file cache for directory 'D:/Repos/LudumDare42/RisingWaters/Content/Collections/' took 0.01s
[2018.08.12-04.25.28:202][  0]LogCollectionManager: Rebuilt the GUID cache for 0 collections in 0.000001 seconds
[2018.08.12-04.25.28:213][  0]LogContentBrowser: Native class hierarchy populated in 0.0101 seconds. Added 2575 classes and 606 folders.
[2018.08.12-04.25.28:217][  0]LogContentBrowser: Native class hierarchy updated for 'WidgetCarousel' in 0.0004 seconds. Added 0 classes and 0 folders.
[2018.08.12-04.25.28:252][  0]LogContentBrowser: Native class hierarchy updated for 'AddContentDialog' in 0.0003 seconds. Added 0 classes and 0 folders.
[2018.08.12-04.25.28:257][  0]LogContentBrowser: Native class hierarchy updated for 'SceneOutliner' in 0.0005 seconds. Added 1 classes and 2 folders.
[2018.08.12-04.25.28:331][  0]LogSlate: Took 0.000495 seconds to synchronously load lazily loaded font '../../../Engine/Content/Slate/Fonts/Roboto-Regular.ttf' (155K)
[2018.08.12-04.25.28:333][  0]LogSlate: Took 0.000417 seconds to synchronously load lazily loaded font '../../../Engine/Content/Slate/Fonts/Roboto-Bold.ttf' (160K)
[2018.08.12-04.25.28:340][  0]LogSlate: Took 0.000371 seconds to synchronously load lazily loaded font '../../../Engine/Content/Editor/Slate/Fonts/FontAwesome.ttf' (139K)
[2018.08.12-04.25.28:439][  0]LogRenderer: Reallocating scene render targets to support 1216x568 Format 9 NumSamples 1 (Frame:1).
[2018.08.12-04.25.28:633][  0]LogContentBrowser: Native class hierarchy updated for 'HierarchicalLODOutliner' in 0.0006 seconds. Added 0 classes and 0 folders.
[2018.08.12-04.25.28:634][  0]LogLoad: (Engine Initialization) Total time: 7.88 seconds
[2018.08.12-04.25.28:634][  0]LogLoad: (Engine Initialization) Total Blueprint compile time: 0.00 seconds
[2018.08.12-04.25.28:643][  0]LogWindowsTextInputMethodSystem: Display: IME system now deactivated.
[2018.08.12-04.25.28:664][  0]LogContentStreaming: Texture pool size now 3000 MB
[2018.08.12-04.25.28:684][  0]LogSlate: Took 0.000331 seconds to synchronously load lazily loaded font '../../../Engine/Content/Slate/Fonts/Roboto-Light.ttf' (167K)
[2018.08.12-04.25.28:701][  1]LogAssetRegistry: Asset discovery search completed in 4.4950 seconds
[2018.08.12-04.25.28:703][  1]LogCollectionManager: Rebuilt the object cache for 0 collections in 0.000000 seconds (found 0 objects)
[2018.08.12-04.25.28:703][  1]LogCollectionManager: Fixed up redirectors for 0 collections in 0.000061 seconds (updated 0 objects)
[2018.08.12-04.25.53:578][932]LogSlate: FSceneViewport::OnFocusLost() reason 0
[2018.08.12-04.25.58:603][200]LogSlate: Window 'Delete Assets' being destroyed
[2018.08.12-04.25.58:619][200]LogSlate: Took 0.000180 seconds to synchronously load lazily loaded font '../../../Engine/Content/Slate/Fonts/Roboto-Light.ttf' (167K)
[2018.08.12-04.25.59:969][281]LogAssetEditorManager: Opening Asset editor for Blueprint /Game/ThirdPersonBP/Blueprints/MyVoxelActor.MyVoxelActor
[2018.08.12-04.26.00:453][281]LogContentBrowser: Native class hierarchy updated for 'BlueprintGraph' in 0.0007 seconds. Added 116 classes and 0 folders.
[2018.08.12-04.26.01:210][281]LogSlate: Took 0.000703 seconds to synchronously load lazily loaded font '../../../Engine/Content/Slate/Fonts/Roboto-BoldCondensed.ttf' (158K)
[2018.08.12-04.26.59:998][268]LogSlate: Took 0.000288 seconds to synchronously load lazily loaded font '../../../Engine/Content/Slate/Fonts/Roboto-Italic.ttf' (157K)
[2018.08.12-04.27.13:739][ 94]BlueprintLog: New page: Compile MyVoxelActor
[2018.08.12-04.27.17:782][315]LogAIModule: Creating AISystem for world test_level
[2018.08.12-04.27.17:789][315]LogAssetEditorManager: Opening Asset editor for World /Game/test_level.test_level
[2018.08.12-04.27.19:150][315]LogSlate: Window 'Save Content' being destroyed
[2018.08.12-04.27.19:160][315]Cmd: OBJ SAVEPACKAGE PACKAGE="/Game/ThirdPersonBP/Blueprints/MyVoxelActor" FILE="../../../../../Repos/LudumDare42/RisingWaters/Content/ThirdPersonBP/Blueprints/MyVoxelActor.uasset" SILENT=true
[2018.08.12-04.27.19:209][315]LogSavePackage: Moving '../../../../../Repos/LudumDare42/RisingWaters/Saved/MyVoxelActorE7D5E10E4B975542BF4B46A39E5EBFF0.tmp' to '../../../../../Repos/LudumDare42/RisingWaters/Content/ThirdPersonBP/Blueprints/MyVoxelActor.uasset'
[2018.08.12-04.27.19:212][315]Cmd: MAP LOAD FILE="../../../../../Repos/LudumDare42/RisingWaters/Content/test_level.umap" TEMPLATE=0 SHOWPROGRESS=1 FEATURELEVEL=3
[2018.08.12-04.27.19:213][315]LightingResults: New page: Lighting Build
[2018.08.12-04.27.19:213][315]LoadErrors: New page: Loading map: test_level.umap
[2018.08.12-04.27.19:216][315]MapCheck: New page: Map Check
[2018.08.12-04.27.19:216][315]LightingResults: New page: Lighting Build
[2018.08.12-04.27.19:321][315]LogEditorServer: Finished looking for orphan Actors (0.000 secs)
[2018.08.12-04.27.19:366][315]Cmd: MAP CHECKDEP NOCLEARLOG
[2018.08.12-04.27.19:416][315]MapCheck: Map check complete: 0 Error(s), 0 Warning(s), took 50.219ms to complete.
[2018.08.12-04.27.19:416][315]LogFileHelpers: Loading map 'test_level' took 0.205
[2018.08.12-04.27.21:876][463]LogTemp: Repeating last play command: Selected Viewport
[2018.08.12-04.27.21:887][463]LogPlayLevel: PlayLevel: No blueprints needed recompiling
[2018.08.12-04.27.21:903][463]PIE: New page: PIE session: test_level (Aug 11, 2018, 8:27:21 PM)
[2018.08.12-04.27.21:903][463]LogPlayLevel: Creating play world package: /Game/UEDPIE_0_test_level
[2018.08.12-04.27.21:908][463]LogPlayLevel: PIE: StaticDuplicateObject took: (0.004598s)
[2018.08.12-04.27.21:909][463]LogAIModule: Creating AISystem for world test_level
[2018.08.12-04.27.21:909][463]LogPlayLevel: PIE: World Init took: (0.000882s)
[2018.08.12-04.27.21:909][463]LogPlayLevel: PIE: Created PIE world by copying editor world from /Game/test_level.test_level to /Game/UEDPIE_0_test_level.test_level (0.005635s)
[2018.08.12-04.27.21:973][463]LogInit: XAudio2 using 'VX240M (Intel(R) Display Audio)' : 2 channels at 48 kHz using 16 bits per sample (channel mask 0x3)
[2018.08.12-04.27.21:977][463]LogInit: FAudioDevice initialized.
[2018.08.12-04.27.22:080][463]LogLoad: Game class is 'ThirdPersonGameMode_C'
[2018.08.12-04.27.22:081][463]LogWorld: Bringing World /Game/UEDPIE_0_test_level.test_level up for play (max tick rate 0) at 2018.08.12-00.27.22
[2018.08.12-04.27.22:082][463]LogWorld: Bringing up level for play took: 0.000530
[2018.08.12-04.27.22:102][463]LogContentBrowser: Native class hierarchy updated for 'MovieSceneCapture' in 0.0004 seconds. Added 10 classes and 0 folders.
[2018.08.12-04.27.22:103][463]PIE: Play in editor start time for /Game/UEDPIE_0_test_level 0.962
[2018.08.12-04.27.28:249][581]LogSlate: Updating window title bar state: overlay mode, drag disabled, window buttons hidden, title bar hidden
[2018.08.12-04.27.28:287][581]LogPlayLevel: Display: Shutting down PIE online subsystems
[2018.08.12-04.27.28:316][581]LogSlate: Updating window title bar state: overlay mode, drag disabled, window buttons hidden, title bar hidden
[2018.08.12-04.27.28:346][582]LogPlayLevel: Display: Destroying online subsystem :Context_3
[2018.08.12-04.27.45:805][169]LogSlate: FSceneViewport::OnFocusLost() reason 0
[2018.08.12-04.27.51:523][429]BlueprintLog: New page: Compile MyVoxelActor
[2018.08.12-04.27.53:064][490]LogTemp: Repeating last play command: Selected Viewport
[2018.08.12-04.27.53:093][490]LogPlayLevel: PlayLevel: No blueprints needed recompiling
[2018.08.12-04.27.53:093][490]PIE: New page: PIE session: test_level (Aug 11, 2018, 8:27:53 PM)
[2018.08.12-04.27.53:093][490]LogPlayLevel: Creating play world package: /Game/UEDPIE_0_test_level
[2018.08.12-04.27.53:097][490]LogPlayLevel: PIE: StaticDuplicateObject took: (0.004154s)
[2018.08.12-04.27.53:098][490]LogAIModule: Creating AISystem for world test_level
[2018.08.12-04.27.53:098][490]LogPlayLevel: PIE: World Init took: (0.000892s)
[2018.08.12-04.27.53:098][490]LogPlayLevel: PIE: Created PIE world by copying editor world from /Game/test_level.test_level to /Game/UEDPIE_0_test_level.test_level (0.005252s)
[2018.08.12-04.27.53:185][490]LogInit: XAudio2 using 'VX240M (Intel(R) Display Audio)' : 2 channels at 48 kHz using 16 bits per sample (channel mask 0x3)
[2018.08.12-04.27.53:193][490]LogInit: FAudioDevice initialized.
[2018.08.12-04.27.53:226][490]LogLoad: Game class is 'ThirdPersonGameMode_C'
[2018.08.12-04.27.53:227][490]LogWorld: Bringing World /Game/UEDPIE_0_test_level.test_level up for play (max tick rate 0) at 2018.08.12-00.27.53
[2018.08.12-04.27.53:227][490]LogWorld: Bringing up level for play took: 0.000550
[2018.08.12-04.27.53:242][490]PIE: Play in editor start time for /Game/UEDPIE_0_test_level 0.101
[2018.08.12-04.27.57:764][564]LogSlate: Updating window title bar state: overlay mode, drag disabled, window buttons hidden, title bar hidden
[2018.08.12-04.27.57:809][564]LogPlayLevel: Display: Shutting down PIE online subsystems
[2018.08.12-04.27.57:842][564]LogSlate: Updating window title bar state: overlay mode, drag disabled, window buttons hidden, title bar hidden
[2018.08.12-04.27.57:881][565]LogPlayLevel: Display: Destroying online subsystem :Context_4
[2018.08.12-04.27.59:601][646]LogSlate: FSceneViewport::OnFocusLost() reason 0
[2018.08.12-04.28.03:282][815]LogAssetEditorManager: Opening Asset editor for Blueprint /Game/ThirdPersonBP/Blueprints/NewThirdPersonCharacter.NewThirdPersonCharacter
[2018.08.12-04.28.09:489][ 68]LogSlate: Took 0.000269 seconds to synchronously load lazily loaded font '../../../Engine/Content/Slate/Fonts/Roboto-BoldCondensedItalic.ttf' (160K)
[2018.08.12-04.28.16:034][313]LogSlate: Window 'Change Variable Type' being destroyed
[2018.08.12-04.28.26:412][740]BlueprintLog: New page: Compile NewThirdPersonCharacter
[2018.08.12-04.28.29:150][845]LogSlate: Window 'Find in Blueprints' being destroyed
[2018.08.12-04.28.29:162][845]LogSlate: Window 'Find in Blueprints' being destroyed
[2018.08.12-04.28.32:518][990]Cmd: OBJ SAVEPACKAGE PACKAGE="/Game/ThirdPersonBP/Blueprints/MyVoxelActor" FILE="../../../../../Repos/LudumDare42/RisingWaters/Content/ThirdPersonBP/Blueprints/MyVoxelActor.uasset" SILENT=true
[2018.08.12-04.28.32:557][990]LogSavePackage: Moving '../../../../../Repos/LudumDare42/RisingWaters/Saved/MyVoxelActorEE578C47419ABE939F7F539F2C983560.tmp' to '../../../../../Repos/LudumDare42/RisingWaters/Content/ThirdPersonBP/Blueprints/MyVoxelActor.uasset'
[2018.08.12-04.28.32:685][990]LogSavePackage: Moving '../../../../../Repos/LudumDare42/RisingWaters/Saved/NewThirdPersonCharacter7948E63C4151494C6D819A92D8E406E4.tmp' to '../../../../../Repos/LudumDare42/RisingWaters/Content/ThirdPersonBP/Blueprints/NewThirdPersonCharacter.uasset'
[2018.08.12-04.28.34:691][ 82]LogTemp: Repeating last play command: Selected Viewport
[2018.08.12-04.28.34:720][ 82]LogPlayLevel: PlayLevel: No blueprints needed recompiling
[2018.08.12-04.28.34:721][ 82]PIE: New page: PIE session: test_level (Aug 11, 2018, 8:28:34 PM)
[2018.08.12-04.28.34:721][ 82]LogPlayLevel: Creating play world package: /Game/UEDPIE_0_test_level
[2018.08.12-04.28.34:723][ 82]LogPlayLevel: PIE: StaticDuplicateObject took: (0.002551s)
[2018.08.12-04.28.34:724][ 82]LogAIModule: Creating AISystem for world test_level
[2018.08.12-04.28.34:725][ 82]LogPlayLevel: PIE: World Init took: (0.001158s)
[2018.08.12-04.28.34:725][ 82]LogPlayLevel: PIE: Created PIE world by copying editor world from /Game/test_level.test_level to /Game/UEDPIE_0_test_level.test_level (0.004025s)
[2018.08.12-04.28.34:791][ 82]LogInit: XAudio2 using 'VX240M (Intel(R) Display Audio)' : 2 channels at 48 kHz using 16 bits per sample (channel mask 0x3)
[2018.08.12-04.28.34:795][ 82]LogInit: FAudioDevice initialized.
[2018.08.12-04.28.34:832][ 82]LogLoad: Game class is 'ThirdPersonGameMode_C'
[2018.08.12-04.28.34:834][ 82]LogWorld: Bringing World /Game/UEDPIE_0_test_level.test_level up for play (max tick rate 0) at 2018.08.12-00.28.34
[2018.08.12-04.28.34:834][ 82]LogWorld: Bringing up level for play took: 0.001179
[2018.08.12-04.28.34:849][ 82]PIE: Play in editor start time for /Game/UEDPIE_0_test_level -0.293
[2018.08.12-04.28.48:326][307]LogSlate: Updating window title bar state: overlay mode, drag disabled, window buttons hidden, title bar hidden
[2018.08.12-04.28.48:367][307]LogPlayLevel: Display: Shutting down PIE online subsystems
[2018.08.12-04.28.48:411][307]LogSlate: Updating window title bar state: overlay mode, drag disabled, window buttons hidden, title bar hidden
[2018.08.12-04.28.48:448][308]LogPlayLevel: Display: Destroying online subsystem :Context_7
[2018.08.12-04.28.51:933][463]LogSlate: FSceneViewport::OnFocusLost() reason 0
[2018.08.12-04.28.56:735][674]BlueprintLog: New page: Compile NewThirdPersonCharacter
[2018.08.12-04.28.58:781][753]LogTemp: Repeating last play command: Selected Viewport
[2018.08.12-04.28.58:811][753]LogPlayLevel: PlayLevel: No blueprints needed recompiling
[2018.08.12-04.28.58:811][753]PIE: New page: PIE session: test_level (Aug 11, 2018, 8:28:58 PM)
[2018.08.12-04.28.58:811][753]LogPlayLevel: Creating play world package: /Game/UEDPIE_0_test_level
[2018.08.12-04.28.58:815][753]LogPlayLevel: PIE: StaticDuplicateObject took: (0.003311s)
[2018.08.12-04.28.58:815][753]LogAIModule: Creating AISystem for world test_level
[2018.08.12-04.28.58:815][753]LogPlayLevel: PIE: World Init took: (0.000731s)
[2018.08.12-04.28.58:815][753]LogPlayLevel: PIE: Created PIE world by copying editor world from /Game/test_level.test_level to /Game/UEDPIE_0_test_level.test_level (0.004175s)
[2018.08.12-04.28.58:899][753]LogInit: XAudio2 using 'VX240M (Intel(R) Display Audio)' : 2 channels at 48 kHz using 16 bits per sample (channel mask 0x3)
[2018.08.12-04.28.58:906][753]LogInit: FAudioDevice initialized.
[2018.08.12-04.28.58:937][753]LogLoad: Game class is 'ThirdPersonGameMode_C'
[2018.08.12-04.28.58:938][753]LogWorld: Bringing World /Game/UEDPIE_0_test_level.test_level up for play (max tick rate 0) at 2018.08.12-00.28.58
[2018.08.12-04.28.58:939][753]LogWorld: Bringing up level for play took: 0.000754
[2018.08.12-04.28.58:956][753]PIE: Play in editor start time for /Game/UEDPIE_0_test_level -0.185
[2018.08.12-04.29.16:840][ 51]LogSlate: Updating window title bar state: overlay mode, drag disabled, window buttons hidden, title bar hidden
[2018.08.12-04.29.16:886][ 51]LogPlayLevel: Display: Shutting down PIE online subsystems
[2018.08.12-04.29.16:935][ 51]LogSlate: Updating window title bar state: overlay mode, drag disabled, window buttons hidden, title bar hidden
[2018.08.12-04.29.16:992][ 52]LogPlayLevel: Display: Destroying online subsystem :Context_8
[2018.08.12-04.29.18:178][101]LogSlate: FSceneViewport::OnFocusLost() reason 0
[2018.08.12-04.30.04:207][473]BlueprintLog: New page: Compile NewThirdPersonCharacter
[2018.08.12-04.30.05:761][547]LogTemp: Repeating last play command: Selected Viewport
[2018.08.12-04.30.05:786][547]LogPlayLevel: PlayLevel: No blueprints needed recompiling
[2018.08.12-04.30.05:787][547]PIE: New page: PIE session: test_level (Aug 11, 2018, 8:30:05 PM)
[2018.08.12-04.30.05:788][547]LogPlayLevel: Creating play world package: /Game/UEDPIE_0_test_level
[2018.08.12-04.30.05:792][547]LogPlayLevel: PIE: StaticDuplicateObject took: (0.003848s)
[2018.08.12-04.30.05:792][547]LogAIModule: Creating AISystem for world test_level
[2018.08.12-04.30.05:793][547]LogPlayLevel: PIE: World Init took: (0.000910s)
[2018.08.12-04.30.05:793][547]LogPlayLevel: PIE: Created PIE world by copying editor world from /Game/test_level.test_level to /Game/UEDPIE_0_test_level.test_level (0.004962s)
[2018.08.12-04.30.05:856][547]LogInit: XAudio2 using 'VX240M (Intel(R) Display Audio)' : 2 channels at 48 kHz using 16 bits per sample (channel mask 0x3)
[2018.08.12-04.30.05:861][547]LogInit: FAudioDevice initialized.
[2018.08.12-04.30.05:893][547]LogLoad: Game class is 'ThirdPersonGameMode_C'
[2018.08.12-04.30.05:894][547]LogWorld: Bringing World /Game/UEDPIE_0_test_level.test_level up for play (max tick rate 0) at 2018.08.12-00.30.05
[2018.08.12-04.30.05:894][547]LogWorld: Bringing up level for play took: 0.000582
[2018.08.12-04.30.05:908][547]PIE: Play in editor start time for /Game/UEDPIE_0_test_level 0.767
[2018.08.12-04.30.10:641][630]LogSlate: Updating window title bar state: overlay mode, drag disabled, window buttons hidden, title bar hidden
[2018.08.12-04.30.10:673][630]LogPlayLevel: Display: Shutting down PIE online subsystems
[2018.08.12-04.30.10:706][630]LogSlate: Updating window title bar state: overlay mode, drag disabled, window buttons hidden, title bar hidden
[2018.08.12-04.30.10:735][631]LogPlayLevel: Display: Destroying online subsystem :Context_9
[2018.08.12-04.30.13:565][792]LogSlate: FSceneViewport::OnFocusLost() reason 0
[2018.08.12-04.30.27:406][600]BlueprintLog: New page: Compile NewThirdPersonCharacter
[2018.08.12-04.30.29:139][684]LogTemp: Repeating last play command: Selected Viewport
[2018.08.12-04.30.29:164][684]LogPlayLevel: PlayLevel: No blueprints needed recompiling
[2018.08.12-04.30.29:164][684]PIE: New page: PIE session: test_level (Aug 11, 2018, 8:30:29 PM)
[2018.08.12-04.30.29:164][684]LogPlayLevel: Creating play world package: /Game/UEDPIE_0_test_level
[2018.08.12-04.30.29:168][684]LogPlayLevel: PIE: StaticDuplicateObject took: (0.003499s)
[2018.08.12-04.30.29:168][684]LogAIModule: Creating AISystem for world test_level
[2018.08.12-04.30.29:169][684]LogPlayLevel: PIE: World Init took: (0.001003s)
[2018.08.12-04.30.29:169][684]LogPlayLevel: PIE: Created PIE world by copying editor world from /Game/test_level.test_level to /Game/UEDPIE_0_test_level.test_level (0.004726s)
[2018.08.12-04.30.29:238][684]LogInit: XAudio2 using 'VX240M (Intel(R) Display Audio)' : 2 channels at 48 kHz using 16 bits per sample (channel mask 0x3)
[2018.08.12-04.30.29:242][684]LogInit: FAudioDevice initialized.
[2018.08.12-04.30.29:275][684]LogLoad: Game class is 'ThirdPersonGameMode_C'
[2018.08.12-04.30.29:275][684]LogWorld: Bringing World /Game/UEDPIE_0_test_level.test_level up for play (max tick rate 0) at 2018.08.12-00.30.29
[2018.08.12-04.30.29:276][684]LogWorld: Bringing up level for play took: 0.000514
[2018.08.12-04.30.29:289][684]PIE: Play in editor start time for /Game/UEDPIE_0_test_level 0.148
[2018.08.12-04.30.38:891][752]LogSlate: Updating window title bar state: overlay mode, drag disabled, window buttons hidden, title bar hidden
[2018.08.12-04.30.38:930][752]LogPlayLevel: Display: Shutting down PIE online subsystems
[2018.08.12-04.30.38:967][752]LogSlate: Updating window title bar state: overlay mode, drag disabled, window buttons hidden, title bar hidden
[2018.08.12-04.30.39:020][753]LogPlayLevel: Display: Destroying online subsystem :Context_10
[2018.08.12-04.30.41:263][874]LogSlate: FSceneViewport::OnFocusLost() reason 0
[2018.08.12-04.30.43:881][ 25]LogTemp: Repeating last play command: Selected Viewport
[2018.08.12-04.30.43:903][ 25]BlueprintLog: New page: Pre-Play auto-recompile
[2018.08.12-04.30.43:930][ 25]LogPlayLevel: [PlayLevel] Compiling NewThirdPersonCharacter before play...
[2018.08.12-04.30.44:107][ 25]LogPlayLevel: PlayLevel: Blueprint regeneration took 203 ms (1 blueprints)
[2018.08.12-04.30.44:107][ 25]PIE: New page: PIE session: test_level (Aug 11, 2018, 8:30:44 PM)
[2018.08.12-04.30.44:107][ 25]LogPlayLevel: Creating play world package: /Game/UEDPIE_0_test_level
[2018.08.12-04.30.44:110][ 25]LogPlayLevel: PIE: StaticDuplicateObject took: (0.002601s)
[2018.08.12-04.30.44:110][ 25]LogAIModule: Creating AISystem for world test_level
[2018.08.12-04.30.44:110][ 25]LogPlayLevel: PIE: World Init took: (0.000606s)
[2018.08.12-04.30.44:110][ 25]LogPlayLevel: PIE: Created PIE world by copying editor world from /Game/test_level.test_level to /Game/UEDPIE_0_test_level.test_level (0.003309s)
[2018.08.12-04.30.44:168][ 25]LogInit: XAudio2 using 'VX240M (Intel(R) Display Audio)' : 2 channels at 48 kHz using 16 bits per sample (channel mask 0x3)
[2018.08.12-04.30.44:172][ 25]LogInit: FAudioDevice initialized.
[2018.08.12-04.30.44:204][ 25]LogLoad: Game class is 'ThirdPersonGameMode_C'
[2018.08.12-04.30.44:205][ 25]LogWorld: Bringing World /Game/UEDPIE_0_test_level.test_level up for play (max tick rate 0) at 2018.08.12-00.30.44
[2018.08.12-04.30.44:205][ 25]LogWorld: Bringing up level for play took: 0.000444
[2018.08.12-04.30.44:218][ 25]PIE: Play in editor start time for /Game/UEDPIE_0_test_level 1.078
[2018.08.12-04.30.46:179][ 48]LogSlate: Updating window title bar state: overlay mode, drag disabled, window buttons hidden, title bar hidden
[2018.08.12-04.30.46:216][ 48]LogPlayLevel: Display: Shutting down PIE online subsystems
[2018.08.12-04.30.46:247][ 48]LogSlate: Updating window title bar state: overlay mode, drag disabled, window buttons hidden, title bar hidden
[2018.08.12-04.30.46:273][ 49]LogPlayLevel: Display: Destroying online subsystem :Context_11
[2018.08.12-04.30.50:436][283]LogTemp: Repeating last play command: Selected Viewport
[2018.08.12-04.30.50:460][283]LogPlayLevel: PlayLevel: No blueprints needed recompiling
[2018.08.12-04.30.50:460][283]PIE: New page: PIE session: test_level (Aug 11, 2018, 8:30:50 PM)
[2018.08.12-04.30.50:460][283]LogPlayLevel: Creating play world package: /Game/UEDPIE_0_test_level
[2018.08.12-04.30.50:463][283]LogPlayLevel: PIE: StaticDuplicateObject took: (0.003246s)
[2018.08.12-04.30.50:464][283]LogAIModule: Creating AISystem for world test_level
[2018.08.12-04.30.50:464][283]LogPlayLevel: PIE: World Init took: (0.000985s)
[2018.08.12-04.30.50:464][283]LogPlayLevel: PIE: Created PIE world by copying editor world from /Game/test_level.test_level to /Game/UEDPIE_0_test_level.test_level (0.004368s)
[2018.08.12-04.30.50:541][283]LogInit: XAudio2 using 'VX240M (Intel(R) Display Audio)' : 2 channels at 48 kHz using 16 bits per sample (channel mask 0x3)
[2018.08.12-04.30.50:547][283]LogInit: FAudioDevice initialized.
[2018.08.12-04.30.50:577][283]LogLoad: Game class is 'ThirdPersonGameMode_C'
[2018.08.12-04.30.50:577][283]LogWorld: Bringing World /Game/UEDPIE_0_test_level.test_level up for play (max tick rate 0) at 2018.08.12-00.30.50
[2018.08.12-04.30.50:577][283]LogWorld: Bringing up level for play took: 0.000472
[2018.08.12-04.30.50:590][283]PIE: Play in editor start time for /Game/UEDPIE_0_test_level -0.551
[2018.08.12-04.31.37:642][977]LogSlate: Updating window title bar state: overlay mode, drag disabled, window buttons hidden, title bar hidden
[2018.08.12-04.31.37:686][977]LogPlayLevel: Display: Shutting down PIE online subsystems
[2018.08.12-04.31.37:727][977]LogSlate: Updating window title bar state: overlay mode, drag disabled, window buttons hidden, title bar hidden
[2018.08.12-04.31.37:844][978]LogPlayLevel: Display: Destroying online subsystem :Context_12
[2018.08.12-04.31.40:402][118]LogSlate: FSceneViewport::OnFocusLost() reason 0
[2018.08.12-04.31.45:867][441]BlueprintLog: New page: Compile MyVoxelActor
[2018.08.12-04.31.47:625][531]LogTemp: Repeating last play command: Selected Viewport
[2018.08.12-04.31.47:649][531]LogPlayLevel: PlayLevel: No blueprints needed recompiling
[2018.08.12-04.31.47:649][531]PIE: New page: PIE session: test_level (Aug 11, 2018, 8:31:47 PM)
[2018.08.12-04.31.47:650][531]LogPlayLevel: Creating play world package: /Game/UEDPIE_0_test_level
[2018.08.12-04.31.47:654][531]LogPlayLevel: PIE: StaticDuplicateObject took: (0.004276s)
[2018.08.12-04.31.47:654][531]LogAIModule: Creating AISystem for world test_level
[2018.08.12-04.31.47:655][531]LogPlayLevel: PIE: World Init took: (0.000920s)
[2018.08.12-04.31.47:655][531]LogPlayLevel: PIE: Created PIE world by copying editor world from /Game/test_level.test_level to /Game/UEDPIE_0_test_level.test_level (0.005350s)
[2018.08.12-04.31.47:728][531]LogInit: XAudio2 using 'VX240M (Intel(R) Display Audio)' : 2 channels at 48 kHz using 16 bits per sample (channel mask 0x3)
[2018.08.12-04.31.47:732][531]LogInit: FAudioDevice initialized.
[2018.08.12-04.31.47:764][531]LogLoad: Game class is 'ThirdPersonGameMode_C'
[2018.08.12-04.31.47:765][531]LogWorld: Bringing World /Game/UEDPIE_0_test_level.test_level up for play (max tick rate 0) at 2018.08.12-00.31.47
[2018.08.12-04.31.47:765][531]LogWorld: Bringing up level for play took: 0.000460
[2018.08.12-04.31.47:779][531]PIE: Play in editor start time for /Game/UEDPIE_0_test_level 0.638
[2018.08.12-04.32.10:164][847]LogSlate: Updating window title bar state: overlay mode, drag disabled, window buttons hidden, title bar hidden
[2018.08.12-04.32.10:200][847]LogPlayLevel: Display: Shutting down PIE online subsystems
[2018.08.12-04.32.10:233][847]LogSlate: Updating window title bar state: overlay mode, drag disabled, window buttons hidden, title bar hidden
[2018.08.12-04.32.10:267][848]LogPlayLevel: Display: Destroying online subsystem :Context_13
[2018.08.12-04.32.59:449][153]LogSlate: FSceneViewport::OnFocusLost() reason 0
[2018.08.12-04.36.58:338][174]BlueprintLog: New page: Compile MyVoxelActor
[2018.08.12-04.37.00:578][297]LogTemp: Repeating last play command: Selected Viewport
[2018.08.12-04.37.00:604][297]LogPlayLevel: PlayLevel: No blueprints needed recompiling
[2018.08.12-04.37.00:604][297]PIE: New page: PIE session: test_level (Aug 11, 2018, 8:37:00 PM)
[2018.08.12-04.37.00:604][297]LogPlayLevel: Creating play world package: /Game/UEDPIE_0_test_level
[2018.08.12-04.37.00:609][297]LogPlayLevel: PIE: StaticDuplicateObject took: (0.004827s)
[2018.08.12-04.37.00:611][297]LogAIModule: Creating AISystem for world test_level
[2018.08.12-04.37.00:611][297]LogPlayLevel: PIE: World Init took: (0.001742s)
[2018.08.12-04.37.00:611][297]LogPlayLevel: PIE: Created PIE world by copying editor world from /Game/test_level.test_level to /Game/UEDPIE_0_test_level.test_level (0.007162s)
[2018.08.12-04.37.00:676][297]LogInit: XAudio2 using 'VX240M (Intel(R) Display Audio)' : 2 channels at 48 kHz using 16 bits per sample (channel mask 0x3)
[2018.08.12-04.37.00:681][297]LogInit: FAudioDevice initialized.
[2018.08.12-04.37.00:711][297]LogLoad: Game class is 'ThirdPersonGameMode_C'
[2018.08.12-04.37.00:712][297]LogWorld: Bringing World /Game/UEDPIE_0_test_level.test_level up for play (max tick rate 0) at 2018.08.12-00.37.00
[2018.08.12-04.37.00:712][297]LogWorld: Bringing up level for play took: 0.000575
[2018.08.12-04.37.00:726][297]PIE: Play in editor start time for /Game/UEDPIE_0_test_level -0.415
[2018.08.12-04.37.19:743][524]LogSlate: Updating window title bar state: overlay mode, drag disabled, window buttons hidden, title bar hidden
[2018.08.12-04.37.19:778][524]LogPlayLevel: Display: Shutting down PIE online subsystems
[2018.08.12-04.37.19:816][524]LogSlate: Updating window title bar state: overlay mode, drag disabled, window buttons hidden, title bar hidden
[2018.08.12-04.37.19:862][525]LogPlayLevel: Display: Destroying online subsystem :Context_14
[2018.08.12-04.37.21:964][649]LogSlate: FSceneViewport::OnFocusLost() reason 0
[2018.08.12-04.37.37:514][627]BlueprintLog: New page: Compile MyVoxelActor
[2018.08.12-04.37.39:147][715]LogTemp: Repeating last play command: Selected Viewport
[2018.08.12-04.37.39:176][715]LogPlayLevel: PlayLevel: No blueprints needed recompiling
[2018.08.12-04.37.39:176][715]PIE: New page: PIE session: test_level (Aug 11, 2018, 8:37:39 PM)
[2018.08.12-04.37.39:176][715]LogPlayLevel: Creating play world package: /Game/UEDPIE_0_test_level
[2018.08.12-04.37.39:179][715]LogPlayLevel: PIE: StaticDuplicateObject took: (0.003334s)
[2018.08.12-04.37.39:180][715]LogAIModule: Creating AISystem for world test_level
[2018.08.12-04.37.39:180][715]LogPlayLevel: PIE: World Init took: (0.000934s)
[2018.08.12-04.37.39:181][715]LogPlayLevel: PIE: Created PIE world by copying editor world from /Game/test_level.test_level to /Game/UEDPIE_0_test_level.test_level (0.004397s)
[2018.08.12-04.37.39:248][715]LogInit: XAudio2 using 'VX240M (Intel(R) Display Audio)' : 2 channels at 48 kHz using 16 bits per sample (channel mask 0x3)
[2018.08.12-04.37.39:253][715]LogInit: FAudioDevice initialized.
[2018.08.12-04.37.39:285][715]LogLoad: Game class is 'ThirdPersonGameMode_C'
[2018.08.12-04.37.39:287][715]LogWorld: Bringing World /Game/UEDPIE_0_test_level.test_level up for play (max tick rate 0) at 2018.08.12-00.37.39
[2018.08.12-04.37.39:287][715]LogWorld: Bringing up level for play took: 0.000651
[2018.08.12-04.37.39:300][715]PIE: Play in editor start time for /Game/UEDPIE_0_test_level 0.159
[2018.08.12-04.38.02:865][  4]LogSlate: Updating window title bar state: overlay mode, drag disabled, window buttons hidden, title bar hidden
[2018.08.12-04.38.02:904][  4]LogPlayLevel: Display: Shutting down PIE online subsystems
[2018.08.12-04.38.02:943][  4]LogSlate: Updating window title bar state: overlay mode, drag disabled, window buttons hidden, title bar hidden
[2018.08.12-04.38.02:984][  5]LogPlayLevel: Display: Destroying online subsystem :Context_15
[2018.08.12-04.38.05:919][193]LogSlate: FSceneViewport::OnFocusLost() reason 0
[2018.08.12-04.38.10:599][501]BlueprintLog: New page: Compile MyVoxelActor
[2018.08.12-04.38.12:431][605]LogTemp: Repeating last play command: Selected Viewport
[2018.08.12-04.38.12:459][605]LogPlayLevel: PlayLevel: No blueprints needed recompiling
[2018.08.12-04.38.12:459][605]PIE: New page: PIE session: test_level (Aug 11, 2018, 8:38:12 PM)
[2018.08.12-04.38.12:460][605]LogPlayLevel: Creating play world package: /Game/UEDPIE_0_test_level
[2018.08.12-04.38.12:463][605]LogPlayLevel: PIE: StaticDuplicateObject took: (0.003300s)
[2018.08.12-04.38.12:463][605]LogAIModule: Creating AISystem for world test_level
[2018.08.12-04.38.12:464][605]LogPlayLevel: PIE: World Init took: (0.000769s)
[2018.08.12-04.38.12:464][605]LogPlayLevel: PIE: Created PIE world by copying editor world from /Game/test_level.test_level to /Game/UEDPIE_0_test_level.test_level (0.004206s)
[2018.08.12-04.38.12:531][605]LogInit: XAudio2 using 'VX240M (Intel(R) Display Audio)' : 2 channels at 48 kHz using 16 bits per sample (channel mask 0x3)
[2018.08.12-04.38.12:535][605]LogInit: FAudioDevice initialized.
[2018.08.12-04.38.12:568][605]LogLoad: Game class is 'ThirdPersonGameMode_C'
[2018.08.12-04.38.12:569][605]LogWorld: Bringing World /Game/UEDPIE_0_test_level.test_level up for play (max tick rate 0) at 2018.08.12-00.38.12
[2018.08.12-04.38.12:569][605]LogWorld: Bringing up level for play took: 0.000475
[2018.08.12-04.38.12:583][605]PIE: Play in editor start time for /Game/UEDPIE_0_test_level -0.558
[2018.08.12-04.38.32:530][897]LogSlate: Updating window title bar state: overlay mode, drag disabled, window buttons hidden, title bar hidden
[2018.08.12-04.38.32:569][897]LogPlayLevel: Display: Shutting down PIE online subsystems
[2018.08.12-04.38.32:604][897]LogSlate: Updating window title bar state: overlay mode, drag disabled, window buttons hidden, title bar hidden
[2018.08.12-04.38.32:644][898]LogPlayLevel: Display: Destroying online subsystem :Context_16
[2018.08.12-04.38.33:867][974]LogSlate: FSceneViewport::OnFocusLost() reason 0
[2018.08.12-04.38.38:154][251]BlueprintLog: New page: Compile MyVoxelActor
[2018.08.12-04.38.40:104][361]LogTemp: Repeating last play command: Selected Viewport
[2018.08.12-04.38.40:127][361]LogPlayLevel: PlayLevel: No blueprints needed recompiling
[2018.08.12-04.38.40:128][361]PIE: New page: PIE session: test_level (Aug 11, 2018, 8:38:40 PM)
[2018.08.12-04.38.40:128][361]LogPlayLevel: Creating play world package: /Game/UEDPIE_0_test_level
[2018.08.12-04.38.40:131][361]LogPlayLevel: PIE: StaticDuplicateObject took: (0.003392s)
[2018.08.12-04.38.40:132][361]LogAIModule: Creating AISystem for world test_level
[2018.08.12-04.38.40:133][361]LogPlayLevel: PIE: World Init took: (0.001305s)
[2018.08.12-04.38.40:133][361]LogPlayLevel: PIE: Created PIE world by copying editor world from /Game/test_level.test_level to /Game/UEDPIE_0_test_level.test_level (0.004877s)
[2018.08.12-04.38.40:199][361]LogInit: XAudio2 using 'VX240M (Intel(R) Display Audio)' : 2 channels at 48 kHz using 16 bits per sample (channel mask 0x3)
[2018.08.12-04.38.40:204][361]LogInit: FAudioDevice initialized.
[2018.08.12-04.38.40:237][361]LogLoad: Game class is 'ThirdPersonGameMode_C'
[2018.08.12-04.38.40:238][361]LogWorld: Bringing World /Game/UEDPIE_0_test_level.test_level up for play (max tick rate 0) at 2018.08.12-00.38.40
[2018.08.12-04.38.40:238][361]LogWorld: Bringing up level for play took: 0.000638
[2018.08.12-04.38.40:251][361]PIE: Play in editor start time for /Game/UEDPIE_0_test_level 1.11
[2018.08.12-04.39.04:862][719]LogSlate: Updating window title bar state: overlay mode, drag disabled, window buttons hidden, title bar hidden
[2018.08.12-04.39.04:899][719]LogPlayLevel: Display: Shutting down PIE online subsystems
[2018.08.12-04.39.04:942][719]LogSlate: Updating window title bar state: overlay mode, drag disabled, window buttons hidden, title bar hidden
[2018.08.12-04.39.04:987][720]LogPlayLevel: Display: Destroying online subsystem :Context_17
[2018.08.12-04.40.14:263][987]LogSlate: FSceneViewport::OnFocusLost() reason 0
[2018.08.12-04.40.29:828][612]BlueprintLog: New page: Compile MyVoxelActor
[2018.08.12-04.40.32:349][701]LogTemp: Repeating last play command: Selected Viewport
[2018.08.12-04.40.32:378][701]LogPlayLevel: PlayLevel: No blueprints needed recompiling
[2018.08.12-04.40.32:378][701]PIE: New page: PIE session: test_level (Aug 11, 2018, 8:40:32 PM)
[2018.08.12-04.40.32:378][701]LogPlayLevel: Creating play world package: /Game/UEDPIE_0_test_level
[2018.08.12-04.40.32:382][701]LogPlayLevel: PIE: StaticDuplicateObject took: (0.003634s)
[2018.08.12-04.40.32:383][701]LogAIModule: Creating AISystem for world test_level
[2018.08.12-04.40.32:383][701]LogPlayLevel: PIE: World Init took: (0.001122s)
[2018.08.12-04.40.32:383][701]LogPlayLevel: PIE: Created PIE world by copying editor world from /Game/test_level.test_level to /Game/UEDPIE_0_test_level.test_level (0.004906s)
[2018.08.12-04.40.32:484][701]LogInit: XAudio2 using 'VX240M (Intel(R) Display Audio)' : 2 channels at 48 kHz using 16 bits per sample (channel mask 0x3)
[2018.08.12-04.40.32:490][701]LogInit: FAudioDevice initialized.
[2018.08.12-04.40.32:530][701]LogLoad: Game class is 'ThirdPersonGameMode_C'
[2018.08.12-04.40.32:531][701]LogWorld: Bringing World /Game/UEDPIE_0_test_level.test_level up for play (max tick rate 0) at 2018.08.12-00.40.32
[2018.08.12-04.40.32:531][701]LogWorld: Bringing up level for play took: 0.000647
[2018.08.12-04.40.32:546][701]PIE: Play in editor start time for /Game/UEDPIE_0_test_level -0.595
[2018.08.12-04.41.47:840][698]LogSlate: Updating window title bar state: overlay mode, drag disabled, window buttons hidden, title bar hidden
[2018.08.12-04.41.47:893][698]LogPlayLevel: Display: Shutting down PIE online subsystems
[2018.08.12-04.41.47:961][698]LogSlate: Updating window title bar state: overlay mode, drag disabled, window buttons hidden, title bar hidden
[2018.08.12-04.41.48:066][699]LogPlayLevel: Display: Destroying online subsystem :Context_18
[2018.08.12-04.42.17:471][591]LogFileHelpers: Editor autosave (incl. sublevels) for '/Game/test_level' took 0.047
[2018.08.12-04.42.17:484][591]OBJ SavePackage: Generating thumbnails for [0] asset(s) in package [/Game/ThirdPersonBP/Blueprints/MyVoxelActor] ([1] browsable assets)...
[2018.08.12-04.42.17:484][591]OBJ SavePackage: Finished generating thumbnails for package [/Game/ThirdPersonBP/Blueprints/MyVoxelActor]
[2018.08.12-04.42.17:555][591]LogSavePackage: Moving '../../../../../Repos/LudumDare42/RisingWaters/Saved/MyVoxelActor_Auto10F7DA9DC4BB21AFCC72E7984C551A4A2.tmp' to '../../../../../Repos/LudumDare42/RisingWaters/Saved/Autosaves/Game/ThirdPersonBP/Blueprints/MyVoxelActor_Auto1.uasset'
[2018.08.12-04.42.17:559][591]OBJ SavePackage: Generating thumbnails for [1] asset(s) in package [/Game/ThirdPersonBP/Blueprints/NewThirdPersonCharacter] ([1] browsable assets)...
[2018.08.12-04.42.17:587][591]OBJ SavePackage:     Rendered thumbnail for [Blueprint /Game/ThirdPersonBP/Blueprints/NewThirdPersonCharacter.NewThirdPersonCharacter]
[2018.08.12-04.42.17:587][591]OBJ SavePackage: Finished generating thumbnails for package [/Game/ThirdPersonBP/Blueprints/NewThirdPersonCharacter]
[2018.08.12-04.42.17:707][591]LogSavePackage: Moving '../../../../../Repos/LudumDare42/RisingWaters/Saved/NewThirdPersonCharacter_Auto1AA6861F44451B7E00F7F9B9B4894DF7C.tmp' to '../../../../../Repos/LudumDare42/RisingWaters/Saved/Autosaves/Game/ThirdPersonBP/Blueprints/NewThirdPersonCharacter_Auto1.uasset'
[2018.08.12-04.42.17:709][591]LogFileHelpers: Auto-saving content packages took 0.238
[2018.08.12-04.42.21:214][603]LogSlate: FSceneViewport::OnFocusLost() reason 0
[2018.08.12-04.43.45:775][640]BlueprintLog: New page: Compile MyVoxelActor
[2018.08.12-04.43.47:853][745]LogTemp: Repeating last play command: Selected Viewport
[2018.08.12-04.43.47:880][745]LogPlayLevel: PlayLevel: No blueprints needed recompiling
[2018.08.12-04.43.47:881][745]PIE: New page: PIE session: test_level (Aug 11, 2018, 8:43:47 PM)
[2018.08.12-04.43.47:881][745]LogPlayLevel: Creating play world package: /Game/UEDPIE_0_test_level
[2018.08.12-04.43.47:884][745]LogPlayLevel: PIE: StaticDuplicateObject took: (0.003708s)
[2018.08.12-04.43.47:885][745]LogAIModule: Creating AISystem for world test_level
[2018.08.12-04.43.47:886][745]LogPlayLevel: PIE: World Init took: (0.001189s)
[2018.08.12-04.43.47:886][745]LogPlayLevel: PIE: Created PIE world by copying editor world from /Game/test_level.test_level to /Game/UEDPIE_0_test_level.test_level (0.005037s)
[2018.08.12-04.43.47:953][745]LogInit: XAudio2 using 'VX240M (Intel(R) Display Audio)' : 2 channels at 48 kHz using 16 bits per sample (channel mask 0x3)
[2018.08.12-04.43.47:957][745]LogInit: FAudioDevice initialized.
[2018.08.12-04.43.47:990][745]LogLoad: Game class is 'ThirdPersonGameMode_C'
[2018.08.12-04.43.47:991][745]LogWorld: Bringing World /Game/UEDPIE_0_test_level.test_level up for play (max tick rate 0) at 2018.08.12-00.43.47
[2018.08.12-04.43.47:992][745]LogWorld: Bringing up level for play took: 0.000728
[2018.08.12-04.43.48:005][745]PIE: Play in editor start time for /Game/UEDPIE_0_test_level 0.864
[2018.08.12-04.44.58:206][863]LogSlate: Updating window title bar state: overlay mode, drag disabled, window buttons hidden, title bar hidden
[2018.08.12-04.44.58:250][863]LogPlayLevel: Display: Shutting down PIE online subsystems
[2018.08.12-04.44.58:309][863]LogSlate: Updating window title bar state: overlay mode, drag disabled, window buttons hidden, title bar hidden
[2018.08.12-04.44.58:438][864]LogPlayLevel: Display: Destroying online subsystem :Context_19
[2018.08.12-04.45.01:426][ 26]LogSlate: FSceneViewport::OnFocusLost() reason 2
[2018.08.12-04.45.02:954][107]LogSlate: FSceneViewport::OnFocusLost() reason 2
[2018.08.12-04.45.02:968][107]Cmd: OBJ SAVEPACKAGE PACKAGE="/Game/ThirdPersonBP/Blueprints/MyVoxelActor" FILE="../../../../../Repos/LudumDare42/RisingWaters/Content/ThirdPersonBP/Blueprints/MyVoxelActor.uasset" SILENT=true
[2018.08.12-04.45.03:022][107]LogSavePackage: Moving '../../../../../Repos/LudumDare42/RisingWaters/Saved/MyVoxelActor10A80A6B4DCFC7B898542382C0373C51.tmp' to '../../../../../Repos/LudumDare42/RisingWaters/Content/ThirdPersonBP/Blueprints/MyVoxelActor.uasset'
[2018.08.12-04.45.03:141][107]LogSavePackage: Moving '../../../../../Repos/LudumDare42/RisingWaters/Saved/NewThirdPersonCharacter533CFAD44BA4352795BA10B5DF06C1D8.tmp' to '../../../../../Repos/LudumDare42/RisingWaters/Content/ThirdPersonBP/Blueprints/NewThirdPersonCharacter.uasset'
[2018.08.12-04.45.04:097][160]LogSlate: FSceneViewport::OnFocusLost() reason 0
[2018.08.12-04.45.04:837][194]LogSlate: Window 'NewThirdPersonCharacter' being destroyed
[2018.08.12-04.45.04:842][194]LogActorComponent: UnregisterComponent: (/Engine/Transient.EditorFloorComp) Not registered. Aborting.
[2018.08.12-04.45.04:898][194]LogSlate: Window 'RisingWaters - Unreal Editor' being destroyed
[2018.08.12-04.45.04:899][194]LogWindowsTextInputMethodSystem: Display: IME system now deactivated.
[2018.08.12-04.45.05:144][195]Cmd: QUIT_EDITOR
[2018.08.12-04.45.05:721][195]LogExit: Preparing to exit.
[2018.08.12-04.45.06:017][195]LogExit: Editor shut down
[2018.08.12-04.45.06:018][195]LogExit: Transaction tracking system shut down
[2018.08.12-04.45.06:649][195]LogExit: Object subsystem successfully closed.
[2018.08.12-04.45.06:674][195]LogShaderCompilers: Display: Shaders left to compile 0
[2018.08.12-04.45.06:679][195]LogD3D11RHI: Shutdown
[2018.08.12-04.45.06:679][195]LogD3D11RHI: CleanupD3DDevice
[2018.08.12-04.45.06:681][195]LogD3D11RHI: ~FD3D11DynamicRHI
[2018.08.12-04.45.06:707][195]LogModuleManager: Shutting down and abandoning module MovieSceneCapture (618)
[2018.08.12-04.45.06:707][195]LogModuleManager: Shutting down and abandoning module Voice (616)
[2018.08.12-04.45.06:707][195]LogModuleManager: Shutting down and abandoning module BlueprintGraph (614)
[2018.08.12-04.45.06:707][195]LogModuleManager: Shutting down and abandoning module HierarchicalLODOutliner (612)
[2018.08.12-04.45.06:708][195]LogModuleManager: Shutting down and abandoning module SceneOutliner (610)
[2018.08.12-04.45.06:708][195]LogModuleManager: Shutting down and abandoning module AddContentDialog (608)
[2018.08.12-04.45.06:708][195]LogModuleManager: Shutting down and abandoning module WidgetCarousel (607)
[2018.08.12-04.45.06:708][195]LogModuleManager: Shutting down and abandoning module EditorWidgets (604)
[2018.08.12-04.45.06:708][195]LogModuleManager: Shutting down and abandoning module CollectionManager (602)
[2018.08.12-04.45.06:709][195]LogModuleManager: Shutting down and abandoning module StatsViewer (600)
[2018.08.12-04.45.06:709][195]LogModuleManager: Shutting down and abandoning module FoliageEdit (598)
[2018.08.12-04.45.06:709][195]LogModuleManager: Shutting down and abandoning module LandscapeEditor (596)
[2018.08.12-04.45.06:711][195]LogModuleManager: Shutting down and abandoning module MeshPaintMode (594)
[2018.08.12-04.45.06:711][195]LogModuleManager: Shutting down and abandoning module SceneDepthPickerMode (592)
[2018.08.12-04.45.06:711][195]LogModuleManager: Shutting down and abandoning module ActorPickerMode (590)
[2018.08.12-04.45.06:711][195]LogModuleManager: Shutting down and abandoning module GeometryMode (588)
[2018.08.12-04.45.06:711][195]LogModuleManager: Shutting down and abandoning module TextureAlignMode (586)
[2018.08.12-04.45.06:711][195]LogModuleManager: Shutting down and abandoning module BspMode (584)
[2018.08.12-04.45.06:711][195]LogModuleManager: Shutting down and abandoning module PIEPreviewDeviceProfileSelector (582)
[2018.08.12-04.45.06:711][195]LogModuleManager: Shutting down and abandoning module SequenceRecorderSections (580)
[2018.08.12-04.45.06:711][195]LogModuleManager: Shutting down and abandoning module AutomationWorker (578)
[2018.08.12-04.45.06:711][195]LogModuleManager: Shutting down and abandoning module AudioCaptureEditor (576)
[2018.08.12-04.45.06:711][195]LogModuleManager: Shutting down and abandoning module SequenceRecorder (575)
[2018.08.12-04.45.06:711][195]LogModuleManager: Shutting down and abandoning module MatineeToLevelSequence (572)
[2018.08.12-04.45.06:711][195]LogModuleManager: Shutting down and abandoning module LevelSequenceEditor (570)
[2018.08.12-04.45.06:711][195]LogModuleManager: Shutting down and abandoning module PlacementMode (569)
[2018.08.12-04.45.06:711][195]LogModuleManager: Shutting down and abandoning module MaterialEditor (568)
[2018.08.12-04.45.06:711][195]LogModuleManager: Shutting down and abandoning module WmfMediaFactory (564)
[2018.08.12-04.45.06:712][195]LogModuleManager: Shutting down and abandoning module WmfMediaEditor (562)
[2018.08.12-04.45.06:712][195]LogModuleManager: Shutting down and abandoning module MediaPlayerEditor (560)
[2018.08.12-04.45.06:712][195]LogModuleManager: Shutting down and abandoning module OpenExrWrapper (558)
[2018.08.12-04.45.06:712][195]LogModuleManager: Shutting down and abandoning module ImgMediaFactory (556)
[2018.08.12-04.45.06:712][195]LogModuleManager: Shutting down and abandoning module ImgMediaEditor (554)
[2018.08.12-04.45.06:712][195]LogModuleManager: Shutting down and abandoning module AvfMediaFactory (552)
[2018.08.12-04.45.06:712][195]LogModuleManager: Shutting down and abandoning module AvfMediaEditor (550)
[2018.08.12-04.45.06:712][195]LogModuleManager: Shutting down and abandoning module AndroidMediaFactory (548)
[2018.08.12-04.45.06:712][195]LogModuleManager: Shutting down and abandoning module AndroidMediaEditor (546)
[2018.08.12-04.45.06:712][195]LogModuleManager: Shutting down and abandoning module MagicLeapCameraPreviewFactory (544)
[2018.08.12-04.45.06:712][195]LogModuleManager: Shutting down and abandoning module MagicLeapMediaFactory (542)
[2018.08.12-04.45.06:712][195]LogModuleManager: Shutting down and abandoning module MagicLeapMediaEditor (540)
[2018.08.12-04.45.06:712][195]LogModuleManager: Shutting down and abandoning module CharacterAI (538)
[2018.08.12-04.45.06:712][195]LogModuleManager: Shutting down and abandoning module SmartSnapping (536)
[2018.08.12-04.45.06:712][195]LogModuleManager: Shutting down and abandoning module SessionServices (534)
[2018.08.12-04.45.06:712][195]LogModuleManager: Shutting down and abandoning module ViewportSnapping (532)
[2018.08.12-04.45.06:712][195]LogModuleManager: Shutting down and abandoning module ViewportInteraction (530)
[2018.08.12-04.45.06:712][195]LogModuleManager: Shutting down and abandoning module ClothPainter (528)
[2018.08.12-04.45.06:712][195]LogModuleManager: Shutting down and abandoning module SkeletalMeshEditor (527)
[2018.08.12-04.45.06:712][195]LogModuleManager: Shutting down and abandoning module LogVisualizer (524)
[2018.08.12-04.45.06:712][195]LogModuleManager: Shutting down and abandoning module IntroTutorials (522)
[2018.08.12-04.45.06:712][195]LogModuleManager: Shutting down and abandoning module GameProjectGeneration (521)
[2018.08.12-04.45.06:712][195]LogModuleManager: Shutting down and abandoning module LuminPlatformEditor (518)
[2018.08.12-04.45.06:712][195]LogModuleManager: Shutting down and abandoning module IOSPlatformEditor (516)
[2018.08.12-04.45.06:712][195]LogModuleManager: Shutting down and abandoning module HTML5PlatformEditor (514)
[2018.08.12-04.45.06:712][195]LogModuleManager: Shutting down and abandoning module AndroidPlatformEditor (512)
[2018.08.12-04.45.06:713][195]LogModuleManager: Shutting down and abandoning module AndroidDeviceDetection (511)
[2018.08.12-04.45.06:926][195]LogModuleManager: Shutting down and abandoning module WindowsPlatformEditor (508)
[2018.08.12-04.45.06:926][195]LogModuleManager: Shutting down and abandoning module LuminRuntimeSettings (506)
[2018.08.12-04.45.06:926][195]LogModuleManager: Shutting down and abandoning module IOSRuntimeSettings (504)
[2018.08.12-04.45.06:926][195]LogModuleManager: Shutting down and abandoning module AndroidRuntimeSettings (502)
[2018.08.12-04.45.06:926][195]LogModuleManager: Shutting down and abandoning module InputBindingEditor (500)
[2018.08.12-04.45.06:926][195]LogModuleManager: Shutting down and abandoning module MergeActors (498)
[2018.08.12-04.45.06:926][195]LogModuleManager: Shutting down and abandoning module LocalizationDashboard (496)
[2018.08.12-04.45.06:926][195]LogModuleManager: Shutting down and abandoning module LocalizationService (495)
[2018.08.12-04.45.06:926][195]LogModuleManager: Shutting down and abandoning module HardwareTargeting (492)
[2018.08.12-04.45.06:926][195]LogModuleManager: Shutting down and abandoning module DeviceProfileEditor (490)
[2018.08.12-04.45.06:926][195]LogModuleManager: Shutting down and abandoning module UndoHistory (488)
[2018.08.12-04.45.06:926][195]LogModuleManager: Shutting down and abandoning module XmlParser (486)
[2018.08.12-04.45.06:926][195]LogModuleManager: Shutting down and abandoning module Blutility (484)
[2018.08.12-04.45.06:926][195]LogModuleManager: Shutting down and abandoning module ProjectSettingsViewer (482)
[2018.08.12-04.45.06:926][195]LogModuleManager: Shutting down and abandoning module ProjectTargetPlatformEditor (481)
[2018.08.12-04.45.06:927][195]LogModuleManager: Shutting down and abandoning module EditorSettingsViewer (478)
[2018.08.12-04.45.06:927][195]LogModuleManager: Shutting down and abandoning module SettingsEditor (476)
[2018.08.12-04.45.06:927][195]LogModuleManager: Shutting down and abandoning module ProjectLauncher (474)
[2018.08.12-04.45.06:927][195]LogModuleManager: Shutting down and abandoning module SessionFrontend (472)
[2018.08.12-04.45.06:927][195]LogModuleManager: Shutting down and abandoning module ProfilerClient (470)
[2018.08.12-04.45.06:927][195]LogModuleManager: Shutting down and abandoning module DeviceManager (468)
[2018.08.12-04.45.06:927][195]LogModuleManager: Shutting down and abandoning module TargetDeviceServices (467)
[2018.08.12-04.45.06:991][195]LogModuleManager: Shutting down and abandoning module AutomationController (464)
[2018.08.12-04.45.06:991][195]LogModuleManager: Shutting down and abandoning module AutomationWindow (462)
[2018.08.12-04.45.06:991][195]LogModuleManager: Shutting down and abandoning module Layers (460)
[2018.08.12-04.45.06:991][195]LogModuleManager: Shutting down and abandoning module ComponentVisualizers (458)
[2018.08.12-04.45.06:991][195]LogModuleManager: Shutting down and abandoning module DetailCustomizations (456)
[2018.08.12-04.45.06:991][195]LogModuleManager: Shutting down and abandoning module PackagesDialog (454)
[2018.08.12-04.45.06:992][195]LogModuleManager: Shutting down and abandoning module Persona (452)
[2018.08.12-04.45.06:992][195]LogModuleManager: Shutting down and abandoning module AdvancedPreviewScene (451)
[2018.08.12-04.45.06:992][195]LogModuleManager: Shutting down and abandoning module AnimGraph (449)
[2018.08.12-04.45.06:992][195]LogModuleManager: Shutting down and abandoning module Kismet (446)
[2018.08.12-04.45.07:000][195]LogModuleManager: Shutting down and abandoning module GraphEditor (444)
[2018.08.12-04.45.07:000][195]LogModuleManager: Shutting down and abandoning module ClassViewer (442)
[2018.08.12-04.45.07:005][195]LogModuleManager: Shutting down and abandoning module Toolbox (440)
[2018.08.12-04.45.07:005][195]LogModuleManager: Shutting down and abandoning module DesktopPlatform (439)
[2018.08.12-04.45.07:005][195]LogModuleManager: Shutting down and abandoning module ModuleUI (436)
[2018.08.12-04.45.07:005][195]LogModuleManager: Shutting down and abandoning module MovieSceneTools (434)
[2018.08.12-04.45.07:005][195]LogModuleManager: Shutting down and abandoning module OutputLog (432)
[2018.08.12-04.45.07:005][195]LogModuleManager: Shutting down and abandoning module GammaUI (430)
[2018.08.12-04.45.07:005][195]LogModuleManager: Shutting down and abandoning module Documentation (428)
[2018.08.12-04.45.07:005][195]LogModuleManager: Shutting down and abandoning module MovieSceneTracks (426)
[2018.08.12-04.45.07:005][195]LogModuleManager: Shutting down and abandoning module MovieScene (424)
[2018.08.12-04.45.07:006][195]LogModuleManager: Shutting down and abandoning module StreamingPauseRendering (422)
[2018.08.12-04.45.07:006][195]LogModuleManager: Shutting down and abandoning module LauncherPlatform (420)
[2018.08.12-04.45.07:006][195]LogModuleManager: Shutting down and abandoning module AnalyticsET (418)
[2018.08.12-04.45.07:006][195]LogModuleManager: Shutting down and abandoning module PortalServices (416)
[2018.08.12-04.45.07:006][195]LogModuleManager: Shutting down and abandoning module PortalRpc (414)
[2018.08.12-04.45.07:006][195]LogModuleManager: Shutting down and abandoning module MessagingRpc (412)
[2018.08.12-04.45.07:006][195]LogModuleManager: Shutting down and abandoning module AIModule (410)
[2018.08.12-04.45.07:006][195]LogModuleManager: Shutting down and abandoning module GameplayDebugger (409)
[2018.08.12-04.45.07:006][195]LogModuleManager: Shutting down and abandoning module AITestSuite (407)
[2018.08.12-04.45.07:006][195]LogModuleManager: Shutting down and abandoning module NavigationSystem (405)
[2018.08.12-04.45.07:006][195]LogModuleManager: Shutting down and abandoning module ProfilerService (402)
[2018.08.12-04.45.07:205][195]LogModuleManager: Shutting down and abandoning module TaskGraph (400)
[2018.08.12-04.45.07:205][195]LogModuleManager: Shutting down and abandoning module SteamVRController (398)
[2018.08.12-04.45.07:205][195]LogModuleManager: Shutting down and abandoning module ProceduralMeshComponentEditor (396)
[2018.08.12-04.45.07:205][195]LogModuleManager: Shutting down and abandoning module ProceduralMeshComponent (394)
[2018.08.12-04.45.07:205][195]LogModuleManager: Shutting down and abandoning module OculusInput (392)
[2018.08.12-04.45.07:205][195]LogModuleManager: Shutting down and abandoning module MobilePatchingUtils (390)
[2018.08.12-04.45.07:205][195]LogModuleManager: Shutting down and abandoning module EditableMesh (388)
[2018.08.12-04.45.07:205][195]LogModuleManager: Shutting down and abandoning module CustomMeshComponent (386)
[2018.08.12-04.45.07:205][195]LogModuleManager: Shutting down and abandoning module CableComponent (384)
[2018.08.12-04.45.07:205][195]LogModuleManager: Shutting down and abandoning module AudioCapture (382)
[2018.08.12-04.45.07:205][195]LogModuleManager: Shutting down and abandoning module ArchVisCharacter (380)
[2018.08.12-04.45.07:205][195]LogModuleManager: Shutting down and abandoning module AndroidPermission (378)
[2018.08.12-04.45.07:205][195]LogModuleManager: Shutting down and abandoning module NUTUnrealEngine4 (376)
[2018.08.12-04.45.07:205][195]LogModuleManager: Shutting down and abandoning module NetcodeUnitTest (374)
[2018.08.12-04.45.07:205][195]LogModuleManager: Shutting down and abandoning module MediaCompositingEditor (372)
[2018.08.12-04.45.07:205][195]LogModuleManager: Shutting down and abandoning module MediaCompositing (370)
[2018.08.12-04.45.07:205][195]LogModuleManager: Shutting down and abandoning module LinearTimecode (368)
[2018.08.12-04.45.07:205][195]LogModuleManager: Shutting down and abandoning module ImgMedia (366)
[2018.08.12-04.45.07:208][195]LogModuleManager: Shutting down and abandoning module HTML5Networking (364)
[2018.08.12-04.45.07:208][195]LogModuleManager: Shutting down and abandoning module GeometryCacheTracks (362)
[2018.08.12-04.45.07:208][195]LogModuleManager: Shutting down and abandoning module GeometryCacheSequencer (360)
[2018.08.12-04.45.07:208][195]LogModuleManager: Shutting down and abandoning module BackChannel (358)
[2018.08.12-04.45.07:208][195]LogModuleManager: Shutting down and abandoning module AppleVision (356)
[2018.08.12-04.45.07:208][195]LogModuleManager: Shutting down and abandoning module AppleImageUtils (354)
[2018.08.12-04.45.07:208][195]LogModuleManager: Shutting down and abandoning module AlembicImporter (352)
[2018.08.12-04.45.07:208][195]LogModuleManager: Shutting down and abandoning module AlembicLibrary (351)
[2018.08.12-04.45.07:208][195]LogModuleManager: Shutting down and abandoning module GeometryCache (350)
[2018.08.12-04.45.07:208][195]LogModuleManager: Shutting down and abandoning module GeometryCacheEd (349)
[2018.08.12-04.45.07:208][195]LogModuleManager: Shutting down and abandoning module DatasmithContentEditor (344)
[2018.08.12-04.45.07:208][195]LogModuleManager: Shutting down and abandoning module DatasmithContent (342)
[2018.08.12-04.45.07:209][195]LogModuleManager: Shutting down and abandoning module SpeedTreeImporter (340)
[2018.08.12-04.45.07:209][195]LogModuleManager: Shutting down and abandoning module PluginBrowser (338)
[2018.08.12-04.45.07:209][195]LogModuleManager: Shutting down and abandoning module MobileLauncherProfileWizard (336)
[2018.08.12-04.45.07:209][195]LogModuleManager: Shutting down and abandoning module PolygonModeling (334)
[2018.08.12-04.45.07:209][195]LogModuleManager: Shutting down and abandoning module MeshEditor (332)
[2018.08.12-04.45.07:209][195]LogModuleManager: Shutting down and abandoning module CryptoKeysOpenSSL (330)
[2018.08.12-04.45.07:209][195]LogModuleManager: Shutting down and abandoning module CryptoKeys (328)
[2018.08.12-04.45.07:209][195]LogModuleManager: Shutting down and abandoning module VisualStudioSourceCodeAccess (326)
[2018.08.12-04.45.07:210][195]LogModuleManager: Shutting down and abandoning module VisualStudioCodeSourceCodeAccess (324)
[2018.08.12-04.45.07:210][195]LogModuleManager: Shutting down and abandoning module UObjectPlugin (322)
[2018.08.12-04.45.07:210][195]LogModuleManager: Shutting down and abandoning module SubversionSourceControl (320)
[2018.08.12-04.45.07:210][195]LogModuleManager: Shutting down and abandoning module PerforceSourceControl (318)
[2018.08.12-04.45.07:210][195]LogModuleManager: Shutting down and abandoning module GitSourceControl (316)
[2018.08.12-04.45.07:210][195]LogModuleManager: Shutting down and abandoning module SourceControl (315)
[2018.08.12-04.45.07:210][195]LogModuleManager: Shutting down and abandoning module CLionSourceCodeAccess (312)
[2018.08.12-04.45.07:210][195]LogModuleManager: Shutting down and abandoning module LightPropagationVolumeEditor (310)
[2018.08.12-04.45.07:210][195]LogModuleManager: Shutting down and abandoning module PaperTiledImporter (308)
[2018.08.12-04.45.07:210][195]LogModuleManager: Shutting down and abandoning module PaperSpriteSheetImporter (306)
[2018.08.12-04.45.07:210][195]LogModuleManager: Shutting down and abandoning module Paper2DEditor (304)
[2018.08.12-04.45.07:210][195]LogModuleManager: Shutting down and abandoning module MeshPaint (303)
[2018.08.12-04.45.07:210][195]LogModuleManager: Shutting down and abandoning module RisingWaters (300)
[2018.08.12-04.45.07:210][195]LogModuleManager: Shutting down and abandoning module RuntimePhysXCooking (298)
[2018.08.12-04.45.07:210][195]LogModuleManager: Shutting down and abandoning module PhysXVehiclesEditor (296)
[2018.08.12-04.45.07:210][195]LogModuleManager: Shutting down and abandoning module PhysXVehicles (294)
[2018.08.12-04.45.07:210][195]LogModuleManager: Shutting down and abandoning module OculusEditor (292)
[2018.08.12-04.45.07:210][195]LogModuleManager: Shutting down and abandoning module LocationServicesBPLibrary (290)
[2018.08.12-04.45.07:210][195]LogModuleManager: Shutting down and abandoning module ImmediatePhysicsEditor (288)
[2018.08.12-04.45.07:210][195]LogModuleManager: Shutting down and abandoning module ImmediatePhysics (286)
[2018.08.12-04.45.07:210][195]LogModuleManager: Shutting down and abandoning module ActorSequence (284)
[2018.08.12-04.45.07:210][195]LogModuleManager: Shutting down and abandoning module UdpMessaging (282)
[2018.08.12-04.45.07:310][195]LogModuleManager: Shutting down and abandoning module TcpMessaging (280)
[2018.08.12-04.45.07:411][195]LogModuleManager: Shutting down and abandoning module MagicLeapAudio (278)
[2018.08.12-04.45.07:411][195]LogModuleManager: Shutting down and abandoning module GameplayTagsEditor (276)
[2018.08.12-04.45.07:411][195]LogModuleManager: Shutting down and abandoning module FacialAnimationEditor (274)
[2018.08.12-04.45.07:411][195]LogModuleManager: Shutting down and abandoning module FacialAnimation (272)
[2018.08.12-04.45.07:411][195]LogModuleManager: Shutting down and abandoning module DataValidation (270)
[2018.08.12-04.45.07:411][195]LogModuleManager: Shutting down and abandoning module AssetManagerEditor (268)
[2018.08.12-04.45.07:411][195]LogModuleManager: Shutting down and abandoning module LevelEditor (267)
[2018.08.12-04.45.07:411][195]LogModuleManager: Shutting down and abandoning module PixelInspectorModule (266)
[2018.08.12-04.45.07:411][195]LogModuleManager: Shutting down and abandoning module CommonMenuExtensions (264)
[2018.08.12-04.45.07:412][195]LogModuleManager: Shutting down and abandoning module MainFrame (262)
[2018.08.12-04.45.07:412][195]LogModuleManager: Shutting down and abandoning module HotReload (261)
[2018.08.12-04.45.07:412][195]LogModuleManager: Shutting down and abandoning module ContentBrowser (257)
[2018.08.12-04.45.07:413][195]LogModuleManager: Shutting down and abandoning module TreeMap (255)
[2018.08.12-04.45.07:413][195]LogModuleManager: Shutting down and abandoning module LightPropagationVolumeRuntime (252)
[2018.08.12-04.45.07:413][195]LogModuleManager: Shutting down and abandoning module AISupportModule (250)
[2018.08.12-04.45.07:413][195]LogModuleManager: Shutting down and abandoning module Paper2D (248)
[2018.08.12-04.45.07:413][195]LogModuleManager: Shutting down and abandoning module WindowsMoviePlayer (246)
[2018.08.12-04.45.07:413][195]LogModuleManager: Shutting down and abandoning module WmfMedia (244)
[2018.08.12-04.45.07:414][195]LogModuleManager: Shutting down and abandoning module Media (243)
[2018.08.12-04.45.07:420][195]LogModuleManager: Shutting down and abandoning module PacketHandler (240)
[2018.08.12-04.45.07:421][195]LogModuleManager: Shutting down and abandoning module ClothingSystemEditor (238)
[2018.08.12-04.45.07:421][195]LogModuleManager: Shutting down and abandoning module ClothingSystemRuntime (236)
[2018.08.12-04.45.07:421][195]LogModuleManager: Shutting down and abandoning module MediaAssets (234)
[2018.08.12-04.45.07:421][195]LogModuleManager: Shutting down and abandoning module Overlay (232)
[2018.08.12-04.45.07:421][195]LogModuleManager: Shutting down and abandoning module OverlayEditor (231)
[2018.08.12-04.45.07:421][195]LogModuleManager: Shutting down and abandoning module VREditor (228)
[2018.08.12-04.45.07:421][195]LogModuleManager: Shutting down and abandoning module StringTableEditor (226)
[2018.08.12-04.45.07:421][195]LogModuleManager: Shutting down and abandoning module GameplayTasksEditor (224)
[2018.08.12-04.45.07:421][195]LogModuleManager: Shutting down and abandoning module BehaviorTreeEditor (222)
[2018.08.12-04.45.07:421][195]LogModuleManager: Shutting down and abandoning module FunctionalTesting (220)
[2018.08.12-04.45.07:421][195]LogModuleManager: Shutting down and abandoning module CollisionAnalyzer (218)
[2018.08.12-04.45.07:421][195]LogModuleManager: Shutting down and abandoning module WorkspaceMenuStructure (217)
[2018.08.12-04.45.07:421][195]LogModuleManager: Shutting down and abandoning module UMG (214)
[2018.08.12-04.45.07:421][195]LogModuleManager: Shutting down and abandoning module UMGEditor (213)
[2018.08.12-04.45.07:421][195]LogModuleManager: Shutting down and abandoning module Sequencer (212)
[2018.08.12-04.45.07:421][195]LogModuleManager: Shutting down and abandoning module MessageLog (209)
[2018.08.12-04.45.07:421][195]LogModuleManager: Shutting down and abandoning module SlateReflector (204)
[2018.08.12-04.45.07:421][195]LogModuleManager: Shutting down and abandoning module Slate (202)
[2018.08.12-04.45.07:422][195]LogModuleManager: Shutting down and abandoning module EditorStyle (200)
[2018.08.12-04.45.07:423][195]LogModuleManager: Shutting down and abandoning module MRMesh (198)
[2018.08.12-04.45.07:423][195]LogModuleManager: Shutting down and abandoning module SourceCodeAccess (196)
[2018.08.12-04.45.07:423][195]LogModuleManager: Shutting down and abandoning module HeadMountedDisplay (194)
[2018.08.12-04.45.07:423][195]LogModuleManager: Shutting down and abandoning module XAudio2 (192)
[2018.08.12-04.45.07:423][195]LogModuleManager: Shutting down and abandoning module Networking (190)
[2018.08.12-04.45.07:423][195]LogModuleManager: Shutting down and abandoning module Core (188)
[2018.08.12-04.45.07:423][195]LogModuleManager: Shutting down and abandoning module LevelSequence (186)
[2018.08.12-04.45.07:423][195]LogModuleManager: Shutting down and abandoning module KismetCompiler (184)
[2018.08.12-04.45.07:423][195]LogModuleManager: Shutting down and abandoning module MeshUtilities (182)
[2018.08.12-04.45.07:423][195]LogModuleManager: Shutting down and abandoning module MeshMergeUtilities (181)
[2018.08.12-04.45.07:424][195]LogModuleManager: Shutting down and abandoning module MeshReductionInterface (180)
[2018.08.12-04.45.07:424][195]LogModuleManager: Shutting down and abandoning module SimplygonSwarm (179)
[2018.08.12-04.45.07:424][195]LogModuleManager: Shutting down and abandoning module ProxyLODMeshReduction (177)
[2018.08.12-04.45.07:424][195]LogModuleManager: Shutting down and abandoning module SimplygonMeshReduction (175)
[2018.08.12-04.45.07:424][195]LogModuleManager: Shutting down and abandoning module QuadricMeshReduction (173)
[2018.08.12-04.45.07:424][195]LogModuleManager: Shutting down and abandoning module MaterialBaking (169)
[2018.08.12-04.45.07:424][195]LogModuleManager: Shutting down and abandoning module DirectoryWatcher (165)
[2018.08.12-04.45.07:424][195]LogModuleManager: Shutting down and abandoning module DerivedDataCache (162)
[2018.08.12-04.45.07:497][195]LogDerivedDataCache: Shutdown
[2018.08.12-04.45.07:497][195]LogModuleManager: Shutting down and abandoning module XGEController (160)
[2018.08.12-04.45.07:497][195]LogXGEController: Cleaning working directory: C:/Users/Joe/AppData/Local/Temp/UnrealXGEWorkingDir/
[2018.08.12-04.45.07:497][195]LogModuleManager: Shutting down and abandoning module TargetPlatform (158)
[2018.08.12-04.45.07:497][195]LogModuleManager: Shutting down and abandoning module VulkanShaderFormat (157)
[2018.08.12-04.45.07:497][195]LogModuleManager: Shutting down and abandoning module ShaderFormatVectorVM (155)
[2018.08.12-04.45.07:497][195]LogModuleManager: Shutting down and abandoning module ShaderFormatOpenGL (153)
[2018.08.12-04.45.07:497][195]LogModuleManager: Shutting down and abandoning module ShaderFormatD3D (151)
[2018.08.12-04.45.07:497][195]LogModuleManager: Shutting down and abandoning module MetalShaderFormat (149)
[2018.08.12-04.45.07:497][195]LogModuleManager: Shutting down and abandoning module TextureFormatUncompressed (147)
[2018.08.12-04.45.07:497][195]LogModuleManager: Shutting down and abandoning module TextureFormatPVR (145)
[2018.08.12-04.45.07:497][195]LogModuleManager: Shutting down and abandoning module TextureFormatDXT (143)
[2018.08.12-04.45.07:497][195]LogModuleManager: Shutting down and abandoning module TextureFormatIntelISPCTexComp (141)
[2018.08.12-04.45.07:497][195]LogModuleManager: Shutting down and abandoning module TextureFormatASTC (139)
[2018.08.12-04.45.07:497][195]LogModuleManager: Shutting down and abandoning module ImageWrapper (138)
[2018.08.12-04.45.07:497][195]LogModuleManager: Shutting down and abandoning module TextureFormatAndroid (135)
[2018.08.12-04.45.07:497][195]LogModuleManager: Shutting down and abandoning module AudioFormatOpus (133)
[2018.08.12-04.45.07:497][195]LogModuleManager: Shutting down and abandoning module AudioFormatOgg (131)
[2018.08.12-04.45.07:497][195]LogModuleManager: Shutting down and abandoning module AudioFormatADPCM (129)
[2018.08.12-04.45.07:497][195]LogModuleManager: Shutting down and abandoning module LuminTargetPlatform (127)
[2018.08.12-04.45.07:497][195]LogModuleManager: Shutting down and abandoning module LinuxTargetPlatform (125)
[2018.08.12-04.45.07:497][195]LogModuleManager: Shutting down and abandoning module LinuxServerTargetPlatform (123)
[2018.08.12-04.45.07:497][195]LogModuleManager: Shutting down and abandoning module LinuxNoEditorTargetPlatform (121)
[2018.08.12-04.45.07:497][195]LogModuleManager: Shutting down and abandoning module LinuxClientTargetPlatform (119)
[2018.08.12-04.45.07:497][195]LogModuleManager: Shutting down and abandoning module TVOSTargetPlatform (117)
[2018.08.12-04.45.07:501][195]LogModuleManager: Shutting down and abandoning module Messaging (115)
[2018.08.12-04.45.07:501][195]LogModuleManager: Shutting down and abandoning module IOSTargetPlatform (113)
[2018.08.12-04.45.07:502][195]LogModuleManager: Shutting down and abandoning module HTML5TargetPlatform (111)
[2018.08.12-04.45.07:502][195]LogModuleManager: Shutting down and abandoning module AndroidTargetPlatform (109)
[2018.08.12-04.45.07:508][195]LogModuleManager: Shutting down and abandoning module WindowsTargetPlatform (107)
[2018.08.12-04.45.07:508][195]LogModuleManager: Shutting down and abandoning module WindowsServerTargetPlatform (105)
[2018.08.12-04.45.07:508][195]LogModuleManager: Shutting down and abandoning module WindowsNoEditorTargetPlatform (103)
[2018.08.12-04.45.07:508][195]LogModuleManager: Shutting down and abandoning module WindowsClientTargetPlatform (101)
[2018.08.12-04.45.07:508][195]LogModuleManager: Shutting down and abandoning module MacTargetPlatform (99)
[2018.08.12-04.45.07:508][195]LogModuleManager: Shutting down and abandoning module MacServerTargetPlatform (97)
[2018.08.12-04.45.07:508][195]LogModuleManager: Shutting down and abandoning module MacNoEditorTargetPlatform (95)
[2018.08.12-04.45.07:508][195]LogModuleManager: Shutting down and abandoning module MacClientTargetPlatform (93)
[2018.08.12-04.45.07:508][195]LogModuleManager: Shutting down and abandoning module AllDesktopTargetPlatform (91)
[2018.08.12-04.45.07:508][195]LogModuleManager: Shutting down and abandoning module InputCore (88)
[2018.08.12-04.45.07:508][195]LogModuleManager: Shutting down and abandoning module Settings (86)
[2018.08.12-04.45.07:509][195]LogModuleManager: Shutting down and abandoning module PhysXCooking (84)
[2018.08.12-04.45.07:509][195]LogModuleManager: Shutting down and abandoning module SteamVR (82)
[2018.08.12-04.45.07:509][195]LogModuleManager: Shutting down and abandoning module OculusHMD (80)
[2018.08.12-04.45.07:509][195]LogModuleManager: Shutting down and abandoning module ExampleDeviceProfileSelector (78)
[2018.08.12-04.45.07:509][195]LogModuleManager: Shutting down and abandoning module LauncherChunkInstaller (76)
[2018.08.12-04.45.07:509][195]LogModuleManager: Shutting down and abandoning module OnlineBlueprintSupport (74)
[2018.08.12-04.45.07:509][195]LogModuleManager: Shutting down and abandoning module OnlineSubsystem (70)
[2018.08.12-04.45.07:509][195]LogModuleManager: Shutting down and abandoning module XMPP (65)
[2018.08.12-04.45.07:509][195]LogModuleManager: Shutting down and abandoning module WebSockets (64)
[2018.08.12-04.45.07:521][195]LogModuleManager: Shutting down and abandoning module HTTP (61)
[2018.08.12-04.45.07:521][195]LogHttp: Display: Http module shutting down, but needs to wait on 1 outstanding Http requests:
[2018.08.12-04.45.07:521][195]LogHttp: Display: 	verb=[POST] url=[https://datarouter.ol.epicgames.com/datarouter/api/v1/public/data?SessionID=%7B5F0E8812-4F5F-BE2C-B0F3-DBB3319DFD4F%7D&AppID=UEEditor.Rocket.Release&AppVersion=4.20.1-4233996%2B%2B%2BUE4%2BRelease-4.20&UserID=d3efc3e54a97e961f5f600b9525141d5%7Cbe1aaea5a25646238eda00c2d0321415%7Ce883cee1-9abc-4ed9-848c-804d620415b1&AppEnvironment=datacollector-binary&UploadType=eteventstream] status=Processing
[2018.08.12-04.45.07:556][195]LogModuleManager: Shutting down and abandoning module SSL (60)
[2018.08.12-04.45.07:557][195]LogModuleManager: Shutting down and abandoning module MagicLeapEmulator (56)
[2018.08.12-04.45.07:557][195]LogModuleManager: Shutting down and abandoning module MagicLeapPrivileges (54)
[2018.08.12-04.45.07:557][195]LogModuleManager: Shutting down and abandoning module MagicLeapIdentity (52)
[2018.08.12-04.45.07:557][195]LogModuleManager: Shutting down and abandoning module MagicLeapHelperVulkan (50)
[2018.08.12-04.45.07:557][195]LogModuleManager: Shutting down and abandoning module MagicLeapHelperOpenGL (48)
[2018.08.12-04.45.07:557][195]LogModuleManager: Shutting down and abandoning module MagicLeapSecureStorage (46)
[2018.08.12-04.45.07:557][195]LogModuleManager: Shutting down and abandoning module MagicLeapGestures (44)
[2018.08.12-04.45.07:557][195]LogModuleManager: Shutting down and abandoning module MagicLeapEyeTracker (42)
[2018.08.12-04.45.07:558][195]LogModuleManager: Shutting down and abandoning module MagicLeapController (40)
[2018.08.12-04.45.07:558][195]LogSlate: Slate User Destroyed.  User Index 0, Is Virtual User: 0
[2018.08.12-04.45.07:558][195]LogModuleManager: Shutting down and abandoning module MagicLeap (38)
[2018.08.12-04.45.07:558][195]LogModuleManager: Shutting down and abandoning module AnimationModifiers (36)
[2018.08.12-04.45.07:558][195]LogModuleManager: Shutting down and abandoning module PropertyEditor (35)
[2018.08.12-04.45.07:558][195]LogModuleManager: Shutting down and abandoning module AudioEditor (32)
[2018.08.12-04.45.07:558][195]LogModuleManager: Shutting down and abandoning module TextureCompressor (30)
[2018.08.12-04.45.07:558][195]LogModuleManager: Shutting down and abandoning module ShaderCore (28)
[2018.08.12-04.45.07:558][195]LogModuleManager: Shutting down and abandoning module Landscape (26)
[2018.08.12-04.45.07:558][195]LogModuleManager: Shutting down and abandoning module SlateRHIRenderer (24)
[2018.08.12-04.45.07:561][195]LogModuleManager: Shutting down and abandoning module OpenGLDrv (22)
[2018.08.12-04.45.07:561][195]LogModuleManager: Shutting down and abandoning module D3D11RHI (20)
[2018.08.12-04.45.07:561][195]LogModuleManager: Shutting down and abandoning module AnimGraphRuntime (18)
[2018.08.12-04.45.07:561][195]LogModuleManager: Shutting down and abandoning module Renderer (16)
[2018.08.12-04.45.07:561][195]LogModuleManager: Shutting down and abandoning module Engine (14)
[2018.08.12-04.45.07:561][195]LogModuleManager: Shutting down and abandoning module CoreUObject (12)
[2018.08.12-04.45.07:561][195]LogModuleManager: Shutting down and abandoning module NetworkFile (10)
[2018.08.12-04.45.07:561][195]LogModuleManager: Shutting down and abandoning module CookedIterativeFile (8)
[2018.08.12-04.45.07:561][195]LogModuleManager: Shutting down and abandoning module StreamingFile (6)
[2018.08.12-04.45.07:561][195]LogModuleManager: Shutting down and abandoning module SandboxFile (4)
[2018.08.12-04.45.07:561][195]LogModuleManager: Shutting down and abandoning module PakFile (2)
[2018.08.12-04.45.07:566][195]LogExit: Exiting.
[2018.08.12-04.45.07:585][195]Log file closed, 08/12/18 00:45:07
