Log file open, 08/12/18 00:01:36
LogWindows: Failed to load 'aqProf.dll' (GetLastError=126)
LogWindows: File 'aqProf.dll' does not exist
LogWindows: Failed to load 'VSPerf140.dll' (GetLastError=126)
LogWindows: File 'VSPerf140.dll' does not exist
LogWindows: Failed to load 'VtuneApi.dll' (GetLastError=126)
LogWindows: File 'VtuneApi.dll' does not exist
LogWindows: Failed to load 'VtuneApi32e.dll' (GetLastError=126)
LogWindows: File 'VtuneApi32e.dll' does not exist
LogInit: Display: Running engine for game: RisingWaters
LogPlatformFile: Not using cached read wrapper
LogTaskGraph: Started task graph with 5 named threads and 14 total threads with 3 sets of task threads.
LogStats: Stats thread started at 0.326318
LogD3D11RHI: Loaded GFSDK_Aftermath_Lib.x64.dll
LogICUInternationalization: Display: ICU TimeZone Detection - Raw Offset: -5:00, Platform Override: ''
LogPluginManager: Mounting plugin Paper2D
LogPluginManager: Mounting plugin AISupport
LogPluginManager: Mounting plugin LightPropagationVolume
LogPluginManager: Mounting plugin CLionSourceCodeAccess
LogPluginManager: Mounting plugin CodeLiteSourceCodeAccess
LogPluginManager: Mounting plugin GitSourceControl
LogPluginManager: Mounting plugin KDevelopSourceCodeAccess
LogPluginManager: Mounting plugin NullSourceCodeAccess
LogPluginManager: Mounting plugin PerforceSourceControl
LogPluginManager: Mounting plugin SubversionSourceControl
LogPluginManager: Mounting plugin UObjectPlugin
LogPluginManager: Mounting plugin VisualStudioCodeSourceCodeAccess
LogPluginManager: Mounting plugin VisualStudioSourceCodeAccess
LogPluginManager: Mounting plugin XCodeSourceCodeAccess
LogPluginManager: Mounting plugin AssetManagerEditor
LogPluginManager: Mounting plugin CryptoKeys
LogPluginManager: Mounting plugin DataValidation
LogPluginManager: Mounting plugin FacialAnimation
LogPluginManager: Mounting plugin GameplayTagsEditor
LogPluginManager: Mounting plugin MacGraphicsSwitching
LogPluginManager: Mounting plugin MeshEditor
LogPluginManager: Mounting plugin MobileLauncherProfileWizard
LogPluginManager: Mounting plugin PluginBrowser
LogPluginManager: Mounting plugin SpeedTreeImporter
LogPluginManager: Mounting plugin DatasmithContent
LogPluginManager: Mounting plugin AlembicImporter
LogPluginManager: Mounting plugin AppleImageUtils
LogPluginManager: Mounting plugin AppleVision
LogPluginManager: Mounting plugin BackChannel
LogPluginManager: Mounting plugin CharacterAI
LogPluginManager: Mounting plugin GeometryCache
LogPluginManager: Mounting plugin HTML5Networking
LogPluginManager: Mounting plugin ProxyLODPlugin
LogPluginManager: Mounting plugin MagicLeap
LogPluginManager: Mounting plugin MagicLeapEmulator
LogPluginManager: Mounting plugin MagicLeapMedia
LogPluginManager: Mounting plugin AndroidMedia
LogPluginManager: Mounting plugin AvfMedia
LogPluginManager: Mounting plugin ImgMedia
LogPluginManager: Mounting plugin LinearTimecode
LogPluginManager: Mounting plugin MediaCompositing
LogPluginManager: Mounting plugin MediaPlayerEditor
LogPluginManager: Mounting plugin WmfMedia
LogPluginManager: Mounting plugin TcpMessaging
LogPluginManager: Mounting plugin UdpMessaging
LogPluginManager: Mounting plugin ActorSequence
LogPluginManager: Mounting plugin LevelSequenceEditor
LogPluginManager: Mounting plugin MatineeToLevelSequence
LogPluginManager: Mounting plugin NetcodeUnitTest
LogPluginManager: Mounting plugin NUTUnrealEngine4
LogPluginManager: Mounting plugin OnlineSubsystemGooglePlay
LogPluginManager: Mounting plugin OnlineSubsystemIOS
LogPluginManager: Mounting plugin OnlineSubsystem
LogPluginManager: Mounting plugin OnlineSubsystemNull
LogPluginManager: Mounting plugin OnlineSubsystemUtils
LogPluginManager: Mounting plugin LauncherChunkInstaller
LogPluginManager: Mounting plugin AndroidDeviceProfileSelector
LogPluginManager: Mounting plugin AndroidMoviePlayer
LogPluginManager: Mounting plugin AndroidPermission
LogPluginManager: Mounting plugin AppleMoviePlayer
LogPluginManager: Mounting plugin ArchVisCharacter
LogPluginManager: Mounting plugin AudioCapture
LogPluginManager: Mounting plugin CableComponent
LogPluginManager: Mounting plugin CustomMeshComponent
LogPluginManager: Mounting plugin EditableMesh
LogPluginManager: Mounting plugin ExampleDeviceProfileSelector
LogPluginManager: Mounting plugin GoogleCloudMessaging
LogPluginManager: Mounting plugin ImmediatePhysics
LogPluginManager: Mounting plugin IOSDeviceProfileSelector
LogPluginManager: Mounting plugin LinuxDeviceProfileSelector
LogPluginManager: Mounting plugin LocationServicesBPLibrary
LogPluginManager: Mounting plugin MobilePatchingUtils
LogPluginManager: Mounting plugin OculusVR
LogPluginManager: Plugin shader directory ../../../Engine/Plugins/Runtime/Oculus/OculusVR/Shaders found
LogPluginManager: Mapping shader source directory ../../../Engine/Plugins/Runtime/Oculus/OculusVR/Shaders to virtual directory /Plugin/OculusVR
LogPluginManager: Mounting plugin PhysXVehicles
LogPluginManager: Mounting plugin ProceduralMeshComponent
LogPluginManager: Mounting plugin RuntimePhysXCooking
LogPluginManager: Mounting plugin SteamVR
LogPluginManager: Mounting plugin WindowsMoviePlayer
LogStreaming: Display: Took  0.101s to configure plugins.
LogInit: Using libcurl 7.55.1-DEV
LogInit:  - built for x86_64-pc-win32
LogInit:  - supports SSL with OpenSSL/1.0.2h
LogInit:  - supports HTTP deflate (compression) using libz 1.2.8
LogInit:  - other features:
LogInit:      CURL_VERSION_SSL
LogInit:      CURL_VERSION_LIBZ
LogInit:      CURL_VERSION_IPV6
LogInit:      CURL_VERSION_ASYNCHDNS
LogInit:      CURL_VERSION_LARGEFILE
LogInit:      CURL_VERSION_IDN
LogInit:  CurlRequestOptions (configurable via config and command line):
LogInit:  - bVerifyPeer = false  - Libcurl will NOT verify peer certificate
LogInit:  - bUseHttpProxy = false  - Libcurl will NOT use HTTP proxy
LogInit:  - bDontReuseConnections = false  - Libcurl will reuse connections
LogInit:  - CertBundlePath = nullptr  - Libcurl will use whatever was configured at build time.
LogInit:  - MaxHostConnections = 16  - Libcurl will limit the number of connections to a host
LogInit:  - LocalHostAddr = Default
LogInit:  - BufferSize = 65536
LogInit: WinSock: version 1.1 (2.2), MaxSocks=32767, MaxUdp=65467
LogInit: Build: ++UE4+Release-4.20-CL-4233996
LogInit: Engine Version: 4.20.1-4233996+++UE4+Release-4.20
LogInit: Compatible Engine Version: 4.20.0-4212847+++UE4+Release-4.20
LogInit: Net CL: 4212847
LogInit: OS: Windows 10 (), CPU: Intel(R) Core(TM) i5-7600K CPU @ 3.80GHz, GPU: Intel(R) HD Graphics 630
LogInit: Compiled (64-bit): Jul 26 2018 10:07:30
LogInit: Compiled with Visual C++: 19.13.26129.00
LogInit: Build Configuration: Development
LogInit: Branch Name: ++UE4+Release-4.20
LogInit: Command Line: 
LogInit: Base Directory: D:/Unreal/UE_4.20/Engine/Binaries/Win64/
LogInit: Installed Engine Build: 1
LogDevObjectVersion: Number of dev versions registered: 20
LogDevObjectVersion:   Dev-Blueprints (B0D832E4-1F89-4F0D-ACCF-7EB736FD4AA2): 10
LogDevObjectVersion:   Dev-Build (E1C64328-A22C-4D53-A36C-8E866417BD8C): 0
LogDevObjectVersion:   Dev-Core (375EC13C-06E4-48FB-B500-84F0262A717E): 2
LogDevObjectVersion:   Dev-Editor (E4B068ED-F494-42E9-A231-DA0B2E46BB41): 24
LogDevObjectVersion:   Dev-Framework (CFFC743F-43B0-4480-9391-14DF171D2073): 34
LogDevObjectVersion:   Dev-Mobile (B02B49B5-BB20-44E9-A304-32B752E40360): 2
LogDevObjectVersion:   Dev-Networking (A4E4105C-59A1-49B5-A7C5-40C4547EDFEE): 0
LogDevObjectVersion:   Dev-Online (39C831C9-5AE6-47DC-9A44-9C173E1C8E7C): 0
LogDevObjectVersion:   Dev-Physics (78F01B33-EBEA-4F98-B9B4-84EACCB95AA2): 0
LogDevObjectVersion:   Dev-Platform (6631380F-2D4D-43E0-8009-CF276956A95A): 0
LogDevObjectVersion:   Dev-Rendering (12F88B9F-8875-4AFC-A67C-D90C383ABD29): 26
LogDevObjectVersion:   Dev-Sequencer (7B5AE74C-D270-4C10-A958-57980B212A5A): 9
LogDevObjectVersion:   Dev-VR (D7296918-1DD6-4BDD-9DE2-64A83CC13884): 2
LogDevObjectVersion:   Dev-LoadTimes (C2A15278-BFE7-4AFE-6C17-90FF531DF755): 1
LogDevObjectVersion:   Private-Geometry (6EACA3D4-40EC-4CC1-B786-8BED09428FC5): 3
LogDevObjectVersion:   Dev-AnimPhys (29E575DD-E0A3-4627-9D10-D276232CDCEA): 17
LogDevObjectVersion:   Dev-ReflectionCapture (6B266CEC-1EC7-4B8F-A30B-E4D90942FC07): 1
LogDevObjectVersion:   Dev-Automation (0DF73D61-A23F-47EA-B727-89E90C41499A): 1
LogDevObjectVersion:   FortniteMain (601D1886-AC64-4F84-AA16-D3DE0DEAC7D6): 12
LogDevObjectVersion:   Dev-Enterprise (9DFFBCD6-494F-0158-E221-12823C92A888): 1
LogStreaming: Display: Took  0.001s to delete old logs.
LogInit: Presizing for max 8388607 objects, including 0 objects not considered by GC, pre-allocating 0 bytes for permanent pool.
LogInit: Object subsystem initialized
[2018.08.12-04.01.37:118][  0]LogInit: Selected Device Profile: [Windows]
[2018.08.12-04.01.37:118][  0]LogInit: Applying CVar settings loaded from the selected device profile: [Windows]
[2018.08.12-04.01.37:132][  0]LogHAL: Display: Platform has ~ 16 GB [17033011200 / 17179869184 / 16], which maps to Larger [LargestMinGB=32, LargerMinGB=12, DefaultMinGB=8, SmallerMinGB=6, SmallestMinGB=0)
[2018.08.12-04.01.37:133][  0]LogInit: Setting Device Profile CVar: [[r.Vulkan.UseRealUBs:1]]
[2018.08.12-04.01.37:133][  0]LogInit: Going up to parent DeviceProfile []
[2018.08.12-04.01.37:133][  0]LogInit: Computer: DESKTOP-719UQTD
[2018.08.12-04.01.37:133][  0]LogInit: User: Joe
[2018.08.12-04.01.37:133][  0]LogInit: CPU Page size=4096, Cores=4
[2018.08.12-04.01.37:133][  0]LogInit: High frequency timer resolution =3.703124 MHz
[2018.08.12-04.01.37:133][  0]LogMemory: Memory total: Physical=15.9GB (16GB approx)
[2018.08.12-04.01.37:133][  0]LogMemory: Platform Memory Stats for Windows
[2018.08.12-04.01.37:133][  0]LogMemory: Process Physical Memory: 99.90 MB used, 99.90 MB peak
[2018.08.12-04.01.37:133][  0]LogMemory: Process Virtual Memory: 84.27 MB used, 84.27 MB peak
[2018.08.12-04.01.37:133][  0]LogMemory: Physical Memory: 7422.73 MB used,  8821.21 MB free, 16243.95 MB total
[2018.08.12-04.01.37:133][  0]LogMemory: Virtual Memory: 4619.45 MB used,  8821.21 MB free, 134217728.00 MB total
[2018.08.12-04.01.37:150][  0]LogInit: Using OS detected language (en-US).
[2018.08.12-04.01.37:150][  0]LogInit: Using OS detected locale (en-US).
[2018.08.12-04.01.37:150][  0]LogTextLocalizationManager: No specific localization for 'en-US' exists, so the 'en' localization will be used.
[2018.08.12-04.01.37:569][  0]LogStreaming: Display: Took  0.419s to InitEngineTextLocalization.
[2018.08.12-04.01.37:569][  0]LogInit: Setting process to per monitor DPI aware
[2018.08.12-04.01.37:597][  0]LogSlate: New Slate User Created.  User Index 0, Is Virtual User: 0
[2018.08.12-04.01.37:597][  0]LogSlate: Slate User Registered.  User Index 0, Is Virtual User: 0
[2018.08.12-04.01.37:774][  0]LogHMD: Failed to initialize OpenVR with code 110
[2018.08.12-04.01.37:774][  0]LogD3D11RHI: D3D11 adapters:
[2018.08.12-04.01.37:788][  0]LogD3D11RHI:    0. 'Intel(R) HD Graphics 630' (Feature Level 11_0)
[2018.08.12-04.01.37:788][  0]LogD3D11RHI:       128/0/8121 MB DedicatedVideo/DedicatedSystem/SharedSystem, Outputs:1, VendorId:0x8086
[2018.08.12-04.01.37:836][  0]LogD3D11RHI:    1. 'NVIDIA GeForce GTX 960' (Feature Level 11_0)
[2018.08.12-04.01.37:836][  0]LogD3D11RHI:       2007/0/8121 MB DedicatedVideo/DedicatedSystem/SharedSystem, Outputs:2, VendorId:0x10de
[2018.08.12-04.01.37:838][  0]LogD3D11RHI:    2. 'Microsoft Basic Render Driver' (Feature Level 11_0)
[2018.08.12-04.01.37:838][  0]LogD3D11RHI:       0/0/8121 MB DedicatedVideo/DedicatedSystem/SharedSystem, Outputs:0, VendorId:0x1414
[2018.08.12-04.01.37:838][  0]LogD3D11RHI: Chosen D3D11 Adapter: 1
[2018.08.12-04.01.37:847][  0]LogD3D11RHI: Creating new Direct3DDevice
[2018.08.12-04.01.37:847][  0]LogD3D11RHI:     GPU DeviceId: 0x1401 (for the marketing name, search the web for "GPU Device Id")
[2018.08.12-04.01.37:847][  0]LogWindows: EnumDisplayDevices:
[2018.08.12-04.01.37:847][  0]LogWindows:    0. 'Intel(R) HD Graphics 630' (P:1 D:1)
[2018.08.12-04.01.37:847][  0]LogWindows:    1. 'Intel(R) HD Graphics 630' (P:0 D:0)
[2018.08.12-04.01.37:847][  0]LogWindows:    2. 'Intel(R) HD Graphics 630' (P:0 D:0)
[2018.08.12-04.01.37:847][  0]LogWindows:    3. 'NVIDIA GeForce GTX 960' (P:0 D:1)
[2018.08.12-04.01.37:848][  0]LogWindows:    4. 'NVIDIA GeForce GTX 960' (P:0 D:1)
[2018.08.12-04.01.37:848][  0]LogWindows:    5. 'NVIDIA GeForce GTX 960' (P:0 D:0)
[2018.08.12-04.01.37:848][  0]LogWindows:    6. 'NVIDIA GeForce GTX 960' (P:0 D:0)
[2018.08.12-04.01.37:848][  0]LogWindows: DebugString: PrimaryIsNotTheChoosenAdapter PrimaryIsNotTheChoosenAdapter PrimaryIsNotTheChoosenAdapter FoundDriverCount:4 
[2018.08.12-04.01.37:848][  0]LogD3D11RHI:     Adapter Name: NVIDIA GeForce GTX 960
[2018.08.12-04.01.37:848][  0]LogD3D11RHI:   Driver Version: 398.82 (internal:24.21.13.9882, unified:398.82)
[2018.08.12-04.01.37:848][  0]LogD3D11RHI:      Driver Date: 7-30-2018
[2018.08.12-04.01.37:848][  0]LogRHI: Texture pool is 1405 MB (70% of 2007 MB)
[2018.08.12-04.01.37:880][  0]LogD3D11RHI: Async texture creation enabled
[2018.08.12-04.01.37:895][  0]LogD3D11RHI: GPU Timing Frequency: 1000.000000 (Debug: 2 2)
[2018.08.12-04.01.37:946][  0]LogShaderCompilers: Guid format shader working directory is -2 characters bigger than the processId version (../../../../../Repos/LudumDare42/RisingWaters/Intermediate/Shaders/WorkingDirectory/13056/).
[2018.08.12-04.01.37:946][  0]LogShaderCompilers: Cleaned the shader compiler working directory 'C:/Users/Joe/AppData/Local/Temp/UnrealShaderWorkingDir/7BB7AFDC40BA313178C49293167A73BB/'.
[2018.08.12-04.01.38:298][  0]LogTemp: Display: Loaded TP AllDesktopTargetPlatform
[2018.08.12-04.01.38:309][  0]LogTemp: Display: Loaded TP MacClientTargetPlatform
[2018.08.12-04.01.38:321][  0]LogTemp: Display: Loaded TP MacNoEditorTargetPlatform
[2018.08.12-04.01.38:333][  0]LogTemp: Display: Loaded TP MacServerTargetPlatform
[2018.08.12-04.01.38:344][  0]LogTemp: Display: Loaded TP MacTargetPlatform
[2018.08.12-04.01.38:357][  0]LogTemp: Display: Loaded TP WindowsClientTargetPlatform
[2018.08.12-04.01.38:369][  0]LogTemp: Display: Loaded TP WindowsNoEditorTargetPlatform
[2018.08.12-04.01.38:380][  0]LogTemp: Display: Loaded TP WindowsServerTargetPlatform
[2018.08.12-04.01.38:386][  0]LogTemp: Display: Loaded TP WindowsTargetPlatform
[2018.08.12-04.01.38:459][  0]LogTemp: Display: Loaded TP AndroidTargetPlatform
[2018.08.12-04.01.38:459][  0]LogTemp: Display: Loaded TP AndroidTargetPlatform
[2018.08.12-04.01.38:459][  0]LogTemp: Display: Loaded TP AndroidTargetPlatform
[2018.08.12-04.01.38:459][  0]LogTemp: Display: Loaded TP AndroidTargetPlatform
[2018.08.12-04.01.38:459][  0]LogTemp: Display: Loaded TP AndroidTargetPlatform
[2018.08.12-04.01.38:459][  0]LogTemp: Display: Loaded TP AndroidTargetPlatform
[2018.08.12-04.01.38:459][  0]LogTemp: Display: Loaded TP AndroidTargetPlatform
[2018.08.12-04.01.38:459][  0]LogTemp: Display: Loaded TP AndroidTargetPlatform
[2018.08.12-04.01.38:459][  0]LogTemp: Display: Loaded TP AndroidTargetPlatform
[2018.08.12-04.01.38:459][  0]LogTemp: Display: Loaded TP AndroidTargetPlatform
[2018.08.12-04.01.38:459][  0]LogTemp: Display: Loaded TP AndroidTargetPlatform
[2018.08.12-04.01.38:459][  0]LogTemp: Display: Loaded TP AndroidTargetPlatform
[2018.08.12-04.01.38:459][  0]LogTemp: Display: Loaded TP AndroidTargetPlatform
[2018.08.12-04.01.38:459][  0]LogTemp: Display: Loaded TP AndroidTargetPlatform
[2018.08.12-04.01.38:460][  0]LogTemp: Display: Loaded TP AndroidTargetPlatform
[2018.08.12-04.01.38:460][  0]LogTemp: Display: Loaded TP AndroidTargetPlatform
[2018.08.12-04.01.38:460][  0]LogTemp: Display: Loaded TP AndroidTargetPlatform
[2018.08.12-04.01.38:460][  0]LogTemp: Display: Loaded TP AndroidTargetPlatform
[2018.08.12-04.01.38:461][  0]LogTemp: Display: Loaded TP HTML5TargetPlatform
[2018.08.12-04.01.38:518][  0]LogTemp: Display: Loaded TP IOSTargetPlatform
[2018.08.12-04.01.38:518][  0]LogTemp: Display: Loaded TP IOSTargetPlatform
[2018.08.12-04.01.38:539][  0]LogTemp: Display: Loaded TP TVOSTargetPlatform
[2018.08.12-04.01.38:539][  0]LogTemp: Display: Loaded TP TVOSTargetPlatform
[2018.08.12-04.01.38:551][  0]LogTemp: Display: Loaded TP LinuxClientTargetPlatform
[2018.08.12-04.01.38:563][  0]LogTemp: Display: Loaded TP LinuxNoEditorTargetPlatform
[2018.08.12-04.01.38:574][  0]LogTemp: Display: Loaded TP LinuxServerTargetPlatform
[2018.08.12-04.01.38:585][  0]LogTemp: Display: Loaded TP LinuxTargetPlatform
[2018.08.12-04.01.38:593][  0]LogTemp: Display: Loaded TP LuminTargetPlatform
[2018.08.12-04.01.38:593][  0]LogTargetPlatformManager: Display: Building Assets For Windows
[2018.08.12-04.01.38:634][  0]LogXGEController: Cleaning working directory: C:/Users/Joe/AppData/Local/Temp/UnrealXGEWorkingDir/
[2018.08.12-04.01.38:634][  0]LogXGEController: Cannot use XGE Controller as Incredibuild is not installed on this machine.
[2018.08.12-04.01.38:634][  0]LogShaderCompilers: Cannot use XGE Shader Compiler as Incredibuild is not installed on this machine.
[2018.08.12-04.01.38:634][  0]LogShaderCompilers: Display: Using Local Shader Compiler.
[2018.08.12-04.01.39:301][  0]LogDerivedDataCache: Display: Max Cache Size: 512 MB
[2018.08.12-04.01.39:378][  0]LogDerivedDataCache: Loaded boot cache 0.08s 71MB C:/Users/Joe/AppData/Local/UnrealEngine/4.20/DerivedDataCache/Boot.ddc.
[2018.08.12-04.01.39:378][  0]LogDerivedDataCache: Display: Loaded Boot cache: C:/Users/Joe/AppData/Local/UnrealEngine/4.20/DerivedDataCache/Boot.ddc
[2018.08.12-04.01.39:379][  0]LogDerivedDataCache: FDerivedDataBackendGraph:  Pak pak cache file ../../../../../Repos/LudumDare42/RisingWaters/DerivedDataCache/DDC.ddp not found, will not use a pak cache.
[2018.08.12-04.01.39:379][  0]LogDerivedDataCache: Unable to find inner node Pak for hierarchical cache Hierarchy.
[2018.08.12-04.01.39:379][  0]LogDerivedDataCache: FDerivedDataBackendGraph:  CompressedPak pak cache file ../../../../../Repos/LudumDare42/RisingWaters/DerivedDataCache/Compressed.ddp not found, will not use a pak cache.
[2018.08.12-04.01.39:379][  0]LogDerivedDataCache: Unable to find inner node CompressedPak for hierarchical cache Hierarchy.
[2018.08.12-04.01.39:393][  0]LogDerivedDataCache: Display: Pak cache opened for reading ../../../Engine/DerivedDataCache/Compressed.ddp.
[2018.08.12-04.01.39:405][  0]LogDerivedDataCache: Using Local data cache path C:/Users/Joe/AppData/Local/UnrealEngine/Common/DerivedDataCache: Writable
[2018.08.12-04.01.39:405][  0]LogDerivedDataCache: Shared data cache path not found in *engine.ini, will not use an Shared cache.
[2018.08.12-04.01.39:405][  0]LogDerivedDataCache: Unable to find inner node Shared for hierarchical cache Hierarchy.
[2018.08.12-04.01.39:425][  0]LogMaterial: Verifying Global Shaders for PCD3D_SM5
[2018.08.12-04.01.39:427][  0]LogSlate: Using FreeType 2.6.0
[2018.08.12-04.01.39:427][  0]LogSlate: SlateFontServices - WITH_FREETYPE: 1, WITH_HARFBUZZ: 1
[2018.08.12-04.01.39:498][  0]LogAssetRegistry: FAssetRegistry took 0.0266 seconds to start up
[2018.08.12-04.01.39:842][  0]LogInit: Selected Device Profile: [Windows]
[2018.08.12-04.01.39:969][  0]LogSimplygon: Simplygon DLL not present - disabling.
[2018.08.12-04.01.39:971][  0]LogMeshReduction: Using SimplygonSwarm for distributed automatic mesh merging
[2018.08.12-04.01.39:971][  0]LogMeshReduction: Using ProxyLODMeshReduction for automatic mesh merging
[2018.08.12-04.01.39:972][  0]LogMeshReduction: Using QuadricMeshReduction for automatic static mesh reduction
[2018.08.12-04.01.39:972][  0]LogMeshReduction: No automatic skeletal mesh reduction module available
[2018.08.12-04.01.39:998][  0]LogNetVersion: RisingWaters 1.0.0, NetCL: 4212847, EngineNetVer: 5, GameNetVer: 0 (Checksum: 293886760)
[2018.08.12-04.01.40:602][  0]LogPackageLocalizationCache: Processed 11 localized package path(s) for 2 prioritized culture(s) in 0.151754 seconds
[2018.08.12-04.01.40:609][  0]LogUObjectArray: 38425 objects as part of root set at end of initial load.
[2018.08.12-04.01.40:609][  0]LogUObjectAllocator: 6690872 out of 0 bytes used by permanent object pool.
[2018.08.12-04.01.40:609][  0]LogUObjectArray: CloseDisregardForGC: 0/0 objects in disregard for GC pool
[2018.08.12-04.01.41:596][  0]LogTcpMessaging: Initializing TcpMessaging bridge
[2018.08.12-04.01.41:610][  0]LogUdpMessaging: Initializing bridge on interface 0.0.0.0:0 to multicast group 230.0.0.1:6666.
[2018.08.12-04.01.41:759][  0]SourceControl: Source control is disabled
[2018.08.12-04.01.41:759][  0]SourceControl: Source control is disabled
[2018.08.12-04.01.41:760][  0]SourceControl: Source control is disabled
[2018.08.12-04.01.41:760][  0]SourceControl: Source control is disabled
[2018.08.12-04.01.41:939][  0]LogAndroidPermission: UAndroidPermissionCallbackProxy::GetInstance
[2018.08.12-04.01.42:202][  0]LogOcInput: OculusInput pre-init called
[2018.08.12-04.01.42:255][  0]LogEngine: Initializing Engine...
[2018.08.12-04.01.42:256][  0]LogHMD: Failed to initialize OpenVR with code 110
[2018.08.12-04.01.42:258][  0]LogStats: UGameplayTagsManager::ConstructGameplayTagTree: ImportINI prefixes -  0.000 s
[2018.08.12-04.01.42:258][  0]LogStats: UGameplayTagsManager::ConstructGameplayTagTree: Construct from data asset -  0.000 s
[2018.08.12-04.01.42:258][  0]LogStats: UGameplayTagsManager::ConstructGameplayTagTree: ImportINI -  0.000 s
[2018.08.12-04.01.42:258][  0]LogStats: UGameplayTagsManager::ConstructGameplayTagTree: GameplayTagTreeChangedEvent.Broadcast -  0.000 s
[2018.08.12-04.01.42:544][  0]LogInit: Initializing FReadOnlyCVARCache
[2018.08.12-04.01.42:564][  0]LogAIModule: Creating AISystem for world Untitled
[2018.08.12-04.01.42:614][  0]LogInit: XAudio2 using 'VX240M (Intel(R) Display Audio)' : 2 channels at 48 kHz using 16 bits per sample (channel mask 0x3)
[2018.08.12-04.01.42:630][  0]LogInit: FAudioDevice initialized.
[2018.08.12-04.01.42:630][  0]LogNetVersion: Set ProjectVersion to 1.0.0.0. Version Checksum will be recalculated on next use.
[2018.08.12-04.01.42:723][  0]LogDerivedDataCache: Saved boot cache 0.09s 71MB C:/Users/Joe/AppData/Local/UnrealEngine/4.20/DerivedDataCache/Boot.ddc.
[2018.08.12-04.01.42:728][  0]LogInit: Texture streaming: Enabled
[2018.08.12-04.01.42:742][  0]LogEngineSessionManager: EngineSessionManager initialized
[2018.08.12-04.01.42:742][  0]LogEngineSessionManager: EngineSessionManager sent abnormal shutdown report. Type=Crashed, SessionId={A6BEC6C2-44AB-3535-7604-7CA1051005F0}
[2018.08.12-04.01.42:759][  0]LogInit: Transaction tracking system initialized
[2018.08.12-04.01.42:772][  0]BlueprintLog: New page: Editor Load
[2018.08.12-04.01.42:830][  0]LocalizationService: Localization service is disabled
[2018.08.12-04.01.43:081][  0]LogCook: Display: Max memory allowance for cook 16384mb min free memory 0mb
[2018.08.12-04.01.43:081][  0]LogCook: Display: Mobile HDR setting 1
[2018.08.12-04.01.43:081][  0]LogGameplayTags: Display: UGameplayTagsManager::DoneAddingNativeTags. DelegateIsBound: 0
[2018.08.12-04.01.43:081][  0]LogStats: UGameplayTagsManager::ConstructGameplayTagTree: ImportINI prefixes -  0.000 s
[2018.08.12-04.01.43:081][  0]LogStats: UGameplayTagsManager::ConstructGameplayTagTree: Construct from data asset -  0.000 s
[2018.08.12-04.01.43:081][  0]LogStats: UGameplayTagsManager::ConstructGameplayTagTree: ImportINI -  0.000 s
[2018.08.12-04.01.43:081][  0]LogStats: UGameplayTagsManager::ConstructGameplayTagTree: GameplayTagTreeChangedEvent.Broadcast -  0.000 s
[2018.08.12-04.01.43:197][  0]LogFileCache: Scanning file cache for directory 'D:/Repos/LudumDare42/RisingWaters/Content/' took 0.01s
[2018.08.12-04.01.43:197][  0]SourceControl: Source control is disabled
[2018.08.12-04.01.43:197][  0]Cmd: MAP LOAD FILE="../../../../../Repos/LudumDare42/RisingWaters/Content/ThirdPersonBP/Maps/ThirdPersonExampleMap.umap" TEMPLATE=0 SHOWPROGRESS=1 FEATURELEVEL=3
[2018.08.12-04.01.43:197][  0]LightingResults: New page: Lighting Build
[2018.08.12-04.01.43:199][  0]MapCheck: New page: Map Check
[2018.08.12-04.01.43:199][  0]LightingResults: New page: Lighting Build
[2018.08.12-04.01.43:624][  0]LogAIModule: Creating AISystem for world ThirdPersonExampleMap
[2018.08.12-04.01.43:635][  0]LogEditorServer: Finished looking for orphan Actors (0.000 secs)
[2018.08.12-04.01.43:663][  0]Cmd: MAP CHECKDEP NOCLEARLOG
[2018.08.12-04.01.43:711][  0]MapCheck: Map check complete: 0 Error(s), 0 Warning(s), took 47.846ms to complete.
[2018.08.12-04.01.43:711][  0]LogFileHelpers: Loading map 'ThirdPersonExampleMap' took 0.514
[2018.08.12-04.01.43:838][  0]LogSlate: Updating window title bar state: overlay mode, drag disabled, window buttons hidden, title bar hidden
[2018.08.12-04.01.43:846][  0]LogSlate: Updating window title bar state: overlay mode, drag disabled, window buttons hidden, title bar hidden
[2018.08.12-04.01.43:856][  0]LogSlate: Updating window title bar state: overlay mode, drag disabled, window buttons hidden, title bar hidden
[2018.08.12-04.01.43:867][  0]LogSlate: Updating window title bar state: overlay mode, drag disabled, window buttons hidden, title bar hidden
[2018.08.12-04.01.43:871][  0]LogCollectionManager: Loaded 0 collections in 0.000705 seconds
[2018.08.12-04.01.43:917][  0]LogFileCache: Scanning file cache for directory 'D:/Repos/LudumDare42/RisingWaters/Saved/Collections/' took 0.01s
[2018.08.12-04.01.43:917][  0]LogFileCache: Scanning file cache for directory 'D:/Repos/LudumDare42/RisingWaters/Content/Developers/Joe/Collections/' took 0.01s
[2018.08.12-04.01.43:917][  0]LogFileCache: Scanning file cache for directory 'D:/Repos/LudumDare42/RisingWaters/Content/Collections/' took 0.01s
[2018.08.12-04.01.43:917][  0]LogCollectionManager: Rebuilt the GUID cache for 0 collections in 0.000001 seconds
[2018.08.12-04.01.43:929][  0]LogContentBrowser: Native class hierarchy populated in 0.0118 seconds. Added 2575 classes and 606 folders.
[2018.08.12-04.01.43:935][  0]LogContentBrowser: Native class hierarchy updated for 'WidgetCarousel' in 0.0005 seconds. Added 0 classes and 0 folders.
[2018.08.12-04.01.43:971][  0]LogContentBrowser: Native class hierarchy updated for 'AddContentDialog' in 0.0003 seconds. Added 0 classes and 0 folders.
[2018.08.12-04.01.43:975][  0]LogContentBrowser: Native class hierarchy updated for 'SceneOutliner' in 0.0003 seconds. Added 1 classes and 2 folders.
[2018.08.12-04.01.44:054][  0]LogSlate: Took 0.000516 seconds to synchronously load lazily loaded font '../../../Engine/Content/Slate/Fonts/Roboto-Regular.ttf' (155K)
[2018.08.12-04.01.44:056][  0]LogSlate: Took 0.000365 seconds to synchronously load lazily loaded font '../../../Engine/Content/Slate/Fonts/Roboto-Bold.ttf' (160K)
[2018.08.12-04.01.44:064][  0]LogSlate: Took 0.000191 seconds to synchronously load lazily loaded font '../../../Engine/Content/Editor/Slate/Fonts/FontAwesome.ttf' (139K)
[2018.08.12-04.01.44:168][  0]LogRenderer: Reallocating scene render targets to support 1216x568 Format 9 NumSamples 1 (Frame:1).
[2018.08.12-04.01.44:404][  0]LogContentBrowser: Native class hierarchy updated for 'HierarchicalLODOutliner' in 0.0003 seconds. Added 0 classes and 0 folders.
[2018.08.12-04.01.44:404][  0]LogLoad: (Engine Initialization) Total time: 8.59 seconds
[2018.08.12-04.01.44:404][  0]LogLoad: (Engine Initialization) Total Blueprint compile time: 0.00 seconds
[2018.08.12-04.01.44:415][  0]LogWindowsTextInputMethodSystem: Display: IME system now deactivated.
[2018.08.12-04.01.44:440][  0]LogContentStreaming: Texture pool size now 3000 MB
[2018.08.12-04.01.44:463][  0]LogSlate: Took 0.000170 seconds to synchronously load lazily loaded font '../../../Engine/Content/Slate/Fonts/Roboto-Light.ttf' (167K)
[2018.08.12-04.01.44:477][  1]LogAssetRegistry: Asset discovery search completed in 5.0018 seconds
[2018.08.12-04.01.44:479][  1]LogCollectionManager: Rebuilt the object cache for 0 collections in 0.000000 seconds (found 0 objects)
[2018.08.12-04.01.44:479][  1]LogCollectionManager: Fixed up redirectors for 0 collections in 0.000058 seconds (updated 0 objects)
[2018.08.12-04.01.45:446][ 59]LogSlate: Took 0.000244 seconds to synchronously load lazily loaded font '../../../Engine/Content/Slate/Fonts/Roboto-Light.ttf' (167K)
[2018.08.12-04.02.07:546][947]LogSlate: FSceneViewport::OnFocusLost() reason 2
[2018.08.12-04.02.11:510][299]LogSlate: FSceneViewport::OnFocusLost() reason 0
[2018.08.12-04.02.14:578][555]LogSlate: Took 0.000213 seconds to synchronously load lazily loaded font '../../../Engine/Content/Slate/Fonts/Roboto-BoldCondensed.ttf' (158K)
[2018.08.12-04.02.21:225][ 56]LogAssetEditorManager: Opening Asset editor for Blueprint /Game/ThirdPersonBP/Blueprints/MyVoxelActor.MyVoxelActor
[2018.08.12-04.02.21:628][ 56]LogContentBrowser: Native class hierarchy updated for 'BlueprintGraph' in 0.0006 seconds. Added 116 classes and 0 folders.
[2018.08.12-04.02.22:276][ 56]LogSlate: Window 'Add Blueprint Class' being destroyed
[2018.08.12-04.02.24:937][149]LogRenderer: Reallocating scene render targets to support 1216x744 Format 9 NumSamples 1 (Frame:96).
[2018.08.12-04.03.05:200][319]LogSlate: Took 0.000825 seconds to synchronously load lazily loaded font '../../../Engine/Content/Slate/Fonts/Roboto-BoldCondensedItalic.ttf' (160K)
[2018.08.12-04.06.22:624][403]LogEditorTransaction: Undo Paste clipboard contents
[2018.08.12-04.11.38:583][324]Cmd: OBJ SAVEPACKAGE PACKAGE="/Game/ThirdPersonBP/Blueprints/MyVoxelActor" FILE="../../../../../Repos/LudumDare42/RisingWaters/Content/ThirdPersonBP/Blueprints/MyVoxelActor.uasset" SILENT=true
[2018.08.12-04.11.38:623][324]LogSavePackage: Moving '../../../../../Repos/LudumDare42/RisingWaters/Saved/MyVoxelActorB5C49DC34DB40880C3CE46A76CB4F10E.tmp' to '../../../../../Repos/LudumDare42/RisingWaters/Content/ThirdPersonBP/Blueprints/MyVoxelActor.uasset'
[2018.08.12-04.12.06:254][874]Candidate modules for hot reload:
[2018.08.12-04.12.06:254][874]  RisingWaters
[2018.08.12-04.12.06:254][874]Launching UnrealBuildTool... [D:/Unreal/UE_4.20/Engine/Binaries/DotNET/UnrealBuildTool.exe  -ModuleWithSuffix=RisingWaters,4183 Win64 Development -TargetType=Editor -Project="../../../../../Repos/LudumDare42/RisingWaters/RisingWaters.uproject" -canskiplink "D:/Repos/LudumDare42/RisingWaters/RisingWaters.uproject" ]
[2018.08.12-04.12.06:258][874]Warning: Starting HotReload took  0.1s.
[2018.08.12-04.12.42:133][446]CompilerResultsLog: New page: Compilation - Aug 11, 2018, 8:12:42 PM
[2018.08.12-04.12.42:133][446]CompilerResultsLog: Using 'git status' to determine working set for adaptive non-unity build.
[2018.08.12-04.12.42:133][446]CompilerResultsLog: Creating makefile for hot reloading RisingWatersEditor (no existing makefile)
[2018.08.12-04.12.42:133][446]CompilerResultsLog: Compiling game modules for hot reload
[2018.08.12-04.12.42:133][446]CompilerResultsLog: Using Visual Studio 2017 14.14.26428 toolchain (D:\VisualStudio\VC\Tools\MSVC\14.14.26428) and Windows 10.0.17134.0 SDK (C:\Program Files (x86)\Windows Kits\10).
[2018.08.12-04.12.42:133][446]CompilerResultsLog: Building 3 actions with 4 processes...
[2018.08.12-04.12.42:133][446]CompilerResultsLog:   VoxelActor.cpp
[2018.08.12-04.12.42:133][446]CompilerResultsLog:   UE4Editor-RisingWaters-4183.lib
[2018.08.12-04.12.42:133][446]CompilerResultsLog:      Creating library D:\Repos\LudumDare42\RisingWaters\Intermediate\Build\Win64\UE4Editor\Development\RisingWaters\UE4Editor-RisingWaters-4183.lib and object D:\Repos\LudumDare42\RisingWaters\Intermediate\Build\Win64\UE4Editor\Development\RisingWaters\UE4Editor-RisingWaters-4183.exp
[2018.08.12-04.12.42:133][446]CompilerResultsLog:   UE4Editor-RisingWaters-4183.dll
[2018.08.12-04.12.42:133][446]CompilerResultsLog:      Creating library D:\Repos\LudumDare42\RisingWaters\Intermediate\Build\Win64\UE4Editor\Development\RisingWaters\UE4Editor-RisingWaters-4183.suppressed.lib and object D:\Repos\LudumDare42\RisingWaters\Intermediate\Build\Win64\UE4Editor\Development\RisingWaters\UE4Editor-RisingWaters-4183.suppressed.exp
[2018.08.12-04.12.42:133][446]CompilerResultsLog: Total build time: 34.83 seconds (Parallel executor: 18.50 seconds)
[2018.08.12-04.12.42:140][446]LogMainFrame: MainFrame: Module compiling took 35.894 seconds
[2018.08.12-04.12.42:235][446]LogContentBrowser: Native class hierarchy updated for 'RisingWaters' in 0.0005 seconds. Added 3 classes and 3 folders.
[2018.08.12-04.12.42:245][446]Display: HotReload successful (14 functions remapped  0 scriptstructs remapped)
[2018.08.12-04.12.42:680][446]LogContentBrowser: Native class hierarchy populated in 0.0125 seconds. Added 2576 classes and 608 folders.
[2018.08.12-04.12.42:693][446]Display: HotReload took 36.5s.
[2018.08.12-04.12.51:088][725]BlueprintLog: New page: Compile MyVoxelActor
[2018.08.12-04.14.37:635][273]BlueprintLog: New page: Compile MyVoxelActor
[2018.08.12-04.14.52:353][837]Cmd: OBJ SAVEPACKAGE PACKAGE="/Game/ThirdPersonBP/Blueprints/MyVoxelActor" FILE="../../../../../Repos/LudumDare42/RisingWaters/Content/ThirdPersonBP/Blueprints/MyVoxelActor.uasset" SILENT=true
[2018.08.12-04.14.52:414][837]LogSavePackage: Moving '../../../../../Repos/LudumDare42/RisingWaters/Saved/MyVoxelActorDFBFE9964E4934EC24C44FBA3EC9B294.tmp' to '../../../../../Repos/LudumDare42/RisingWaters/Content/ThirdPersonBP/Blueprints/MyVoxelActor.uasset'
[2018.08.12-04.15.00:378][ 68]LogAIModule: Creating AISystem for world test_level
[2018.08.12-04.15.00:391][ 68]LogAssetEditorManager: Opening Asset editor for World /Game/test_level.test_level
[2018.08.12-04.15.00:434][ 68]Cmd: MAP LOAD FILE="../../../../../Repos/LudumDare42/RisingWaters/Content/test_level.umap" TEMPLATE=0 SHOWPROGRESS=1 FEATURELEVEL=3
[2018.08.12-04.15.00:434][ 68]LightingResults: New page: Lighting Build
[2018.08.12-04.15.00:435][ 68]LoadErrors: New page: Loading map: test_level.umap
[2018.08.12-04.15.00:436][ 68]MapCheck: New page: Map Check
[2018.08.12-04.15.00:436][ 68]LightingResults: New page: Lighting Build
[2018.08.12-04.15.00:565][ 68]LogEditorServer: Finished looking for orphan Actors (0.000 secs)
[2018.08.12-04.15.00:627][ 68]Cmd: MAP CHECKDEP NOCLEARLOG
[2018.08.12-04.15.00:690][ 68]MapCheck: Map check complete: 0 Error(s), 0 Warning(s), took 62.916ms to complete.
[2018.08.12-04.15.00:690][ 68]LogFileHelpers: Loading map 'test_level' took 0.257
[2018.08.12-04.15.03:374][198]LogTemp: Repeating last play command: Selected Viewport
[2018.08.12-04.15.03:404][198]LogPlayLevel: PlayLevel: No blueprints needed recompiling
[2018.08.12-04.15.03:419][198]PIE: New page: PIE session: test_level (Aug 11, 2018, 8:15:03 PM)
[2018.08.12-04.15.03:419][198]LogPlayLevel: Creating play world package: /Game/UEDPIE_0_test_level
[2018.08.12-04.15.03:425][198]LogPlayLevel: PIE: StaticDuplicateObject took: (0.006233s)
[2018.08.12-04.15.03:426][198]LogAIModule: Creating AISystem for world test_level
[2018.08.12-04.15.03:427][198]LogPlayLevel: PIE: World Init took: (0.001603s)
[2018.08.12-04.15.03:427][198]LogPlayLevel: PIE: Created PIE world by copying editor world from /Game/test_level.test_level to /Game/UEDPIE_0_test_level.test_level (0.008172s)
[2018.08.12-04.15.03:510][198]LogInit: XAudio2 using 'VX240M (Intel(R) Display Audio)' : 2 channels at 48 kHz using 16 bits per sample (channel mask 0x3)
[2018.08.12-04.15.03:516][198]LogInit: FAudioDevice initialized.
[2018.08.12-04.15.03:638][198]LogLoad: Game class is 'ThirdPersonGameMode_C'
[2018.08.12-04.15.03:640][198]LogWorld: Bringing World /Game/UEDPIE_0_test_level.test_level up for play (max tick rate 0) at 2018.08.12-00.15.03
[2018.08.12-04.15.03:640][198]LogWorld: Bringing up level for play took: 0.000581
[2018.08.12-04.15.03:674][198]LogContentBrowser: Native class hierarchy updated for 'MovieSceneCapture' in 0.0003 seconds. Added 10 classes and 0 folders.
[2018.08.12-04.15.03:676][198]PIE: Play in editor start time for /Game/UEDPIE_0_test_level 0.535
[2018.08.12-04.15.12:430][204]LogSlate: Updating window title bar state: overlay mode, drag disabled, window buttons hidden, title bar hidden
[2018.08.12-04.15.12:478][204]LogPlayLevel: Display: Shutting down PIE online subsystems
[2018.08.12-04.15.12:514][204]LogSlate: Updating window title bar state: overlay mode, drag disabled, window buttons hidden, title bar hidden
[2018.08.12-04.15.12:614][205]LogPlayLevel: Display: Destroying online subsystem :Context_3
[2018.08.12-04.15.25:151][500]Candidate modules for hot reload:
[2018.08.12-04.15.25:151][500]  RisingWaters
[2018.08.12-04.15.25:152][500]Launching UnrealBuildTool... [D:/Unreal/UE_4.20/Engine/Binaries/DotNET/UnrealBuildTool.exe  -ModuleWithSuffix=RisingWaters,9638 Win64 Development -TargetType=Editor -Project="../../../../../Repos/LudumDare42/RisingWaters/RisingWaters.uproject" -canskiplink "D:/Repos/LudumDare42/RisingWaters/RisingWaters.uproject" ]
[2018.08.12-04.15.25:157][500]Warning: Starting HotReload took  0.0s.
[2018.08.12-04.15.56:627][107]CompilerResultsLog: New page: Compilation - Aug 11, 2018, 8:15:56 PM
[2018.08.12-04.15.56:627][107]CompilerResultsLog: Using 'git status' to determine working set for adaptive non-unity build.
[2018.08.12-04.15.56:627][107]CompilerResultsLog: Compiling game modules for hot reload
[2018.08.12-04.15.56:627][107]CompilerResultsLog: Building 3 actions with 4 processes...
[2018.08.12-04.15.56:627][107]CompilerResultsLog:   VoxelActor.cpp
[2018.08.12-04.15.56:627][107]CompilerResultsLog:   UE4Editor-RisingWaters-9638.lib
[2018.08.12-04.15.56:627][107]CompilerResultsLog:      Creating library D:\Repos\LudumDare42\RisingWaters\Intermediate\Build\Win64\UE4Editor\Development\RisingWaters\UE4Editor-RisingWaters-9638.lib and object D:\Repos\LudumDare42\RisingWaters\Intermediate\Build\Win64\UE4Editor\Development\RisingWaters\UE4Editor-RisingWaters-9638.exp
[2018.08.12-04.15.56:627][107]CompilerResultsLog:   UE4Editor-RisingWaters-9638.dll
[2018.08.12-04.15.56:627][107]CompilerResultsLog:      Creating library D:\Repos\LudumDare42\RisingWaters\Intermediate\Build\Win64\UE4Editor\Development\RisingWaters\UE4Editor-RisingWaters-9638.suppressed.lib and object D:\Repos\LudumDare42\RisingWaters\Intermediate\Build\Win64\UE4Editor\Development\RisingWaters\UE4Editor-RisingWaters-9638.suppressed.exp
[2018.08.12-04.15.56:627][107]CompilerResultsLog: Total build time: 30.39 seconds (Parallel executor: 23.58 seconds)
[2018.08.12-04.15.56:627][107]LogMainFrame: MainFrame: Module compiling took 31.486 seconds
[2018.08.12-04.15.56:710][107]LogContentBrowser: Native class hierarchy updated for 'RisingWaters' in 0.0006 seconds. Added 3 classes and 3 folders.
[2018.08.12-04.15.56:721][107]Display: HotReload successful (14 functions remapped  0 scriptstructs remapped)
[2018.08.12-04.15.57:146][107]LogContentBrowser: Native class hierarchy populated in 0.0134 seconds. Added 2576 classes and 608 folders.
[2018.08.12-04.15.57:146][107]Display: HotReload took 32.0s.
[2018.08.12-04.16.00:521][279]LogTemp: Repeating last play command: Selected Viewport
[2018.08.12-04.16.00:557][279]LogPlayLevel: PlayLevel: No blueprints needed recompiling
[2018.08.12-04.16.00:557][279]PIE: New page: PIE session: test_level (Aug 11, 2018, 8:16:00 PM)
[2018.08.12-04.16.00:558][279]LogPlayLevel: Creating play world package: /Game/UEDPIE_0_test_level
[2018.08.12-04.16.00:561][279]LogPlayLevel: PIE: StaticDuplicateObject took: (0.003463s)
[2018.08.12-04.16.00:562][279]LogAIModule: Creating AISystem for world test_level
[2018.08.12-04.16.00:562][279]LogPlayLevel: PIE: World Init took: (0.000966s)
[2018.08.12-04.16.00:562][279]LogPlayLevel: PIE: Created PIE world by copying editor world from /Game/test_level.test_level to /Game/UEDPIE_0_test_level.test_level (0.004573s)
[2018.08.12-04.16.00:690][279]LogInit: XAudio2 using 'VX240M (Intel(R) Display Audio)' : 2 channels at 48 kHz using 16 bits per sample (channel mask 0x3)
[2018.08.12-04.16.00:695][279]LogInit: FAudioDevice initialized.
[2018.08.12-04.16.00:729][279]LogLoad: Game class is 'ThirdPersonGameMode_C'
[2018.08.12-04.16.00:731][279]LogWorld: Bringing World /Game/UEDPIE_0_test_level.test_level up for play (max tick rate 0) at 2018.08.12-00.16.00
[2018.08.12-04.16.00:731][279]LogWorld: Bringing up level for play took: 0.001118
[2018.08.12-04.16.00:747][279]PIE: Play in editor start time for /Game/UEDPIE_0_test_level -0.394
[2018.08.12-04.16.30:223][814]LogSlate: Updating window title bar state: overlay mode, drag disabled, window buttons hidden, title bar hidden
[2018.08.12-04.16.30:269][814]LogPlayLevel: Display: Shutting down PIE online subsystems
[2018.08.12-04.16.30:326][814]LogSlate: Updating window title bar state: overlay mode, drag disabled, window buttons hidden, title bar hidden
[2018.08.12-04.16.30:417][815]LogPlayLevel: Display: Destroying online subsystem :Context_4
[2018.08.12-04.17.07:222][830]LogSlate: FSceneViewport::OnFocusLost() reason 0
[2018.08.12-04.17.12:324][106]LogAssetEditorManager: Opening Asset editor for Blueprint /Game/ThirdPersonBP/Blueprints/NewThirdPersonCharacter.NewThirdPersonCharacter
[2018.08.12-04.17.12:730][107]LogSlate: Took 0.000240 seconds to synchronously load lazily loaded font '../../../Engine/Content/Slate/Fonts/Roboto-Italic.ttf' (157K)
[2018.08.12-04.17.34:191][  7]LogSlate: Window 'Change Variable Type' being destroyed
[2018.08.12-04.17.38:506][185]LogSlate: Prevented a slow task dialog from being summoned while a context menu was open
[2018.08.12-04.17.43:973][428]BlueprintLog: New page: Compile NewThirdPersonCharacter
[2018.08.12-04.17.48:920][640]LogTemp: Repeating last play command: Selected Viewport
[2018.08.12-04.17.48:955][640]LogPlayLevel: PlayLevel: No blueprints needed recompiling
[2018.08.12-04.17.48:955][640]PIE: New page: PIE session: test_level (Aug 11, 2018, 8:17:48 PM)
[2018.08.12-04.17.48:955][640]LogPlayLevel: Creating play world package: /Game/UEDPIE_0_test_level
[2018.08.12-04.17.48:959][640]LogPlayLevel: PIE: StaticDuplicateObject took: (0.003065s)
[2018.08.12-04.17.48:960][640]LogAIModule: Creating AISystem for world test_level
[2018.08.12-04.17.48:960][640]LogPlayLevel: PIE: World Init took: (0.001158s)
[2018.08.12-04.17.48:960][640]LogPlayLevel: PIE: Created PIE world by copying editor world from /Game/test_level.test_level to /Game/UEDPIE_0_test_level.test_level (0.004398s)
[2018.08.12-04.17.49:027][640]LogInit: XAudio2 using 'VX240M (Intel(R) Display Audio)' : 2 channels at 48 kHz using 16 bits per sample (channel mask 0x3)
[2018.08.12-04.17.49:033][640]LogInit: FAudioDevice initialized.
[2018.08.12-04.17.49:064][640]LogLoad: Game class is 'ThirdPersonGameMode_C'
[2018.08.12-04.17.49:065][640]LogWorld: Bringing World /Game/UEDPIE_0_test_level.test_level up for play (max tick rate 0) at 2018.08.12-00.17.49
[2018.08.12-04.17.49:065][640]LogWorld: Bringing up level for play took: 0.000838
[2018.08.12-04.17.49:079][640]PIE: Play in editor start time for /Game/UEDPIE_0_test_level -0.062
[2018.08.12-04.17.49:079][640]LogOutputDevice: Warning: 

Script Stack:
NewThirdPersonCharacter_C.AddChunk
NewThirdPersonCharacter_C.ExecuteUbergraph_NewThirdPersonCharacter
NewThirdPersonCharacter_C.ReceiveTick

[2018.08.12-04.17.49:080][640]LogWindows: Windows GetLastError: The operation completed successfully. (0)
[2018.08.12-04.17.49:872][640]LogWindows: Error: === Critical error: ===
[2018.08.12-04.17.49:872][640]LogWindows: Error: 
[2018.08.12-04.17.49:872][640]LogWindows: Error: Assertion failed: (Index >= 0) & (Index < ArrayNum) [File:D:\Unreal\UE_4.20\Engine\Source\Runtime\Core\Public\Containers/Array.h] [Line: 611] 
[2018.08.12-04.17.49:872][640]LogWindows: Error: Array index out of bounds: 0 from an array of size 0
[2018.08.12-04.17.49:872][640]LogWindows: Error: 
[2018.08.12-04.17.49:872][640]LogWindows: Error: 
[2018.08.12-04.17.49:872][640]LogWindows: Error: [Callstack] 0x00007ffa94efa388 KERNELBASE.dll!UnknownFunction []
[2018.08.12-04.17.49:872][640]LogWindows: Error: [Callstack] 0x00007ffa65856850 UE4Editor-ApplicationCore.dll!UnknownFunction []
[2018.08.12-04.17.49:872][640]LogWindows: Error: [Callstack] 0x00007ffa606162ec UE4Editor-Core.dll!UnknownFunction []
[2018.08.12-04.17.49:872][640]LogWindows: Error: [Callstack] 0x00007ffa605a51cb UE4Editor-Core.dll!UnknownFunction []
[2018.08.12-04.17.49:872][640]LogWindows: Error: [Callstack] 0x00007ffa79354035 UE4Editor-RisingWaters-9638.dll!AVoxelActor::GenerateChunk() [d:\repos\ludumdare42\risingwaters\source\risingwaters\private\voxelactor.cpp:67]
[2018.08.12-04.17.49:872][640]LogWindows: Error: [Callstack] 0x00007ffa7935470b UE4Editor-RisingWaters-9638.dll!AVoxelActor::OnConstruction() [d:\repos\ludumdare42\risingwaters\source\risingwaters\private\voxelactor.cpp:54]
[2018.08.12-04.17.49:872][640]LogWindows: Error: [Callstack] 0x00007ffa404a4eaf UE4Editor-Engine.dll!UnknownFunction []
[2018.08.12-04.17.49:872][640]LogWindows: Error: [Callstack] 0x00007ffa404a8774 UE4Editor-Engine.dll!UnknownFunction []
[2018.08.12-04.17.49:872][640]LogWindows: Error: [Callstack] 0x00007ffa40ba8d4f UE4Editor-Engine.dll!UnknownFunction []
[2018.08.12-04.17.49:872][640]LogWindows: Error: [Callstack] 0x00007ffa404f95d6 UE4Editor-Engine.dll!UnknownFunction []
[2018.08.12-04.17.49:872][640]LogWindows: Error: [Callstack] 0x00007ffa44435f27 UE4Editor-CoreUObject.dll!UnknownFunction []
[2018.08.12-04.17.49:872][640]LogWindows: Error: [Callstack] 0x00007ffa4464115e UE4Editor-CoreUObject.dll!UnknownFunction []
[2018.08.12-04.17.49:872][640]LogWindows: Error: [Callstack] 0x00007ffa4465ef49 UE4Editor-CoreUObject.dll!UnknownFunction []
[2018.08.12-04.17.49:872][640]LogWindows: Error: [Callstack] 0x00007ffa44691d16 UE4Editor-CoreUObject.dll!UnknownFunction []
[2018.08.12-04.17.49:872][640]LogWindows: Error: [Callstack] 0x00007ffa44661646 UE4Editor-CoreUObject.dll!UnknownFunction []
[2018.08.12-04.17.49:872][640]LogWindows: Error: [Callstack] 0x00007ffa44641b0d UE4Editor-CoreUObject.dll!UnknownFunction []
[2018.08.12-04.17.49:872][640]LogWindows: Error: [Callstack] 0x00007ffa44661646 UE4Editor-CoreUObject.dll!UnknownFunction []
[2018.08.12-04.17.49:872][640]LogWindows: Error: [Callstack] 0x00007ffa44641b0d UE4Editor-CoreUObject.dll!UnknownFunction []
[2018.08.12-04.17.49:872][640]LogWindows: Error: [Callstack] 0x00007ffa44661646 UE4Editor-CoreUObject.dll!UnknownFunction []
[2018.08.12-04.17.49:872][640]LogWindows: Error: [Callstack] 0x00007ffa44435f27 UE4Editor-CoreUObject.dll!UnknownFunction []
[2018.08.12-04.17.49:872][640]LogWindows: Error: [Callstack] 0x00007ffa44660be3 UE4Editor-CoreUObject.dll!UnknownFunction []
[2018.08.12-04.17.49:872][640]LogWindows: Error: [Callstack] 0x00007ffa404c7fe3 UE4Editor-Engine.dll!UnknownFunction []
[2018.08.12-04.17.49:873][640]LogWindows: Error: [Callstack] 0x00007ffa4181655a UE4Editor-Engine.dll!UnknownFunction []
[2018.08.12-04.17.49:873][640]LogWindows: Error: [Callstack] 0x00007ffa404e6b2e UE4Editor-Engine.dll!UnknownFunction []
[2018.08.12-04.17.49:873][640]LogWindows: Error: [Callstack] 0x00007ffa404e72bc UE4Editor-Engine.dll!UnknownFunction []
[2018.08.12-04.17.49:873][640]LogWindows: Error: [Callstack] 0x00007ffa404a55e0 UE4Editor-Engine.dll!UnknownFunction []
[2018.08.12-04.17.49:873][640]LogWindows: Error: [Callstack] 0x00007ffa4169fdad UE4Editor-Engine.dll!UnknownFunction []
[2018.08.12-04.17.49:873][640]LogWindows: Error: [Callstack] 0x00007ffa60431f92 UE4Editor-Core.dll!UnknownFunction []
[2018.08.12-04.17.49:873][640]LogWindows: Error: [Callstack] 0x00007ffa60432456 UE4Editor-Core.dll!UnknownFunction []
[2018.08.12-04.17.49:873][640]LogWindows: Error: [Callstack] 0x00007ffa60446d25 UE4Editor-Core.dll!UnknownFunction []
[2018.08.12-04.17.49:873][640]LogWindows: Error: [Callstack] 0x00007ffa416f41f4 UE4Editor-Engine.dll!UnknownFunction []
[2018.08.12-04.17.49:873][640]LogWindows: Error: [Callstack] 0x00007ffa41703482 UE4Editor-Engine.dll!UnknownFunction []
[2018.08.12-04.17.49:873][640]LogWindows: Error: [Callstack] 0x00007ffa40e08654 UE4Editor-Engine.dll!UnknownFunction []
[2018.08.12-04.17.49:873][640]LogWindows: Error: [Callstack] 0x00007ffa40e13e73 UE4Editor-Engine.dll!UnknownFunction []
[2018.08.12-04.17.49:873][640]LogWindows: Error: [Callstack] 0x00007ffa3eac7295 UE4Editor-UnrealEd.dll!UnknownFunction []
[2018.08.12-04.17.49:873][640]LogWindows: Error: [Callstack] 0x00007ffa3f3bf0d6 UE4Editor-UnrealEd.dll!UnknownFunction []
[2018.08.12-04.17.49:873][640]LogWindows: Error: [Callstack] 0x00007ff73cae5cbd UE4Editor.exe!UnknownFunction []
[2018.08.12-04.17.49:873][640]LogWindows: Error: [Callstack] 0x00007ff73caf5b3c UE4Editor.exe!UnknownFunction []
[2018.08.12-04.17.49:873][640]LogWindows: Error: [Callstack] 0x00007ff73caf5bba UE4Editor.exe!UnknownFunction []
[2018.08.12-04.17.49:873][640]LogWindows: Error: [Callstack] 0x00007ff73cb03dac UE4Editor.exe!UnknownFunction []
[2018.08.12-04.17.49:873][640]LogWindows: Error: [Callstack] 0x00007ff73cb05aaa UE4Editor.exe!UnknownFunction []
[2018.08.12-04.17.49:873][640]LogWindows: Error: [Callstack] 0x00007ffa975a3034 KERNEL32.DLL!UnknownFunction []
[2018.08.12-04.17.49:873][640]LogWindows: Error: [Callstack] 0x00007ffa97d21431 ntdll.dll!UnknownFunction []
[2018.08.12-04.17.49:873][640]LogWindows: Error: 
[2018.08.12-04.17.49:882][640]LogExit: Executing StaticShutdownAfterError
[2018.08.12-04.17.49:886][640]LogWindows: FPlatformMisc::RequestExit(1)
[2018.08.12-04.17.49:886][640]Log file closed, 08/12/18 00:17:49
