Log file open, 08/12/18 00:57:08
LogWindows: Failed to load 'aqProf.dll' (GetLastError=126)
LogWindows: File 'aqProf.dll' does not exist
LogWindows: Failed to load 'VSPerf140.dll' (GetLastError=126)
LogWindows: File 'VSPerf140.dll' does not exist
LogWindows: Failed to load 'VtuneApi.dll' (GetLastError=126)
LogWindows: File 'VtuneApi.dll' does not exist
LogWindows: Failed to load 'VtuneApi32e.dll' (GetLastError=126)
LogWindows: File 'VtuneApi32e.dll' does not exist
LogInit: Display: Running engine for game: RisingWaters
LogPlatformFile: Not using cached read wrapper
LogTaskGraph: Started task graph with 5 named threads and 14 total threads with 3 sets of task threads.
LogStats: Stats thread started at 0.171730
LogD3D11RHI: Loaded GFSDK_Aftermath_Lib.x64.dll
LogICUInternationalization: Display: ICU TimeZone Detection - Raw Offset: -5:00, Platform Override: ''
LogPluginManager: Mounting plugin Paper2D
LogPluginManager: Mounting plugin AISupport
LogPluginManager: Mounting plugin LightPropagationVolume
LogPluginManager: Mounting plugin CLionSourceCodeAccess
LogPluginManager: Mounting plugin CodeLiteSourceCodeAccess
LogPluginManager: Mounting plugin GitSourceControl
LogPluginManager: Mounting plugin KDevelopSourceCodeAccess
LogPluginManager: Mounting plugin NullSourceCodeAccess
LogPluginManager: Mounting plugin PerforceSourceControl
LogPluginManager: Mounting plugin SubversionSourceControl
LogPluginManager: Mounting plugin UObjectPlugin
LogPluginManager: Mounting plugin VisualStudioCodeSourceCodeAccess
LogPluginManager: Mounting plugin VisualStudioSourceCodeAccess
LogPluginManager: Mounting plugin XCodeSourceCodeAccess
LogPluginManager: Mounting plugin AssetManagerEditor
LogPluginManager: Mounting plugin CryptoKeys
LogPluginManager: Mounting plugin DataValidation
LogPluginManager: Mounting plugin FacialAnimation
LogPluginManager: Mounting plugin GameplayTagsEditor
LogPluginManager: Mounting plugin MacGraphicsSwitching
LogPluginManager: Mounting plugin MeshEditor
LogPluginManager: Mounting plugin MobileLauncherProfileWizard
LogPluginManager: Mounting plugin PluginBrowser
LogPluginManager: Mounting plugin SpeedTreeImporter
LogPluginManager: Mounting plugin DatasmithContent
LogPluginManager: Mounting plugin AlembicImporter
LogPluginManager: Mounting plugin AppleImageUtils
LogPluginManager: Mounting plugin AppleVision
LogPluginManager: Mounting plugin BackChannel
LogPluginManager: Mounting plugin CharacterAI
LogPluginManager: Mounting plugin GeometryCache
LogPluginManager: Mounting plugin HTML5Networking
LogPluginManager: Mounting plugin ProxyLODPlugin
LogPluginManager: Mounting plugin MagicLeap
LogPluginManager: Mounting plugin MagicLeapEmulator
LogPluginManager: Mounting plugin MagicLeapMedia
LogPluginManager: Mounting plugin AndroidMedia
LogPluginManager: Mounting plugin AvfMedia
LogPluginManager: Mounting plugin ImgMedia
LogPluginManager: Mounting plugin LinearTimecode
LogPluginManager: Mounting plugin MediaCompositing
LogPluginManager: Mounting plugin MediaPlayerEditor
LogPluginManager: Mounting plugin WmfMedia
LogPluginManager: Mounting plugin TcpMessaging
LogPluginManager: Mounting plugin UdpMessaging
LogPluginManager: Mounting plugin ActorSequence
LogPluginManager: Mounting plugin LevelSequenceEditor
LogPluginManager: Mounting plugin MatineeToLevelSequence
LogPluginManager: Mounting plugin NetcodeUnitTest
LogPluginManager: Mounting plugin NUTUnrealEngine4
LogPluginManager: Mounting plugin OnlineSubsystemGooglePlay
LogPluginManager: Mounting plugin OnlineSubsystemIOS
LogPluginManager: Mounting plugin OnlineSubsystem
LogPluginManager: Mounting plugin OnlineSubsystemNull
LogPluginManager: Mounting plugin OnlineSubsystemUtils
LogPluginManager: Mounting plugin LauncherChunkInstaller
LogPluginManager: Mounting plugin AndroidDeviceProfileSelector
LogPluginManager: Mounting plugin AndroidMoviePlayer
LogPluginManager: Mounting plugin AndroidPermission
LogPluginManager: Mounting plugin AppleMoviePlayer
LogPluginManager: Mounting plugin ArchVisCharacter
LogPluginManager: Mounting plugin AudioCapture
LogPluginManager: Mounting plugin CableComponent
LogPluginManager: Mounting plugin CustomMeshComponent
LogPluginManager: Mounting plugin EditableMesh
LogPluginManager: Mounting plugin ExampleDeviceProfileSelector
LogPluginManager: Mounting plugin GoogleCloudMessaging
LogPluginManager: Mounting plugin ImmediatePhysics
LogPluginManager: Mounting plugin IOSDeviceProfileSelector
LogPluginManager: Mounting plugin LinuxDeviceProfileSelector
LogPluginManager: Mounting plugin LocationServicesBPLibrary
LogPluginManager: Mounting plugin MobilePatchingUtils
LogPluginManager: Mounting plugin OculusVR
LogPluginManager: Plugin shader directory ../../../Engine/Plugins/Runtime/Oculus/OculusVR/Shaders found
LogPluginManager: Mapping shader source directory ../../../Engine/Plugins/Runtime/Oculus/OculusVR/Shaders to virtual directory /Plugin/OculusVR
LogPluginManager: Mounting plugin PhysXVehicles
LogPluginManager: Mounting plugin ProceduralMeshComponent
LogPluginManager: Mounting plugin RuntimePhysXCooking
LogPluginManager: Mounting plugin SteamVR
LogPluginManager: Mounting plugin WindowsMoviePlayer
LogStreaming: Display: Took  0.097s to configure plugins.
LogInit: Using libcurl 7.55.1-DEV
LogInit:  - built for x86_64-pc-win32
LogInit:  - supports SSL with OpenSSL/1.0.2h
LogInit:  - supports HTTP deflate (compression) using libz 1.2.8
LogInit:  - other features:
LogInit:      CURL_VERSION_SSL
LogInit:      CURL_VERSION_LIBZ
LogInit:      CURL_VERSION_IPV6
LogInit:      CURL_VERSION_ASYNCHDNS
LogInit:      CURL_VERSION_LARGEFILE
LogInit:      CURL_VERSION_IDN
LogInit:  CurlRequestOptions (configurable via config and command line):
LogInit:  - bVerifyPeer = false  - Libcurl will NOT verify peer certificate
LogInit:  - bUseHttpProxy = false  - Libcurl will NOT use HTTP proxy
LogInit:  - bDontReuseConnections = false  - Libcurl will reuse connections
LogInit:  - CertBundlePath = nullptr  - Libcurl will use whatever was configured at build time.
LogInit:  - MaxHostConnections = 16  - Libcurl will limit the number of connections to a host
LogInit:  - LocalHostAddr = Default
LogInit:  - BufferSize = 65536
LogInit: WinSock: version 1.1 (2.2), MaxSocks=32767, MaxUdp=65467
LogInit: Build: ++UE4+Release-4.20-CL-4233996
LogInit: Engine Version: 4.20.1-4233996+++UE4+Release-4.20
LogInit: Compatible Engine Version: 4.20.0-4212847+++UE4+Release-4.20
LogInit: Net CL: 4212847
LogInit: OS: Windows 10 (), CPU: Intel(R) Core(TM) i5-7600K CPU @ 3.80GHz, GPU: Intel(R) HD Graphics 630
LogInit: Compiled (64-bit): Jul 26 2018 10:07:30
LogInit: Compiled with Visual C++: 19.13.26129.00
LogInit: Build Configuration: Development
LogInit: Branch Name: ++UE4+Release-4.20
LogInit: Command Line:  
LogInit: Base Directory: D:/Unreal/UE_4.20/Engine/Binaries/Win64/
LogInit: Installed Engine Build: 1
LogDevObjectVersion: Number of dev versions registered: 20
LogDevObjectVersion:   Dev-Blueprints (B0D832E4-1F89-4F0D-ACCF-7EB736FD4AA2): 10
LogDevObjectVersion:   Dev-Build (E1C64328-A22C-4D53-A36C-8E866417BD8C): 0
LogDevObjectVersion:   Dev-Core (375EC13C-06E4-48FB-B500-84F0262A717E): 2
LogDevObjectVersion:   Dev-Editor (E4B068ED-F494-42E9-A231-DA0B2E46BB41): 24
LogDevObjectVersion:   Dev-Framework (CFFC743F-43B0-4480-9391-14DF171D2073): 34
LogDevObjectVersion:   Dev-Mobile (B02B49B5-BB20-44E9-A304-32B752E40360): 2
LogDevObjectVersion:   Dev-Networking (A4E4105C-59A1-49B5-A7C5-40C4547EDFEE): 0
LogDevObjectVersion:   Dev-Online (39C831C9-5AE6-47DC-9A44-9C173E1C8E7C): 0
LogDevObjectVersion:   Dev-Physics (78F01B33-EBEA-4F98-B9B4-84EACCB95AA2): 0
LogDevObjectVersion:   Dev-Platform (6631380F-2D4D-43E0-8009-CF276956A95A): 0
LogDevObjectVersion:   Dev-Rendering (12F88B9F-8875-4AFC-A67C-D90C383ABD29): 26
LogDevObjectVersion:   Dev-Sequencer (7B5AE74C-D270-4C10-A958-57980B212A5A): 9
LogDevObjectVersion:   Dev-VR (D7296918-1DD6-4BDD-9DE2-64A83CC13884): 2
LogDevObjectVersion:   Dev-LoadTimes (C2A15278-BFE7-4AFE-6C17-90FF531DF755): 1
LogDevObjectVersion:   Private-Geometry (6EACA3D4-40EC-4CC1-B786-8BED09428FC5): 3
LogDevObjectVersion:   Dev-AnimPhys (29E575DD-E0A3-4627-9D10-D276232CDCEA): 17
LogDevObjectVersion:   Dev-ReflectionCapture (6B266CEC-1EC7-4B8F-A30B-E4D90942FC07): 1
LogDevObjectVersion:   Dev-Automation (0DF73D61-A23F-47EA-B727-89E90C41499A): 1
LogDevObjectVersion:   FortniteMain (601D1886-AC64-4F84-AA16-D3DE0DEAC7D6): 12
LogDevObjectVersion:   Dev-Enterprise (9DFFBCD6-494F-0158-E221-12823C92A888): 1
LogStreaming: Display: Took  0.001s to delete old logs.
LogInit: Presizing for max 8388607 objects, including 0 objects not considered by GC, pre-allocating 0 bytes for permanent pool.
LogInit: Object subsystem initialized
[2018.08.12-04.57.08:797][  0]LogInit: Selected Device Profile: [Windows]
[2018.08.12-04.57.08:797][  0]LogInit: Applying CVar settings loaded from the selected device profile: [Windows]
[2018.08.12-04.57.08:810][  0]LogHAL: Display: Platform has ~ 16 GB [17033011200 / 17179869184 / 16], which maps to Larger [LargestMinGB=32, LargerMinGB=12, DefaultMinGB=8, SmallerMinGB=6, SmallestMinGB=0)
[2018.08.12-04.57.08:810][  0]LogInit: Setting Device Profile CVar: [[r.Vulkan.UseRealUBs:1]]
[2018.08.12-04.57.08:810][  0]LogInit: Going up to parent DeviceProfile []
[2018.08.12-04.57.08:811][  0]LogInit: Computer: DESKTOP-719UQTD
[2018.08.12-04.57.08:811][  0]LogInit: User: Joe
[2018.08.12-04.57.08:811][  0]LogInit: CPU Page size=4096, Cores=4
[2018.08.12-04.57.08:811][  0]LogInit: High frequency timer resolution =3.703124 MHz
[2018.08.12-04.57.08:811][  0]LogMemory: Memory total: Physical=15.9GB (16GB approx)
[2018.08.12-04.57.08:811][  0]LogMemory: Platform Memory Stats for Windows
[2018.08.12-04.57.08:811][  0]LogMemory: Process Physical Memory: 100.82 MB used, 100.82 MB peak
[2018.08.12-04.57.08:811][  0]LogMemory: Process Virtual Memory: 92.36 MB used, 92.36 MB peak
[2018.08.12-04.57.08:811][  0]LogMemory: Physical Memory: 6646.77 MB used,  9597.18 MB free, 16243.95 MB total
[2018.08.12-04.57.08:811][  0]LogMemory: Virtual Memory: 4632.26 MB used,  9597.18 MB free, 134217728.00 MB total
[2018.08.12-04.57.08:827][  0]LogInit: Using OS detected language (en-US).
[2018.08.12-04.57.08:827][  0]LogInit: Using OS detected locale (en-US).
[2018.08.12-04.57.08:828][  0]LogTextLocalizationManager: No specific localization for 'en-US' exists, so the 'en' localization will be used.
[2018.08.12-04.57.09:249][  0]LogStreaming: Display: Took  0.422s to InitEngineTextLocalization.
[2018.08.12-04.57.09:249][  0]LogInit: Setting process to per monitor DPI aware
[2018.08.12-04.57.09:291][  0]LogSlate: New Slate User Created.  User Index 0, Is Virtual User: 0
[2018.08.12-04.57.09:291][  0]LogSlate: Slate User Registered.  User Index 0, Is Virtual User: 0
[2018.08.12-04.57.09:502][  0]LogHMD: Failed to initialize OpenVR with code 110
[2018.08.12-04.57.09:502][  0]LogD3D11RHI: D3D11 adapters:
[2018.08.12-04.57.09:518][  0]LogD3D11RHI:    0. 'Intel(R) HD Graphics 630' (Feature Level 11_0)
[2018.08.12-04.57.09:518][  0]LogD3D11RHI:       128/0/8121 MB DedicatedVideo/DedicatedSystem/SharedSystem, Outputs:1, VendorId:0x8086
[2018.08.12-04.57.09:574][  0]LogD3D11RHI:    1. 'NVIDIA GeForce GTX 960' (Feature Level 11_0)
[2018.08.12-04.57.09:574][  0]LogD3D11RHI:       2007/0/8121 MB DedicatedVideo/DedicatedSystem/SharedSystem, Outputs:2, VendorId:0x10de
[2018.08.12-04.57.09:578][  0]LogD3D11RHI:    2. 'Microsoft Basic Render Driver' (Feature Level 11_0)
[2018.08.12-04.57.09:578][  0]LogD3D11RHI:       0/0/8121 MB DedicatedVideo/DedicatedSystem/SharedSystem, Outputs:0, VendorId:0x1414
[2018.08.12-04.57.09:578][  0]LogD3D11RHI: Chosen D3D11 Adapter: 1
[2018.08.12-04.57.09:586][  0]LogD3D11RHI: Creating new Direct3DDevice
[2018.08.12-04.57.09:587][  0]LogD3D11RHI:     GPU DeviceId: 0x1401 (for the marketing name, search the web for "GPU Device Id")
[2018.08.12-04.57.09:587][  0]LogWindows: EnumDisplayDevices:
[2018.08.12-04.57.09:587][  0]LogWindows:    0. 'Intel(R) HD Graphics 630' (P:1 D:1)
[2018.08.12-04.57.09:587][  0]LogWindows:    1. 'Intel(R) HD Graphics 630' (P:0 D:0)
[2018.08.12-04.57.09:587][  0]LogWindows:    2. 'Intel(R) HD Graphics 630' (P:0 D:0)
[2018.08.12-04.57.09:588][  0]LogWindows:    3. 'NVIDIA GeForce GTX 960' (P:0 D:1)
[2018.08.12-04.57.09:588][  0]LogWindows:    4. 'NVIDIA GeForce GTX 960' (P:0 D:1)
[2018.08.12-04.57.09:588][  0]LogWindows:    5. 'NVIDIA GeForce GTX 960' (P:0 D:0)
[2018.08.12-04.57.09:588][  0]LogWindows:    6. 'NVIDIA GeForce GTX 960' (P:0 D:0)
[2018.08.12-04.57.09:588][  0]LogWindows: DebugString: PrimaryIsNotTheChoosenAdapter PrimaryIsNotTheChoosenAdapter PrimaryIsNotTheChoosenAdapter FoundDriverCount:4 
[2018.08.12-04.57.09:588][  0]LogD3D11RHI:     Adapter Name: NVIDIA GeForce GTX 960
[2018.08.12-04.57.09:588][  0]LogD3D11RHI:   Driver Version: 398.82 (internal:24.21.13.9882, unified:398.82)
[2018.08.12-04.57.09:588][  0]LogD3D11RHI:      Driver Date: 7-30-2018
[2018.08.12-04.57.09:588][  0]LogRHI: Texture pool is 1405 MB (70% of 2007 MB)
[2018.08.12-04.57.09:623][  0]LogD3D11RHI: Async texture creation enabled
[2018.08.12-04.57.09:642][  0]LogD3D11RHI: GPU Timing Frequency: 1000.000000 (Debug: 2 2)
[2018.08.12-04.57.09:695][  0]LogShaderCompilers: Guid format shader working directory is -2 characters bigger than the processId version (../../../../../Repos/LudumDare42/RisingWaters/Intermediate/Shaders/WorkingDirectory/20744/).
[2018.08.12-04.57.09:695][  0]LogShaderCompilers: Cleaned the shader compiler working directory 'C:/Users/Joe/AppData/Local/Temp/UnrealShaderWorkingDir/CB74DDC8412430FB55D0C599690B6675/'.
[2018.08.12-04.57.09:914][  0]LogTemp: Display: Loaded TP AllDesktopTargetPlatform
[2018.08.12-04.57.09:925][  0]LogTemp: Display: Loaded TP MacClientTargetPlatform
[2018.08.12-04.57.09:935][  0]LogTemp: Display: Loaded TP MacNoEditorTargetPlatform
[2018.08.12-04.57.09:945][  0]LogTemp: Display: Loaded TP MacServerTargetPlatform
[2018.08.12-04.57.09:956][  0]LogTemp: Display: Loaded TP MacTargetPlatform
[2018.08.12-04.57.09:966][  0]LogTemp: Display: Loaded TP WindowsClientTargetPlatform
[2018.08.12-04.57.09:976][  0]LogTemp: Display: Loaded TP WindowsNoEditorTargetPlatform
[2018.08.12-04.57.09:986][  0]LogTemp: Display: Loaded TP WindowsServerTargetPlatform
[2018.08.12-04.57.09:991][  0]LogTemp: Display: Loaded TP WindowsTargetPlatform
[2018.08.12-04.57.10:057][  0]LogTemp: Display: Loaded TP AndroidTargetPlatform
[2018.08.12-04.57.10:057][  0]LogTemp: Display: Loaded TP AndroidTargetPlatform
[2018.08.12-04.57.10:057][  0]LogTemp: Display: Loaded TP AndroidTargetPlatform
[2018.08.12-04.57.10:057][  0]LogTemp: Display: Loaded TP AndroidTargetPlatform
[2018.08.12-04.57.10:057][  0]LogTemp: Display: Loaded TP AndroidTargetPlatform
[2018.08.12-04.57.10:057][  0]LogTemp: Display: Loaded TP AndroidTargetPlatform
[2018.08.12-04.57.10:057][  0]LogTemp: Display: Loaded TP AndroidTargetPlatform
[2018.08.12-04.57.10:057][  0]LogTemp: Display: Loaded TP AndroidTargetPlatform
[2018.08.12-04.57.10:057][  0]LogTemp: Display: Loaded TP AndroidTargetPlatform
[2018.08.12-04.57.10:057][  0]LogTemp: Display: Loaded TP AndroidTargetPlatform
[2018.08.12-04.57.10:057][  0]LogTemp: Display: Loaded TP AndroidTargetPlatform
[2018.08.12-04.57.10:057][  0]LogTemp: Display: Loaded TP AndroidTargetPlatform
[2018.08.12-04.57.10:057][  0]LogTemp: Display: Loaded TP AndroidTargetPlatform
[2018.08.12-04.57.10:057][  0]LogTemp: Display: Loaded TP AndroidTargetPlatform
[2018.08.12-04.57.10:057][  0]LogTemp: Display: Loaded TP AndroidTargetPlatform
[2018.08.12-04.57.10:057][  0]LogTemp: Display: Loaded TP AndroidTargetPlatform
[2018.08.12-04.57.10:057][  0]LogTemp: Display: Loaded TP AndroidTargetPlatform
[2018.08.12-04.57.10:057][  0]LogTemp: Display: Loaded TP AndroidTargetPlatform
[2018.08.12-04.57.10:059][  0]LogTemp: Display: Loaded TP HTML5TargetPlatform
[2018.08.12-04.57.10:116][  0]LogTemp: Display: Loaded TP IOSTargetPlatform
[2018.08.12-04.57.10:116][  0]LogTemp: Display: Loaded TP IOSTargetPlatform
[2018.08.12-04.57.10:136][  0]LogTemp: Display: Loaded TP TVOSTargetPlatform
[2018.08.12-04.57.10:136][  0]LogTemp: Display: Loaded TP TVOSTargetPlatform
[2018.08.12-04.57.10:146][  0]LogTemp: Display: Loaded TP LinuxClientTargetPlatform
[2018.08.12-04.57.10:157][  0]LogTemp: Display: Loaded TP LinuxNoEditorTargetPlatform
[2018.08.12-04.57.10:168][  0]LogTemp: Display: Loaded TP LinuxServerTargetPlatform
[2018.08.12-04.57.10:179][  0]LogTemp: Display: Loaded TP LinuxTargetPlatform
[2018.08.12-04.57.10:187][  0]LogTemp: Display: Loaded TP LuminTargetPlatform
[2018.08.12-04.57.10:187][  0]LogTargetPlatformManager: Display: Building Assets For Windows
[2018.08.12-04.57.10:225][  0]LogXGEController: Cleaning working directory: C:/Users/Joe/AppData/Local/Temp/UnrealXGEWorkingDir/
[2018.08.12-04.57.10:226][  0]LogXGEController: Cannot use XGE Controller as Incredibuild is not installed on this machine.
[2018.08.12-04.57.10:226][  0]LogShaderCompilers: Cannot use XGE Shader Compiler as Incredibuild is not installed on this machine.
[2018.08.12-04.57.10:226][  0]LogShaderCompilers: Display: Using Local Shader Compiler.
[2018.08.12-04.57.10:785][  0]LogDerivedDataCache: Display: Max Cache Size: 512 MB
[2018.08.12-04.57.10:841][  0]LogDerivedDataCache: Loaded boot cache 0.06s 71MB C:/Users/Joe/AppData/Local/UnrealEngine/4.20/DerivedDataCache/Boot.ddc.
[2018.08.12-04.57.10:842][  0]LogDerivedDataCache: Display: Loaded Boot cache: C:/Users/Joe/AppData/Local/UnrealEngine/4.20/DerivedDataCache/Boot.ddc
[2018.08.12-04.57.10:842][  0]LogDerivedDataCache: FDerivedDataBackendGraph:  Pak pak cache file ../../../../../Repos/LudumDare42/RisingWaters/DerivedDataCache/DDC.ddp not found, will not use a pak cache.
[2018.08.12-04.57.10:842][  0]LogDerivedDataCache: Unable to find inner node Pak for hierarchical cache Hierarchy.
[2018.08.12-04.57.10:842][  0]LogDerivedDataCache: FDerivedDataBackendGraph:  CompressedPak pak cache file ../../../../../Repos/LudumDare42/RisingWaters/DerivedDataCache/Compressed.ddp not found, will not use a pak cache.
[2018.08.12-04.57.10:842][  0]LogDerivedDataCache: Unable to find inner node CompressedPak for hierarchical cache Hierarchy.
[2018.08.12-04.57.10:853][  0]LogDerivedDataCache: Display: Pak cache opened for reading ../../../Engine/DerivedDataCache/Compressed.ddp.
[2018.08.12-04.57.10:864][  0]LogDerivedDataCache: Using Local data cache path C:/Users/Joe/AppData/Local/UnrealEngine/Common/DerivedDataCache: Writable
[2018.08.12-04.57.10:864][  0]LogDerivedDataCache: Shared data cache path not found in *engine.ini, will not use an Shared cache.
[2018.08.12-04.57.10:864][  0]LogDerivedDataCache: Unable to find inner node Shared for hierarchical cache Hierarchy.
[2018.08.12-04.57.10:879][  0]LogMaterial: Verifying Global Shaders for PCD3D_SM5
[2018.08.12-04.57.10:881][  0]LogSlate: Using FreeType 2.6.0
[2018.08.12-04.57.10:881][  0]LogSlate: SlateFontServices - WITH_FREETYPE: 1, WITH_HARFBUZZ: 1
[2018.08.12-04.57.10:947][  0]LogAssetRegistry: FAssetRegistry took 0.0258 seconds to start up
[2018.08.12-04.57.11:194][  0]LogInit: Selected Device Profile: [Windows]
[2018.08.12-04.57.11:302][  0]LogSimplygon: Simplygon DLL not present - disabling.
[2018.08.12-04.57.11:304][  0]LogMeshReduction: Using SimplygonSwarm for distributed automatic mesh merging
[2018.08.12-04.57.11:304][  0]LogMeshReduction: Using ProxyLODMeshReduction for automatic mesh merging
[2018.08.12-04.57.11:304][  0]LogMeshReduction: Using QuadricMeshReduction for automatic static mesh reduction
[2018.08.12-04.57.11:304][  0]LogMeshReduction: No automatic skeletal mesh reduction module available
[2018.08.12-04.57.11:325][  0]LogNetVersion: RisingWaters 1.0.0, NetCL: 4212847, EngineNetVer: 5, GameNetVer: 0 (Checksum: 293886760)
[2018.08.12-04.57.11:870][  0]LogPackageLocalizationCache: Processed 11 localized package path(s) for 2 prioritized culture(s) in 0.190158 seconds
[2018.08.12-04.57.11:877][  0]LogUObjectArray: 38425 objects as part of root set at end of initial load.
[2018.08.12-04.57.11:877][  0]LogUObjectAllocator: 6690864 out of 0 bytes used by permanent object pool.
[2018.08.12-04.57.11:877][  0]LogUObjectArray: CloseDisregardForGC: 0/0 objects in disregard for GC pool
[2018.08.12-04.57.12:530][  0]LogTcpMessaging: Initializing TcpMessaging bridge
[2018.08.12-04.57.12:544][  0]LogUdpMessaging: Initializing bridge on interface 0.0.0.0:0 to multicast group 230.0.0.1:6666.
[2018.08.12-04.57.12:679][  0]SourceControl: Source control is disabled
[2018.08.12-04.57.12:679][  0]SourceControl: Source control is disabled
[2018.08.12-04.57.12:680][  0]SourceControl: Source control is disabled
[2018.08.12-04.57.12:680][  0]SourceControl: Source control is disabled
[2018.08.12-04.57.12:831][  0]LogAndroidPermission: UAndroidPermissionCallbackProxy::GetInstance
[2018.08.12-04.57.13:048][  0]LogOcInput: OculusInput pre-init called
[2018.08.12-04.57.13:097][  0]LogEngine: Initializing Engine...
[2018.08.12-04.57.13:098][  0]LogHMD: Failed to initialize OpenVR with code 110
[2018.08.12-04.57.13:099][  0]LogStats: UGameplayTagsManager::ConstructGameplayTagTree: ImportINI prefixes -  0.000 s
[2018.08.12-04.57.13:099][  0]LogStats: UGameplayTagsManager::ConstructGameplayTagTree: Construct from data asset -  0.000 s
[2018.08.12-04.57.13:099][  0]LogStats: UGameplayTagsManager::ConstructGameplayTagTree: ImportINI -  0.000 s
[2018.08.12-04.57.13:099][  0]LogStats: UGameplayTagsManager::ConstructGameplayTagTree: GameplayTagTreeChangedEvent.Broadcast -  0.000 s
[2018.08.12-04.57.13:292][  0]LogInit: Initializing FReadOnlyCVARCache
[2018.08.12-04.57.13:300][  0]LogAIModule: Creating AISystem for world Untitled
[2018.08.12-04.57.13:355][  0]LogInit: XAudio2 using 'VX240M (Intel(R) Display Audio)' : 2 channels at 48 kHz using 16 bits per sample (channel mask 0x3)
[2018.08.12-04.57.13:362][  0]LogInit: FAudioDevice initialized.
[2018.08.12-04.57.13:363][  0]LogNetVersion: Set ProjectVersion to 1.0.0.0. Version Checksum will be recalculated on next use.
[2018.08.12-04.57.13:439][  0]LogDerivedDataCache: Saved boot cache 0.08s 71MB C:/Users/Joe/AppData/Local/UnrealEngine/4.20/DerivedDataCache/Boot.ddc.
[2018.08.12-04.57.13:454][  0]LogInit: Texture streaming: Enabled
[2018.08.12-04.57.13:464][  0]LogEngineSessionManager: EngineSessionManager initialized
[2018.08.12-04.57.13:474][  0]LogInit: Transaction tracking system initialized
[2018.08.12-04.57.13:486][  0]BlueprintLog: New page: Editor Load
[2018.08.12-04.57.13:531][  0]LocalizationService: Localization service is disabled
[2018.08.12-04.57.13:733][  0]LogCook: Display: Max memory allowance for cook 16384mb min free memory 0mb
[2018.08.12-04.57.13:733][  0]LogCook: Display: Mobile HDR setting 1
[2018.08.12-04.57.13:733][  0]LogGameplayTags: Display: UGameplayTagsManager::DoneAddingNativeTags. DelegateIsBound: 0
[2018.08.12-04.57.13:733][  0]LogStats: UGameplayTagsManager::ConstructGameplayTagTree: ImportINI prefixes -  0.000 s
[2018.08.12-04.57.13:733][  0]LogStats: UGameplayTagsManager::ConstructGameplayTagTree: Construct from data asset -  0.000 s
[2018.08.12-04.57.13:733][  0]LogStats: UGameplayTagsManager::ConstructGameplayTagTree: ImportINI -  0.000 s
[2018.08.12-04.57.13:733][  0]LogStats: UGameplayTagsManager::ConstructGameplayTagTree: GameplayTagTreeChangedEvent.Broadcast -  0.000 s
[2018.08.12-04.57.13:814][  0]LogFileCache: Scanning file cache for directory 'D:/Repos/LudumDare42/RisingWaters/Content/' took 0.01s
[2018.08.12-04.57.13:814][  0]SourceControl: Source control is disabled
[2018.08.12-04.57.13:814][  0]Cmd: MAP LOAD FILE="../../../../../Repos/LudumDare42/RisingWaters/Content/ThirdPersonBP/Maps/ThirdPersonExampleMap.umap" TEMPLATE=0 SHOWPROGRESS=1 FEATURELEVEL=3
[2018.08.12-04.57.13:814][  0]LightingResults: New page: Lighting Build
[2018.08.12-04.57.13:816][  0]MapCheck: New page: Map Check
[2018.08.12-04.57.13:816][  0]LightingResults: New page: Lighting Build
[2018.08.12-04.57.14:199][  0]LogAIModule: Creating AISystem for world ThirdPersonExampleMap
[2018.08.12-04.57.14:214][  0]LogEditorServer: Finished looking for orphan Actors (0.000 secs)
[2018.08.12-04.57.14:236][  0]Cmd: MAP CHECKDEP NOCLEARLOG
[2018.08.12-04.57.14:278][  0]MapCheck: Map check complete: 0 Error(s), 0 Warning(s), took 41.712ms to complete.
[2018.08.12-04.57.14:278][  0]LogFileHelpers: Loading map 'ThirdPersonExampleMap' took 0.464
[2018.08.12-04.57.14:405][  0]LogSlate: Updating window title bar state: overlay mode, drag disabled, window buttons hidden, title bar hidden
[2018.08.12-04.57.14:415][  0]LogSlate: Updating window title bar state: overlay mode, drag disabled, window buttons hidden, title bar hidden
[2018.08.12-04.57.14:422][  0]LogSlate: Updating window title bar state: overlay mode, drag disabled, window buttons hidden, title bar hidden
[2018.08.12-04.57.14:430][  0]LogSlate: Updating window title bar state: overlay mode, drag disabled, window buttons hidden, title bar hidden
[2018.08.12-04.57.14:433][  0]LogCollectionManager: Loaded 0 collections in 0.000675 seconds
[2018.08.12-04.57.14:476][  0]LogFileCache: Scanning file cache for directory 'D:/Repos/LudumDare42/RisingWaters/Saved/Collections/' took 0.01s
[2018.08.12-04.57.14:476][  0]LogFileCache: Scanning file cache for directory 'D:/Repos/LudumDare42/RisingWaters/Content/Developers/Joe/Collections/' took 0.01s
[2018.08.12-04.57.14:476][  0]LogFileCache: Scanning file cache for directory 'D:/Repos/LudumDare42/RisingWaters/Content/Collections/' took 0.01s
[2018.08.12-04.57.14:476][  0]LogCollectionManager: Rebuilt the GUID cache for 0 collections in 0.000000 seconds
[2018.08.12-04.57.14:484][  0]LogContentBrowser: Native class hierarchy populated in 0.0076 seconds. Added 2575 classes and 606 folders.
[2018.08.12-04.57.14:488][  0]LogContentBrowser: Native class hierarchy updated for 'WidgetCarousel' in 0.0003 seconds. Added 0 classes and 0 folders.
[2018.08.12-04.57.14:517][  0]LogContentBrowser: Native class hierarchy updated for 'AddContentDialog' in 0.0003 seconds. Added 0 classes and 0 folders.
[2018.08.12-04.57.14:521][  0]LogContentBrowser: Native class hierarchy updated for 'SceneOutliner' in 0.0003 seconds. Added 1 classes and 2 folders.
[2018.08.12-04.57.14:574][  0]LogSlate: Took 0.000248 seconds to synchronously load lazily loaded font '../../../Engine/Content/Slate/Fonts/Roboto-Regular.ttf' (155K)
[2018.08.12-04.57.14:576][  0]LogSlate: Took 0.000186 seconds to synchronously load lazily loaded font '../../../Engine/Content/Slate/Fonts/Roboto-Bold.ttf' (160K)
[2018.08.12-04.57.14:585][  0]LogSlate: Took 0.002810 seconds to synchronously load lazily loaded font '../../../Engine/Content/Editor/Slate/Fonts/FontAwesome.ttf' (139K)
[2018.08.12-04.57.14:667][  0]LogRenderer: Reallocating scene render targets to support 1216x568 Format 9 NumSamples 1 (Frame:1).
[2018.08.12-04.57.14:805][  0]LogContentBrowser: Native class hierarchy updated for 'HierarchicalLODOutliner' in 0.0010 seconds. Added 0 classes and 0 folders.
[2018.08.12-04.57.14:805][  0]LogLoad: (Engine Initialization) Total time: 7.11 seconds
[2018.08.12-04.57.14:806][  0]LogLoad: (Engine Initialization) Total Blueprint compile time: 0.00 seconds
[2018.08.12-04.57.14:816][  0]LogWindowsTextInputMethodSystem: Display: IME system now deactivated.
[2018.08.12-04.57.14:835][  0]LogAssetRegistry: Asset discovery search completed in 3.9104 seconds
[2018.08.12-04.57.14:837][  0]LogCollectionManager: Rebuilt the object cache for 0 collections in 0.000001 seconds (found 0 objects)
[2018.08.12-04.57.14:837][  0]LogCollectionManager: Fixed up redirectors for 0 collections in 0.000142 seconds (updated 0 objects)
[2018.08.12-04.57.14:839][  0]LogContentStreaming: Texture pool size now 3000 MB
[2018.08.12-04.57.14:863][  0]LogSlate: Took 0.000123 seconds to synchronously load lazily loaded font '../../../Engine/Content/Slate/Fonts/Roboto-Light.ttf' (167K)
[2018.08.12-04.57.15:852][ 82]LogSlate: Took 0.000314 seconds to synchronously load lazily loaded font '../../../Engine/Content/Slate/Fonts/Roboto-Light.ttf' (167K)
[2018.08.12-04.57.24:562][861]LogSlate: FSceneViewport::OnFocusLost() reason 0
[2018.08.12-04.57.25:883][977]LogAIModule: Creating AISystem for world test_level
[2018.08.12-04.57.25:891][977]LogAssetEditorManager: Opening Asset editor for World /Game/test_level.test_level
[2018.08.12-04.57.25:912][977]Cmd: MAP LOAD FILE="../../../../../Repos/LudumDare42/RisingWaters/Content/test_level.umap" TEMPLATE=0 SHOWPROGRESS=1 FEATURELEVEL=3
[2018.08.12-04.57.25:912][977]LightingResults: New page: Lighting Build
[2018.08.12-04.57.25:912][977]LoadErrors: New page: Loading map: test_level.umap
[2018.08.12-04.57.25:913][977]MapCheck: New page: Map Check
[2018.08.12-04.57.25:913][977]LightingResults: New page: Lighting Build
[2018.08.12-04.57.25:981][977]LogEditorServer: Finished looking for orphan Actors (0.000 secs)
[2018.08.12-04.57.26:019][977]Cmd: MAP CHECKDEP NOCLEARLOG
[2018.08.12-04.57.26:057][977]MapCheck: Map check complete: 0 Error(s), 0 Warning(s), took 37.832ms to complete.
[2018.08.12-04.57.26:057][977]LogFileHelpers: Loading map 'test_level' took 0.146
[2018.08.12-04.57.27:695][120]LogTemp: Repeating last play command: Selected Viewport
[2018.08.12-04.57.27:714][120]LogPlayLevel: PlayLevel: No blueprints needed recompiling
[2018.08.12-04.57.27:726][120]PIE: New page: PIE session: test_level (Aug 11, 2018, 8:57:27 PM)
[2018.08.12-04.57.27:726][120]LogPlayLevel: Creating play world package: /Game/UEDPIE_0_test_level
[2018.08.12-04.57.27:730][120]LogPlayLevel: PIE: StaticDuplicateObject took: (0.003770s)
[2018.08.12-04.57.27:731][120]LogAIModule: Creating AISystem for world test_level
[2018.08.12-04.57.27:731][120]LogPlayLevel: PIE: World Init took: (0.000919s)
[2018.08.12-04.57.27:731][120]LogPlayLevel: PIE: Created PIE world by copying editor world from /Game/test_level.test_level to /Game/UEDPIE_0_test_level.test_level (0.004884s)
[2018.08.12-04.57.27:781][120]LogInit: XAudio2 using 'VX240M (Intel(R) Display Audio)' : 2 channels at 48 kHz using 16 bits per sample (channel mask 0x3)
[2018.08.12-04.57.27:785][120]LogInit: FAudioDevice initialized.
[2018.08.12-04.57.27:925][120]LogLoad: Game class is 'ThirdPersonGameMode_C'
[2018.08.12-04.57.27:927][120]LogWorld: Bringing World /Game/UEDPIE_0_test_level.test_level up for play (max tick rate 0) at 2018.08.12-00.57.27
[2018.08.12-04.57.27:927][120]LogWorld: Bringing up level for play took: 0.000793
[2018.08.12-04.57.27:942][120]LogContentBrowser: Native class hierarchy updated for 'MovieSceneCapture' in 0.0003 seconds. Added 10 classes and 0 folders.
[2018.08.12-04.57.27:944][120]PIE: Play in editor start time for /Game/UEDPIE_0_test_level 0.803
[2018.08.12-04.58.06:603][593]LogSlate: Updating window title bar state: overlay mode, drag disabled, window buttons hidden, title bar hidden
[2018.08.12-04.58.06:642][593]LogPlayLevel: Display: Shutting down PIE online subsystems
[2018.08.12-04.58.06:666][593]LogSlate: Updating window title bar state: overlay mode, drag disabled, window buttons hidden, title bar hidden
[2018.08.12-04.58.06:757][594]LogPlayLevel: Display: Destroying online subsystem :Context_3
[2018.08.12-04.58.16:601][462]LogSlate: FSceneViewport::OnFocusLost() reason 0
[2018.08.12-04.58.20:473][757]LogAssetEditorManager: Opening Asset editor for Blueprint /Game/ThirdPersonBP/Blueprints/ThirdPersonCharacter.ThirdPersonCharacter
[2018.08.12-04.58.20:881][757]LogContentBrowser: Native class hierarchy updated for 'BlueprintGraph' in 0.0006 seconds. Added 116 classes and 0 folders.
[2018.08.12-04.58.21:577][757]LogSlate: Took 0.003101 seconds to synchronously load lazily loaded font '../../../Engine/Content/Slate/Fonts/Roboto-BoldCondensed.ttf' (158K)
[2018.08.12-04.58.21:773][758]LogSlate: Took 0.000456 seconds to synchronously load lazily loaded font '../../../Engine/Content/Slate/Fonts/Roboto-Italic.ttf' (157K)
[2018.08.12-04.58.29:481][135]LogAssetEditorManager: Opening Asset editor for Blueprint /Game/ThirdPersonBP/Blueprints/NewThirdPersonCharacter.NewThirdPersonCharacter
[2018.08.12-04.59.35:494][171]LogSlate: Took 0.000339 seconds to synchronously load lazily loaded font '../../../Engine/Content/Slate/Fonts/Roboto-BoldCondensedItalic.ttf' (160K)
[2018.08.12-04.59.59:639][724]BlueprintLog: New page: Compile ThirdPersonCharacter
[2018.08.12-05.00.13:920][614]BlueprintLog: New page: Compile ThirdPersonCharacter
[2018.08.12-05.01.27:694][293]LogClass: Warning: Type mismatch in ChunksCoord of SKEL_ThirdPersonCharacter_C - Previous (IntProperty) Current(StructProperty) for package:  FObjectReader
[2018.08.12-05.01.30:827][488]LogClass: Warning: Type mismatch in ChunksCoord of SKEL_ThirdPersonCharacter_C - Previous (StructProperty) Current(ArrayProperty) for package:  FObjectReader
[2018.08.12-05.02.20:362][636]BlueprintLog: New page: Compile ThirdPersonCharacter
[2018.08.12-05.02.20:411][636]LogBlueprint: Warning: [Compiler ThirdPersonCharacter] Could not find a variable named "CunkLineElements" in 'ThirdPersonCharacter_C'.
Make sure 'ThirdPersonCharacter_C' has been compiled for  Get CunkLineElements
[2018.08.12-05.02.20:413][636]LogBlueprint: Error: [Compiler ThirdPersonCharacter] The property associated with  Cunk Line Elements  could not be found in '/Game/ThirdPersonBP/Blueprints/ThirdPersonCharacter.ThirdPersonCharacter_C'
[2018.08.12-05.02.20:414][636]LogBlueprint: Warning: [Compiler ThirdPersonCharacter] Can't parse default value '200' for  <None> . Property: Chunks.
[2018.08.12-05.02.20:414][636]LogBlueprint: Warning: [Compiler ThirdPersonCharacter] Can't parse default value '200' for  <None> . Property: ChunksCoord.
[2018.08.12-05.02.20:576][636]LogBlueprint: Warning: [Compiler ThirdPersonCharacter] [0312.88] Compile of ThirdPersonCharacter failed. 1 Fatal Issue(s) 3 Warning(s) [in 213 ms] (/Game/ThirdPersonBP/Blueprints/ThirdPersonCharacter.ThirdPersonCharacter)
[2018.08.12-05.02.51:906][637]BlueprintLog: New page: Compile ThirdPersonCharacter
[2018.08.12-05.02.53:425][709]LogSavePackage: Moving '../../../../../Repos/LudumDare42/RisingWaters/Saved/ThirdPersonCharacterE48F831C4538CDAA1A5B3FBE4139820A.tmp' to '../../../../../Repos/LudumDare42/RisingWaters/Content/ThirdPersonBP/Blueprints/ThirdPersonCharacter.uasset'
[2018.08.12-05.03.19:968][368]BlueprintLog: New page: Compile ThirdPersonCharacter
[2018.08.12-05.03.20:018][368]LogBlueprint: Warning: [Compiler ThirdPersonCharacter] Could not find a variable named "CharacterPosition" in 'ThirdPersonCharacter_C'.
Make sure 'ThirdPersonCharacter_C' has been compiled for  Set CharacterPosition
[2018.08.12-05.03.20:020][368]LogBlueprint: Error: [Compiler ThirdPersonCharacter] The property associated with  Character Position  could not be found in '/Game/ThirdPersonBP/Blueprints/ThirdPersonCharacter.ThirdPersonCharacter_C'
[2018.08.12-05.03.20:168][368]LogBlueprint: Warning: [Compiler ThirdPersonCharacter] [0372.47] Compile of ThirdPersonCharacter failed. 1 Fatal Issue(s) 1 Warning(s) [in 199 ms] (/Game/ThirdPersonBP/Blueprints/ThirdPersonCharacter.ThirdPersonCharacter)
[2018.08.12-05.03.35:275][257]BlueprintLog: New page: Compile ThirdPersonCharacter
[2018.08.12-05.03.49:155][ 53]BlueprintLog: New page: Compile ThirdPersonCharacter
[2018.08.12-05.04.23:978][102]BlueprintLog: New page: Compile ThirdPersonCharacter
[2018.08.12-05.04.36:972][882]LogProperty: Warning: Illegal TEXT reference to a private object in external package (EdGraph /Game/ThirdPersonBP/Blueprints/NewThirdPersonCharacter.NewThirdPersonCharacter:CheckRadius) from referencer (K2Node_MacroInstance /Game/ThirdPersonBP/Blueprints/ThirdPersonCharacter.ThirdPersonCharacter:RemoveChunk.K2Node_MacroInstance_1).  Import failed...
[2018.08.12-05.04.36:972][882]LogProperty: Warning: ObjectProperty /Script/Engine.GraphReference:MacroGraph: unresolved reference to 'EdGraph'"CheckRadius"',GraphBlueprint=Blueprint'"/Game/ThirdPersonBP/Blueprints/NewThirdPersonCharacter.NewThirdPersonCharacter"',GraphGuid=6BD47DB7495175BC66BCC4BBAFA4F182)'
[2018.08.12-05.05.40:643][729]BlueprintLog: New page: Compile ThirdPersonCharacter
[2018.08.12-05.05.46:489][ 68]BlueprintLog: New page: Compile ThirdPersonCharacter
[2018.08.12-05.05.48:668][175]LogSavePackage: Moving '../../../../../Repos/LudumDare42/RisingWaters/Saved/ThirdPersonCharacterFB12DF8A44EC91B33F03A2A0780FBD30.tmp' to '../../../../../Repos/LudumDare42/RisingWaters/Content/ThirdPersonBP/Blueprints/ThirdPersonCharacter.uasset'
[2018.08.12-05.05.54:656][544]BlueprintLog: New page: Compile NewThirdPersonCharacter
[2018.08.12-05.06.00:076][760]LogSlate: Window 'Save Content' being destroyed
[2018.08.12-05.06.00:231][760]LogSavePackage: Moving '../../../../../Repos/LudumDare42/RisingWaters/Saved/NewThirdPersonCharacter83CE70654D2B803A5FB2728A37EDE17C.tmp' to '../../../../../Repos/LudumDare42/RisingWaters/Content/ThirdPersonBP/Blueprints/NewThirdPersonCharacter.uasset'
[2018.08.12-05.06.00:309][760]LogSlate: Window 'ThirdPersonCharacter' being destroyed
[2018.08.12-05.06.00:377][760]LogActorComponent: UnregisterComponent: (/Engine/Transient.EditorFloorComp) Not registered. Aborting.
[2018.08.12-05.06.00:434][760]LogSlate: Window 'RisingWaters - Unreal Editor' being destroyed
[2018.08.12-05.06.00:435][760]LogWindowsTextInputMethodSystem: Display: IME system now deactivated.
[2018.08.12-05.06.00:667][761]Cmd: QUIT_EDITOR
[2018.08.12-05.06.00:939][761]LogExit: Preparing to exit.
[2018.08.12-05.06.02:110][761]LogExit: Editor shut down
[2018.08.12-05.06.02:111][761]LogExit: Transaction tracking system shut down
[2018.08.12-05.06.02:603][761]LogExit: Object subsystem successfully closed.
[2018.08.12-05.06.02:622][761]LogShaderCompilers: Display: Shaders left to compile 0
[2018.08.12-05.06.02:626][761]LogD3D11RHI: Shutdown
[2018.08.12-05.06.02:626][761]LogD3D11RHI: CleanupD3DDevice
[2018.08.12-05.06.02:628][761]LogD3D11RHI: ~FD3D11DynamicRHI
[2018.08.12-05.06.02:637][761]LogModuleManager: Shutting down and abandoning module BlueprintGraph (618)
[2018.08.12-05.06.02:637][761]LogModuleManager: Shutting down and abandoning module MovieSceneCapture (616)
[2018.08.12-05.06.02:637][761]LogModuleManager: Shutting down and abandoning module Voice (614)
[2018.08.12-05.06.02:637][761]LogModuleManager: Shutting down and abandoning module HierarchicalLODOutliner (612)
[2018.08.12-05.06.02:637][761]LogModuleManager: Shutting down and abandoning module SceneOutliner (610)
[2018.08.12-05.06.02:637][761]LogModuleManager: Shutting down and abandoning module AddContentDialog (608)
[2018.08.12-05.06.02:638][761]LogModuleManager: Shutting down and abandoning module WidgetCarousel (607)
[2018.08.12-05.06.02:638][761]LogModuleManager: Shutting down and abandoning module EditorWidgets (604)
[2018.08.12-05.06.02:638][761]LogModuleManager: Shutting down and abandoning module CollectionManager (602)
[2018.08.12-05.06.02:638][761]LogModuleManager: Shutting down and abandoning module StatsViewer (600)
[2018.08.12-05.06.02:638][761]LogModuleManager: Shutting down and abandoning module FoliageEdit (598)
[2018.08.12-05.06.02:638][761]LogModuleManager: Shutting down and abandoning module LandscapeEditor (596)
[2018.08.12-05.06.02:638][761]LogModuleManager: Shutting down and abandoning module MeshPaintMode (594)
[2018.08.12-05.06.02:638][761]LogModuleManager: Shutting down and abandoning module SceneDepthPickerMode (592)
[2018.08.12-05.06.02:638][761]LogModuleManager: Shutting down and abandoning module ActorPickerMode (590)
[2018.08.12-05.06.02:638][761]LogModuleManager: Shutting down and abandoning module GeometryMode (588)
[2018.08.12-05.06.02:638][761]LogModuleManager: Shutting down and abandoning module TextureAlignMode (586)
[2018.08.12-05.06.02:638][761]LogModuleManager: Shutting down and abandoning module BspMode (584)
[2018.08.12-05.06.02:638][761]LogModuleManager: Shutting down and abandoning module PIEPreviewDeviceProfileSelector (582)
[2018.08.12-05.06.02:638][761]LogModuleManager: Shutting down and abandoning module SequenceRecorderSections (580)
[2018.08.12-05.06.02:638][761]LogModuleManager: Shutting down and abandoning module AutomationWorker (578)
[2018.08.12-05.06.02:638][761]LogModuleManager: Shutting down and abandoning module AudioCaptureEditor (576)
[2018.08.12-05.06.02:638][761]LogModuleManager: Shutting down and abandoning module SequenceRecorder (575)
[2018.08.12-05.06.02:638][761]LogModuleManager: Shutting down and abandoning module MatineeToLevelSequence (572)
[2018.08.12-05.06.02:638][761]LogModuleManager: Shutting down and abandoning module LevelSequenceEditor (570)
[2018.08.12-05.06.02:638][761]LogModuleManager: Shutting down and abandoning module PlacementMode (569)
[2018.08.12-05.06.02:638][761]LogModuleManager: Shutting down and abandoning module MaterialEditor (568)
[2018.08.12-05.06.02:638][761]LogModuleManager: Shutting down and abandoning module WmfMediaFactory (564)
[2018.08.12-05.06.02:638][761]LogModuleManager: Shutting down and abandoning module WmfMediaEditor (562)
[2018.08.12-05.06.02:639][761]LogModuleManager: Shutting down and abandoning module MediaPlayerEditor (560)
[2018.08.12-05.06.02:639][761]LogModuleManager: Shutting down and abandoning module OpenExrWrapper (558)
[2018.08.12-05.06.02:639][761]LogModuleManager: Shutting down and abandoning module ImgMediaFactory (556)
[2018.08.12-05.06.02:639][761]LogModuleManager: Shutting down and abandoning module ImgMediaEditor (554)
[2018.08.12-05.06.02:639][761]LogModuleManager: Shutting down and abandoning module AvfMediaFactory (552)
[2018.08.12-05.06.02:639][761]LogModuleManager: Shutting down and abandoning module AvfMediaEditor (550)
[2018.08.12-05.06.02:639][761]LogModuleManager: Shutting down and abandoning module AndroidMediaFactory (548)
[2018.08.12-05.06.02:639][761]LogModuleManager: Shutting down and abandoning module AndroidMediaEditor (546)
[2018.08.12-05.06.02:639][761]LogModuleManager: Shutting down and abandoning module MagicLeapCameraPreviewFactory (544)
[2018.08.12-05.06.02:639][761]LogModuleManager: Shutting down and abandoning module MagicLeapMediaFactory (542)
[2018.08.12-05.06.02:639][761]LogModuleManager: Shutting down and abandoning module MagicLeapMediaEditor (540)
[2018.08.12-05.06.02:639][761]LogModuleManager: Shutting down and abandoning module CharacterAI (538)
[2018.08.12-05.06.02:639][761]LogModuleManager: Shutting down and abandoning module SmartSnapping (536)
[2018.08.12-05.06.02:639][761]LogModuleManager: Shutting down and abandoning module SessionServices (534)
[2018.08.12-05.06.02:639][761]LogModuleManager: Shutting down and abandoning module ViewportSnapping (532)
[2018.08.12-05.06.02:639][761]LogModuleManager: Shutting down and abandoning module ViewportInteraction (530)
[2018.08.12-05.06.02:639][761]LogModuleManager: Shutting down and abandoning module ClothPainter (528)
[2018.08.12-05.06.02:639][761]LogModuleManager: Shutting down and abandoning module SkeletalMeshEditor (527)
[2018.08.12-05.06.02:639][761]LogModuleManager: Shutting down and abandoning module LogVisualizer (524)
[2018.08.12-05.06.02:639][761]LogModuleManager: Shutting down and abandoning module IntroTutorials (522)
[2018.08.12-05.06.02:639][761]LogModuleManager: Shutting down and abandoning module GameProjectGeneration (521)
[2018.08.12-05.06.02:639][761]LogModuleManager: Shutting down and abandoning module LuminPlatformEditor (518)
[2018.08.12-05.06.02:639][761]LogModuleManager: Shutting down and abandoning module IOSPlatformEditor (516)
[2018.08.12-05.06.02:639][761]LogModuleManager: Shutting down and abandoning module HTML5PlatformEditor (514)
[2018.08.12-05.06.02:639][761]LogModuleManager: Shutting down and abandoning module AndroidPlatformEditor (512)
[2018.08.12-05.06.02:639][761]LogModuleManager: Shutting down and abandoning module AndroidDeviceDetection (511)
[2018.08.12-05.06.02:914][761]LogModuleManager: Shutting down and abandoning module WindowsPlatformEditor (508)
[2018.08.12-05.06.02:915][761]LogModuleManager: Shutting down and abandoning module LuminRuntimeSettings (506)
[2018.08.12-05.06.02:915][761]LogModuleManager: Shutting down and abandoning module IOSRuntimeSettings (504)
[2018.08.12-05.06.02:915][761]LogModuleManager: Shutting down and abandoning module AndroidRuntimeSettings (502)
[2018.08.12-05.06.02:915][761]LogModuleManager: Shutting down and abandoning module InputBindingEditor (500)
[2018.08.12-05.06.02:915][761]LogModuleManager: Shutting down and abandoning module MergeActors (498)
[2018.08.12-05.06.02:915][761]LogModuleManager: Shutting down and abandoning module LocalizationDashboard (496)
[2018.08.12-05.06.02:915][761]LogModuleManager: Shutting down and abandoning module LocalizationService (495)
[2018.08.12-05.06.02:915][761]LogModuleManager: Shutting down and abandoning module HardwareTargeting (492)
[2018.08.12-05.06.02:915][761]LogModuleManager: Shutting down and abandoning module DeviceProfileEditor (490)
[2018.08.12-05.06.02:915][761]LogModuleManager: Shutting down and abandoning module UndoHistory (488)
[2018.08.12-05.06.02:915][761]LogModuleManager: Shutting down and abandoning module XmlParser (486)
[2018.08.12-05.06.02:915][761]LogModuleManager: Shutting down and abandoning module Blutility (484)
[2018.08.12-05.06.02:915][761]LogModuleManager: Shutting down and abandoning module ProjectSettingsViewer (482)
[2018.08.12-05.06.02:915][761]LogModuleManager: Shutting down and abandoning module ProjectTargetPlatformEditor (481)
[2018.08.12-05.06.02:915][761]LogModuleManager: Shutting down and abandoning module EditorSettingsViewer (478)
[2018.08.12-05.06.02:915][761]LogModuleManager: Shutting down and abandoning module SettingsEditor (476)
[2018.08.12-05.06.02:916][761]LogModuleManager: Shutting down and abandoning module ProjectLauncher (474)
[2018.08.12-05.06.02:916][761]LogModuleManager: Shutting down and abandoning module SessionFrontend (472)
[2018.08.12-05.06.02:916][761]LogModuleManager: Shutting down and abandoning module ProfilerClient (470)
[2018.08.12-05.06.02:916][761]LogModuleManager: Shutting down and abandoning module DeviceManager (468)
[2018.08.12-05.06.02:916][761]LogModuleManager: Shutting down and abandoning module TargetDeviceServices (467)
[2018.08.12-05.06.02:978][761]LogModuleManager: Shutting down and abandoning module AutomationController (464)
[2018.08.12-05.06.02:978][761]LogModuleManager: Shutting down and abandoning module AutomationWindow (462)
[2018.08.12-05.06.02:978][761]LogModuleManager: Shutting down and abandoning module Layers (460)
[2018.08.12-05.06.02:978][761]LogModuleManager: Shutting down and abandoning module ComponentVisualizers (458)
[2018.08.12-05.06.02:978][761]LogModuleManager: Shutting down and abandoning module DetailCustomizations (456)
[2018.08.12-05.06.02:978][761]LogModuleManager: Shutting down and abandoning module PackagesDialog (454)
[2018.08.12-05.06.02:978][761]LogModuleManager: Shutting down and abandoning module Persona (452)
[2018.08.12-05.06.02:978][761]LogModuleManager: Shutting down and abandoning module AdvancedPreviewScene (451)
[2018.08.12-05.06.02:978][761]LogModuleManager: Shutting down and abandoning module AnimGraph (449)
[2018.08.12-05.06.02:978][761]LogModuleManager: Shutting down and abandoning module Kismet (446)
[2018.08.12-05.06.02:986][761]LogModuleManager: Shutting down and abandoning module GraphEditor (444)
[2018.08.12-05.06.02:987][761]LogModuleManager: Shutting down and abandoning module ClassViewer (442)
[2018.08.12-05.06.02:987][761]LogModuleManager: Shutting down and abandoning module Toolbox (440)
[2018.08.12-05.06.02:987][761]LogModuleManager: Shutting down and abandoning module DesktopPlatform (439)
[2018.08.12-05.06.02:987][761]LogModuleManager: Shutting down and abandoning module ModuleUI (436)
[2018.08.12-05.06.02:987][761]LogModuleManager: Shutting down and abandoning module MovieSceneTools (434)
[2018.08.12-05.06.02:987][761]LogModuleManager: Shutting down and abandoning module OutputLog (432)
[2018.08.12-05.06.02:987][761]LogModuleManager: Shutting down and abandoning module GammaUI (430)
[2018.08.12-05.06.02:987][761]LogModuleManager: Shutting down and abandoning module Documentation (428)
[2018.08.12-05.06.02:987][761]LogModuleManager: Shutting down and abandoning module MovieSceneTracks (426)
[2018.08.12-05.06.02:987][761]LogModuleManager: Shutting down and abandoning module MovieScene (424)
[2018.08.12-05.06.02:987][761]LogModuleManager: Shutting down and abandoning module StreamingPauseRendering (422)
[2018.08.12-05.06.02:987][761]LogModuleManager: Shutting down and abandoning module LauncherPlatform (420)
[2018.08.12-05.06.02:987][761]LogModuleManager: Shutting down and abandoning module AnalyticsET (418)
[2018.08.12-05.06.02:987][761]LogModuleManager: Shutting down and abandoning module PortalServices (416)
[2018.08.12-05.06.02:987][761]LogModuleManager: Shutting down and abandoning module PortalRpc (414)
[2018.08.12-05.06.02:987][761]LogModuleManager: Shutting down and abandoning module MessagingRpc (412)
[2018.08.12-05.06.02:987][761]LogModuleManager: Shutting down and abandoning module AIModule (410)
[2018.08.12-05.06.02:987][761]LogModuleManager: Shutting down and abandoning module GameplayDebugger (409)
[2018.08.12-05.06.02:987][761]LogModuleManager: Shutting down and abandoning module AITestSuite (407)
[2018.08.12-05.06.02:987][761]LogModuleManager: Shutting down and abandoning module NavigationSystem (405)
[2018.08.12-05.06.02:987][761]LogModuleManager: Shutting down and abandoning module ProfilerService (402)
[2018.08.12-05.06.03:099][761]LogModuleManager: Shutting down and abandoning module TaskGraph (400)
[2018.08.12-05.06.03:099][761]LogModuleManager: Shutting down and abandoning module SteamVRController (398)
[2018.08.12-05.06.03:099][761]LogModuleManager: Shutting down and abandoning module ProceduralMeshComponentEditor (396)
[2018.08.12-05.06.03:099][761]LogModuleManager: Shutting down and abandoning module ProceduralMeshComponent (394)
[2018.08.12-05.06.03:099][761]LogModuleManager: Shutting down and abandoning module OculusInput (392)
[2018.08.12-05.06.03:099][761]LogModuleManager: Shutting down and abandoning module MobilePatchingUtils (390)
[2018.08.12-05.06.03:099][761]LogModuleManager: Shutting down and abandoning module EditableMesh (388)
[2018.08.12-05.06.03:099][761]LogModuleManager: Shutting down and abandoning module CustomMeshComponent (386)
[2018.08.12-05.06.03:099][761]LogModuleManager: Shutting down and abandoning module CableComponent (384)
[2018.08.12-05.06.03:099][761]LogModuleManager: Shutting down and abandoning module AudioCapture (382)
[2018.08.12-05.06.03:099][761]LogModuleManager: Shutting down and abandoning module ArchVisCharacter (380)
[2018.08.12-05.06.03:099][761]LogModuleManager: Shutting down and abandoning module AndroidPermission (378)
[2018.08.12-05.06.03:099][761]LogModuleManager: Shutting down and abandoning module NUTUnrealEngine4 (376)
[2018.08.12-05.06.03:099][761]LogModuleManager: Shutting down and abandoning module NetcodeUnitTest (374)
[2018.08.12-05.06.03:099][761]LogModuleManager: Shutting down and abandoning module MediaCompositingEditor (372)
[2018.08.12-05.06.03:099][761]LogModuleManager: Shutting down and abandoning module MediaCompositing (370)
[2018.08.12-05.06.03:099][761]LogModuleManager: Shutting down and abandoning module LinearTimecode (368)
[2018.08.12-05.06.03:099][761]LogModuleManager: Shutting down and abandoning module ImgMedia (366)
[2018.08.12-05.06.03:102][761]LogModuleManager: Shutting down and abandoning module HTML5Networking (364)
[2018.08.12-05.06.03:102][761]LogModuleManager: Shutting down and abandoning module GeometryCacheTracks (362)
[2018.08.12-05.06.03:102][761]LogModuleManager: Shutting down and abandoning module GeometryCacheSequencer (360)
[2018.08.12-05.06.03:102][761]LogModuleManager: Shutting down and abandoning module BackChannel (358)
[2018.08.12-05.06.03:102][761]LogModuleManager: Shutting down and abandoning module AppleVision (356)
[2018.08.12-05.06.03:102][761]LogModuleManager: Shutting down and abandoning module AppleImageUtils (354)
[2018.08.12-05.06.03:102][761]LogModuleManager: Shutting down and abandoning module AlembicImporter (352)
[2018.08.12-05.06.03:102][761]LogModuleManager: Shutting down and abandoning module AlembicLibrary (351)
[2018.08.12-05.06.03:102][761]LogModuleManager: Shutting down and abandoning module GeometryCache (350)
[2018.08.12-05.06.03:102][761]LogModuleManager: Shutting down and abandoning module GeometryCacheEd (349)
[2018.08.12-05.06.03:102][761]LogModuleManager: Shutting down and abandoning module DatasmithContentEditor (344)
[2018.08.12-05.06.03:102][761]LogModuleManager: Shutting down and abandoning module DatasmithContent (342)
[2018.08.12-05.06.03:102][761]LogModuleManager: Shutting down and abandoning module SpeedTreeImporter (340)
[2018.08.12-05.06.03:103][761]LogModuleManager: Shutting down and abandoning module PluginBrowser (338)
[2018.08.12-05.06.03:103][761]LogModuleManager: Shutting down and abandoning module MobileLauncherProfileWizard (336)
[2018.08.12-05.06.03:103][761]LogModuleManager: Shutting down and abandoning module PolygonModeling (334)
[2018.08.12-05.06.03:103][761]LogModuleManager: Shutting down and abandoning module MeshEditor (332)
[2018.08.12-05.06.03:103][761]LogModuleManager: Shutting down and abandoning module CryptoKeysOpenSSL (330)
[2018.08.12-05.06.03:103][761]LogModuleManager: Shutting down and abandoning module CryptoKeys (328)
[2018.08.12-05.06.03:103][761]LogModuleManager: Shutting down and abandoning module VisualStudioSourceCodeAccess (326)
[2018.08.12-05.06.03:103][761]LogModuleManager: Shutting down and abandoning module VisualStudioCodeSourceCodeAccess (324)
[2018.08.12-05.06.03:103][761]LogModuleManager: Shutting down and abandoning module UObjectPlugin (322)
[2018.08.12-05.06.03:103][761]LogModuleManager: Shutting down and abandoning module SubversionSourceControl (320)
[2018.08.12-05.06.03:103][761]LogModuleManager: Shutting down and abandoning module PerforceSourceControl (318)
[2018.08.12-05.06.03:103][761]LogModuleManager: Shutting down and abandoning module GitSourceControl (316)
[2018.08.12-05.06.03:103][761]LogModuleManager: Shutting down and abandoning module SourceControl (315)
[2018.08.12-05.06.03:103][761]LogModuleManager: Shutting down and abandoning module CLionSourceCodeAccess (312)
[2018.08.12-05.06.03:103][761]LogModuleManager: Shutting down and abandoning module LightPropagationVolumeEditor (310)
[2018.08.12-05.06.03:103][761]LogModuleManager: Shutting down and abandoning module PaperTiledImporter (308)
[2018.08.12-05.06.03:103][761]LogModuleManager: Shutting down and abandoning module PaperSpriteSheetImporter (306)
[2018.08.12-05.06.03:103][761]LogModuleManager: Shutting down and abandoning module Paper2DEditor (304)
[2018.08.12-05.06.03:103][761]LogModuleManager: Shutting down and abandoning module MeshPaint (303)
[2018.08.12-05.06.03:103][761]LogModuleManager: Shutting down and abandoning module RisingWaters (300)
[2018.08.12-05.06.03:103][761]LogModuleManager: Shutting down and abandoning module RuntimePhysXCooking (298)
[2018.08.12-05.06.03:103][761]LogModuleManager: Shutting down and abandoning module PhysXVehiclesEditor (296)
[2018.08.12-05.06.03:103][761]LogModuleManager: Shutting down and abandoning module PhysXVehicles (294)
[2018.08.12-05.06.03:103][761]LogModuleManager: Shutting down and abandoning module OculusEditor (292)
[2018.08.12-05.06.03:103][761]LogModuleManager: Shutting down and abandoning module LocationServicesBPLibrary (290)
[2018.08.12-05.06.03:103][761]LogModuleManager: Shutting down and abandoning module ImmediatePhysicsEditor (288)
[2018.08.12-05.06.03:103][761]LogModuleManager: Shutting down and abandoning module ImmediatePhysics (286)
[2018.08.12-05.06.03:103][761]LogModuleManager: Shutting down and abandoning module ActorSequence (284)
[2018.08.12-05.06.03:103][761]LogModuleManager: Shutting down and abandoning module UdpMessaging (282)
[2018.08.12-05.06.03:204][761]LogModuleManager: Shutting down and abandoning module TcpMessaging (280)
[2018.08.12-05.06.03:304][761]LogModuleManager: Shutting down and abandoning module MagicLeapAudio (278)
[2018.08.12-05.06.03:304][761]LogModuleManager: Shutting down and abandoning module GameplayTagsEditor (276)
[2018.08.12-05.06.03:304][761]LogModuleManager: Shutting down and abandoning module FacialAnimationEditor (274)
[2018.08.12-05.06.03:304][761]LogModuleManager: Shutting down and abandoning module FacialAnimation (272)
[2018.08.12-05.06.03:304][761]LogModuleManager: Shutting down and abandoning module DataValidation (270)
[2018.08.12-05.06.03:304][761]LogModuleManager: Shutting down and abandoning module AssetManagerEditor (268)
[2018.08.12-05.06.03:304][761]LogModuleManager: Shutting down and abandoning module LevelEditor (267)
[2018.08.12-05.06.03:304][761]LogModuleManager: Shutting down and abandoning module PixelInspectorModule (266)
[2018.08.12-05.06.03:304][761]LogModuleManager: Shutting down and abandoning module CommonMenuExtensions (264)
[2018.08.12-05.06.03:305][761]LogModuleManager: Shutting down and abandoning module MainFrame (262)
[2018.08.12-05.06.03:305][761]LogModuleManager: Shutting down and abandoning module HotReload (261)
[2018.08.12-05.06.03:305][761]LogModuleManager: Shutting down and abandoning module ContentBrowser (257)
[2018.08.12-05.06.03:306][761]LogModuleManager: Shutting down and abandoning module TreeMap (255)
[2018.08.12-05.06.03:306][761]LogModuleManager: Shutting down and abandoning module LightPropagationVolumeRuntime (252)
[2018.08.12-05.06.03:306][761]LogModuleManager: Shutting down and abandoning module AISupportModule (250)
[2018.08.12-05.06.03:306][761]LogModuleManager: Shutting down and abandoning module Paper2D (248)
[2018.08.12-05.06.03:306][761]LogModuleManager: Shutting down and abandoning module WindowsMoviePlayer (246)
[2018.08.12-05.06.03:306][761]LogModuleManager: Shutting down and abandoning module WmfMedia (244)
[2018.08.12-05.06.03:308][761]LogModuleManager: Shutting down and abandoning module Media (243)
[2018.08.12-05.06.03:314][761]LogModuleManager: Shutting down and abandoning module PacketHandler (240)
[2018.08.12-05.06.03:314][761]LogModuleManager: Shutting down and abandoning module ClothingSystemEditor (238)
[2018.08.12-05.06.03:314][761]LogModuleManager: Shutting down and abandoning module ClothingSystemRuntime (236)
[2018.08.12-05.06.03:314][761]LogModuleManager: Shutting down and abandoning module MediaAssets (234)
[2018.08.12-05.06.03:314][761]LogModuleManager: Shutting down and abandoning module Overlay (232)
[2018.08.12-05.06.03:314][761]LogModuleManager: Shutting down and abandoning module OverlayEditor (231)
[2018.08.12-05.06.03:314][761]LogModuleManager: Shutting down and abandoning module VREditor (228)
[2018.08.12-05.06.03:314][761]LogModuleManager: Shutting down and abandoning module StringTableEditor (226)
[2018.08.12-05.06.03:314][761]LogModuleManager: Shutting down and abandoning module GameplayTasksEditor (224)
[2018.08.12-05.06.03:314][761]LogModuleManager: Shutting down and abandoning module BehaviorTreeEditor (222)
[2018.08.12-05.06.03:314][761]LogModuleManager: Shutting down and abandoning module FunctionalTesting (220)
[2018.08.12-05.06.03:315][761]LogModuleManager: Shutting down and abandoning module CollisionAnalyzer (218)
[2018.08.12-05.06.03:315][761]LogModuleManager: Shutting down and abandoning module WorkspaceMenuStructure (217)
[2018.08.12-05.06.03:315][761]LogModuleManager: Shutting down and abandoning module UMG (214)
[2018.08.12-05.06.03:315][761]LogModuleManager: Shutting down and abandoning module UMGEditor (213)
[2018.08.12-05.06.03:315][761]LogModuleManager: Shutting down and abandoning module Sequencer (212)
[2018.08.12-05.06.03:315][761]LogModuleManager: Shutting down and abandoning module MessageLog (209)
[2018.08.12-05.06.03:315][761]LogModuleManager: Shutting down and abandoning module SlateReflector (204)
[2018.08.12-05.06.03:315][761]LogModuleManager: Shutting down and abandoning module Slate (202)
[2018.08.12-05.06.03:315][761]LogModuleManager: Shutting down and abandoning module EditorStyle (200)
[2018.08.12-05.06.03:317][761]LogModuleManager: Shutting down and abandoning module MRMesh (198)
[2018.08.12-05.06.03:317][761]LogModuleManager: Shutting down and abandoning module SourceCodeAccess (196)
[2018.08.12-05.06.03:317][761]LogModuleManager: Shutting down and abandoning module HeadMountedDisplay (194)
[2018.08.12-05.06.03:317][761]LogModuleManager: Shutting down and abandoning module XAudio2 (192)
[2018.08.12-05.06.03:317][761]LogModuleManager: Shutting down and abandoning module Networking (190)
[2018.08.12-05.06.03:317][761]LogModuleManager: Shutting down and abandoning module Core (188)
[2018.08.12-05.06.03:317][761]LogModuleManager: Shutting down and abandoning module LevelSequence (186)
[2018.08.12-05.06.03:317][761]LogModuleManager: Shutting down and abandoning module KismetCompiler (184)
[2018.08.12-05.06.03:317][761]LogModuleManager: Shutting down and abandoning module MeshUtilities (182)
[2018.08.12-05.06.03:317][761]LogModuleManager: Shutting down and abandoning module MeshMergeUtilities (181)
[2018.08.12-05.06.03:317][761]LogModuleManager: Shutting down and abandoning module MeshReductionInterface (180)
[2018.08.12-05.06.03:317][761]LogModuleManager: Shutting down and abandoning module SimplygonSwarm (179)
[2018.08.12-05.06.03:317][761]LogModuleManager: Shutting down and abandoning module ProxyLODMeshReduction (177)
[2018.08.12-05.06.03:317][761]LogModuleManager: Shutting down and abandoning module SimplygonMeshReduction (175)
[2018.08.12-05.06.03:317][761]LogModuleManager: Shutting down and abandoning module QuadricMeshReduction (173)
[2018.08.12-05.06.03:317][761]LogModuleManager: Shutting down and abandoning module MaterialBaking (169)
[2018.08.12-05.06.03:317][761]LogModuleManager: Shutting down and abandoning module DirectoryWatcher (165)
[2018.08.12-05.06.03:317][761]LogModuleManager: Shutting down and abandoning module DerivedDataCache (162)
[2018.08.12-05.06.03:352][761]LogDerivedDataCache: Shutdown
[2018.08.12-05.06.03:352][761]LogModuleManager: Shutting down and abandoning module XGEController (160)
[2018.08.12-05.06.03:352][761]LogXGEController: Cleaning working directory: C:/Users/Joe/AppData/Local/Temp/UnrealXGEWorkingDir/
[2018.08.12-05.06.03:352][761]LogModuleManager: Shutting down and abandoning module TargetPlatform (158)
[2018.08.12-05.06.03:352][761]LogModuleManager: Shutting down and abandoning module VulkanShaderFormat (157)
[2018.08.12-05.06.03:352][761]LogModuleManager: Shutting down and abandoning module ShaderFormatVectorVM (155)
[2018.08.12-05.06.03:352][761]LogModuleManager: Shutting down and abandoning module ShaderFormatOpenGL (153)
[2018.08.12-05.06.03:352][761]LogModuleManager: Shutting down and abandoning module ShaderFormatD3D (151)
[2018.08.12-05.06.03:352][761]LogModuleManager: Shutting down and abandoning module MetalShaderFormat (149)
[2018.08.12-05.06.03:352][761]LogModuleManager: Shutting down and abandoning module TextureFormatUncompressed (147)
[2018.08.12-05.06.03:352][761]LogModuleManager: Shutting down and abandoning module TextureFormatPVR (145)
[2018.08.12-05.06.03:352][761]LogModuleManager: Shutting down and abandoning module TextureFormatDXT (143)
[2018.08.12-05.06.03:352][761]LogModuleManager: Shutting down and abandoning module TextureFormatIntelISPCTexComp (141)
[2018.08.12-05.06.03:352][761]LogModuleManager: Shutting down and abandoning module TextureFormatASTC (139)
[2018.08.12-05.06.03:352][761]LogModuleManager: Shutting down and abandoning module ImageWrapper (138)
[2018.08.12-05.06.03:352][761]LogModuleManager: Shutting down and abandoning module TextureFormatAndroid (135)
[2018.08.12-05.06.03:352][761]LogModuleManager: Shutting down and abandoning module AudioFormatOpus (133)
[2018.08.12-05.06.03:352][761]LogModuleManager: Shutting down and abandoning module AudioFormatOgg (131)
[2018.08.12-05.06.03:352][761]LogModuleManager: Shutting down and abandoning module AudioFormatADPCM (129)
[2018.08.12-05.06.03:352][761]LogModuleManager: Shutting down and abandoning module LuminTargetPlatform (127)
[2018.08.12-05.06.03:353][761]LogModuleManager: Shutting down and abandoning module LinuxTargetPlatform (125)
[2018.08.12-05.06.03:353][761]LogModuleManager: Shutting down and abandoning module LinuxServerTargetPlatform (123)
[2018.08.12-05.06.03:353][761]LogModuleManager: Shutting down and abandoning module LinuxNoEditorTargetPlatform (121)
[2018.08.12-05.06.03:353][761]LogModuleManager: Shutting down and abandoning module LinuxClientTargetPlatform (119)
[2018.08.12-05.06.03:353][761]LogModuleManager: Shutting down and abandoning module TVOSTargetPlatform (117)
[2018.08.12-05.06.03:354][761]LogModuleManager: Shutting down and abandoning module Messaging (115)
[2018.08.12-05.06.03:354][761]LogModuleManager: Shutting down and abandoning module IOSTargetPlatform (113)
[2018.08.12-05.06.03:355][761]LogModuleManager: Shutting down and abandoning module HTML5TargetPlatform (111)
[2018.08.12-05.06.03:355][761]LogModuleManager: Shutting down and abandoning module AndroidTargetPlatform (109)
[2018.08.12-05.06.03:362][761]LogModuleManager: Shutting down and abandoning module WindowsTargetPlatform (107)
[2018.08.12-05.06.03:362][761]LogModuleManager: Shutting down and abandoning module WindowsServerTargetPlatform (105)
[2018.08.12-05.06.03:362][761]LogModuleManager: Shutting down and abandoning module WindowsNoEditorTargetPlatform (103)
[2018.08.12-05.06.03:362][761]LogModuleManager: Shutting down and abandoning module WindowsClientTargetPlatform (101)
[2018.08.12-05.06.03:362][761]LogModuleManager: Shutting down and abandoning module MacTargetPlatform (99)
[2018.08.12-05.06.03:362][761]LogModuleManager: Shutting down and abandoning module MacServerTargetPlatform (97)
[2018.08.12-05.06.03:362][761]LogModuleManager: Shutting down and abandoning module MacNoEditorTargetPlatform (95)
[2018.08.12-05.06.03:362][761]LogModuleManager: Shutting down and abandoning module MacClientTargetPlatform (93)
[2018.08.12-05.06.03:362][761]LogModuleManager: Shutting down and abandoning module AllDesktopTargetPlatform (91)
[2018.08.12-05.06.03:362][761]LogModuleManager: Shutting down and abandoning module InputCore (88)
[2018.08.12-05.06.03:362][761]LogModuleManager: Shutting down and abandoning module Settings (86)
[2018.08.12-05.06.03:362][761]LogModuleManager: Shutting down and abandoning module PhysXCooking (84)
[2018.08.12-05.06.03:362][761]LogModuleManager: Shutting down and abandoning module SteamVR (82)
[2018.08.12-05.06.03:362][761]LogModuleManager: Shutting down and abandoning module OculusHMD (80)
[2018.08.12-05.06.03:362][761]LogModuleManager: Shutting down and abandoning module ExampleDeviceProfileSelector (78)
[2018.08.12-05.06.03:362][761]LogModuleManager: Shutting down and abandoning module LauncherChunkInstaller (76)
[2018.08.12-05.06.03:362][761]LogModuleManager: Shutting down and abandoning module OnlineBlueprintSupport (74)
[2018.08.12-05.06.03:362][761]LogModuleManager: Shutting down and abandoning module OnlineSubsystem (70)
[2018.08.12-05.06.03:363][761]LogModuleManager: Shutting down and abandoning module XMPP (65)
[2018.08.12-05.06.03:363][761]LogModuleManager: Shutting down and abandoning module WebSockets (64)
[2018.08.12-05.06.03:371][761]LogModuleManager: Shutting down and abandoning module HTTP (61)
[2018.08.12-05.06.03:372][761]LogHttp: Display: Http module shutting down, but needs to wait on 1 outstanding Http requests:
[2018.08.12-05.06.03:372][761]LogHttp: Display: 	verb=[POST] url=[https://datarouter.ol.epicgames.com/datarouter/api/v1/public/data?SessionID=%7BC91F04CB-4717-F322-787D-0F8505E046D6%7D&AppID=UEEditor.Rocket.Release&AppVersion=4.20.1-4233996%2B%2B%2BUE4%2BRelease-4.20&UserID=d3efc3e54a97e961f5f600b9525141d5%7Cbe1aaea5a25646238eda00c2d0321415%7Ce883cee1-9abc-4ed9-848c-804d620415b1&AppEnvironment=datacollector-binary&UploadType=eteventstream] status=Processing
[2018.08.12-05.06.03:376][761]LogModuleManager: Shutting down and abandoning module SSL (60)
[2018.08.12-05.06.03:377][761]LogModuleManager: Shutting down and abandoning module MagicLeapEmulator (56)
[2018.08.12-05.06.03:377][761]LogModuleManager: Shutting down and abandoning module MagicLeapPrivileges (54)
[2018.08.12-05.06.03:377][761]LogModuleManager: Shutting down and abandoning module MagicLeapIdentity (52)
[2018.08.12-05.06.03:377][761]LogModuleManager: Shutting down and abandoning module MagicLeapHelperVulkan (50)
[2018.08.12-05.06.03:377][761]LogModuleManager: Shutting down and abandoning module MagicLeapHelperOpenGL (48)
[2018.08.12-05.06.03:377][761]LogModuleManager: Shutting down and abandoning module MagicLeapSecureStorage (46)
[2018.08.12-05.06.03:377][761]LogModuleManager: Shutting down and abandoning module MagicLeapGestures (44)
[2018.08.12-05.06.03:377][761]LogModuleManager: Shutting down and abandoning module MagicLeapEyeTracker (42)
[2018.08.12-05.06.03:377][761]LogModuleManager: Shutting down and abandoning module MagicLeapController (40)
[2018.08.12-05.06.03:377][761]LogSlate: Slate User Destroyed.  User Index 0, Is Virtual User: 0
[2018.08.12-05.06.03:377][761]LogModuleManager: Shutting down and abandoning module MagicLeap (38)
[2018.08.12-05.06.03:378][761]LogModuleManager: Shutting down and abandoning module AnimationModifiers (36)
[2018.08.12-05.06.03:378][761]LogModuleManager: Shutting down and abandoning module PropertyEditor (35)
[2018.08.12-05.06.03:378][761]LogModuleManager: Shutting down and abandoning module AudioEditor (32)
[2018.08.12-05.06.03:378][761]LogModuleManager: Shutting down and abandoning module TextureCompressor (30)
[2018.08.12-05.06.03:378][761]LogModuleManager: Shutting down and abandoning module ShaderCore (28)
[2018.08.12-05.06.03:378][761]LogModuleManager: Shutting down and abandoning module Landscape (26)
[2018.08.12-05.06.03:378][761]LogModuleManager: Shutting down and abandoning module SlateRHIRenderer (24)
[2018.08.12-05.06.03:378][761]LogModuleManager: Shutting down and abandoning module OpenGLDrv (22)
[2018.08.12-05.06.03:378][761]LogModuleManager: Shutting down and abandoning module D3D11RHI (20)
[2018.08.12-05.06.03:378][761]LogModuleManager: Shutting down and abandoning module AnimGraphRuntime (18)
[2018.08.12-05.06.03:378][761]LogModuleManager: Shutting down and abandoning module Renderer (16)
[2018.08.12-05.06.03:378][761]LogModuleManager: Shutting down and abandoning module Engine (14)
[2018.08.12-05.06.03:378][761]LogModuleManager: Shutting down and abandoning module CoreUObject (12)
[2018.08.12-05.06.03:378][761]LogModuleManager: Shutting down and abandoning module NetworkFile (10)
[2018.08.12-05.06.03:378][761]LogModuleManager: Shutting down and abandoning module CookedIterativeFile (8)
[2018.08.12-05.06.03:378][761]LogModuleManager: Shutting down and abandoning module StreamingFile (6)
[2018.08.12-05.06.03:378][761]LogModuleManager: Shutting down and abandoning module SandboxFile (4)
[2018.08.12-05.06.03:378][761]LogModuleManager: Shutting down and abandoning module PakFile (2)
[2018.08.12-05.06.03:381][761]LogExit: Exiting.
[2018.08.12-05.06.03:403][761]Log file closed, 08/12/18 01:06:03
