Log file open, 08/10/18 23:10:51
LogWindows: Failed to load 'aqProf.dll' (GetLastError=126)
LogWindows: File 'aqProf.dll' does not exist
LogWindows: Failed to load 'VtuneApi.dll' (GetLastError=126)
LogWindows: File 'VtuneApi.dll' does not exist
LogWindows: Failed to load 'VtuneApi32e.dll' (GetLastError=126)
LogWindows: File 'VtuneApi32e.dll' does not exist
LogInit: Display: Running engine for game: RisingWaters
LogPlatformFile: Not using cached read wrapper
LogTaskGraph: Started task graph with 5 named threads and 14 total threads with 3 sets of task threads.
LogStats: Stats thread started at 0.975937
LogD3D11RHI: Loaded GFSDK_Aftermath_Lib.x64.dll
LogICUInternationalization: Display: ICU TimeZone Detection - Raw Offset: -5:00, Platform Override: ''
LogPluginManager: Mounting plugin Paper2D
LogPluginManager: Mounting plugin AISupport
LogPluginManager: Mounting plugin LightPropagationVolume
LogPluginManager: Mounting plugin CLionSourceCodeAccess
LogPluginManager: Mounting plugin CodeLiteSourceCodeAccess
LogPluginManager: Mounting plugin GitSourceControl
LogPluginManager: Mounting plugin KDevelopSourceCodeAccess
LogPluginManager: Mounting plugin NullSourceCodeAccess
LogPluginManager: Mounting plugin PerforceSourceControl
LogPluginManager: Mounting plugin SubversionSourceControl
LogPluginManager: Mounting plugin UObjectPlugin
LogPluginManager: Mounting plugin VisualStudioCodeSourceCodeAccess
LogPluginManager: Mounting plugin VisualStudioSourceCodeAccess
LogPluginManager: Mounting plugin XCodeSourceCodeAccess
LogPluginManager: Mounting plugin AssetManagerEditor
LogPluginManager: Mounting plugin CryptoKeys
LogPluginManager: Mounting plugin DataValidation
LogPluginManager: Mounting plugin FacialAnimation
LogPluginManager: Mounting plugin GameplayTagsEditor
LogPluginManager: Mounting plugin MacGraphicsSwitching
LogPluginManager: Mounting plugin MeshEditor
LogPluginManager: Mounting plugin MobileLauncherProfileWizard
LogPluginManager: Mounting plugin PluginBrowser
LogPluginManager: Mounting plugin SpeedTreeImporter
LogPluginManager: Mounting plugin DatasmithContent
LogPluginManager: Mounting plugin AlembicImporter
LogPluginManager: Mounting plugin AppleImageUtils
LogPluginManager: Mounting plugin AppleVision
LogPluginManager: Mounting plugin BackChannel
LogPluginManager: Mounting plugin CharacterAI
LogPluginManager: Mounting plugin GeometryCache
LogPluginManager: Mounting plugin HTML5Networking
LogPluginManager: Mounting plugin ProxyLODPlugin
LogPluginManager: Mounting plugin MagicLeap
LogPluginManager: Mounting plugin MagicLeapEmulator
LogPluginManager: Mounting plugin MagicLeapMedia
LogPluginManager: Mounting plugin AndroidMedia
LogPluginManager: Mounting plugin AvfMedia
LogPluginManager: Mounting plugin ImgMedia
LogPluginManager: Mounting plugin LinearTimecode
LogPluginManager: Mounting plugin MediaCompositing
LogPluginManager: Mounting plugin MediaPlayerEditor
LogPluginManager: Mounting plugin WmfMedia
LogPluginManager: Mounting plugin TcpMessaging
LogPluginManager: Mounting plugin UdpMessaging
LogPluginManager: Mounting plugin ActorSequence
LogPluginManager: Mounting plugin LevelSequenceEditor
LogPluginManager: Mounting plugin MatineeToLevelSequence
LogPluginManager: Mounting plugin NetcodeUnitTest
LogPluginManager: Mounting plugin NUTUnrealEngine4
LogPluginManager: Mounting plugin OnlineSubsystemGooglePlay
LogPluginManager: Mounting plugin OnlineSubsystemIOS
LogPluginManager: Mounting plugin OnlineSubsystem
LogPluginManager: Mounting plugin OnlineSubsystemNull
LogPluginManager: Mounting plugin OnlineSubsystemUtils
LogPluginManager: Mounting plugin LauncherChunkInstaller
LogPluginManager: Mounting plugin AndroidDeviceProfileSelector
LogPluginManager: Mounting plugin AndroidMoviePlayer
LogPluginManager: Mounting plugin AndroidPermission
LogPluginManager: Mounting plugin AppleMoviePlayer
LogPluginManager: Mounting plugin ArchVisCharacter
LogPluginManager: Mounting plugin AudioCapture
LogPluginManager: Mounting plugin CableComponent
LogPluginManager: Mounting plugin CustomMeshComponent
LogPluginManager: Mounting plugin EditableMesh
LogPluginManager: Mounting plugin ExampleDeviceProfileSelector
LogPluginManager: Mounting plugin GoogleCloudMessaging
LogPluginManager: Mounting plugin ImmediatePhysics
LogPluginManager: Mounting plugin IOSDeviceProfileSelector
LogPluginManager: Mounting plugin LinuxDeviceProfileSelector
LogPluginManager: Mounting plugin LocationServicesBPLibrary
LogPluginManager: Mounting plugin MobilePatchingUtils
LogPluginManager: Mounting plugin OculusVR
LogPluginManager: Plugin shader directory ../../../Engine/Plugins/Runtime/Oculus/OculusVR/Shaders found
LogPluginManager: Mapping shader source directory ../../../Engine/Plugins/Runtime/Oculus/OculusVR/Shaders to virtual directory /Plugin/OculusVR
LogPluginManager: Mounting plugin PhysXVehicles
LogPluginManager: Mounting plugin ProceduralMeshComponent
LogPluginManager: Mounting plugin RuntimePhysXCooking
LogPluginManager: Mounting plugin SteamVR
LogPluginManager: Mounting plugin WindowsMoviePlayer
LogStreaming: Display: Took  0.334s to configure plugins.
LogInit: Using libcurl 7.55.1-DEV
LogInit:  - built for x86_64-pc-win32
LogInit:  - supports SSL with OpenSSL/1.0.2h
LogInit:  - supports HTTP deflate (compression) using libz 1.2.8
LogInit:  - other features:
LogInit:      CURL_VERSION_SSL
LogInit:      CURL_VERSION_LIBZ
LogInit:      CURL_VERSION_IPV6
LogInit:      CURL_VERSION_ASYNCHDNS
LogInit:      CURL_VERSION_LARGEFILE
LogInit:      CURL_VERSION_IDN
LogInit:  CurlRequestOptions (configurable via config and command line):
LogInit:  - bVerifyPeer = false  - Libcurl will NOT verify peer certificate
LogInit:  - bUseHttpProxy = false  - Libcurl will NOT use HTTP proxy
LogInit:  - bDontReuseConnections = false  - Libcurl will reuse connections
LogInit:  - CertBundlePath = nullptr  - Libcurl will use whatever was configured at build time.
LogInit:  - MaxHostConnections = 16  - Libcurl will limit the number of connections to a host
LogInit:  - LocalHostAddr = Default
LogInit:  - BufferSize = 65536
LogInit: WinSock: version 1.1 (2.2), MaxSocks=32767, MaxUdp=65467
LogInit: Build: ++UE4+Release-4.20-CL-4233996
LogInit: Engine Version: 4.20.1-4233996+++UE4+Release-4.20
LogInit: Compatible Engine Version: 4.20.0-4212847+++UE4+Release-4.20
LogInit: Net CL: 4212847
LogInit: OS: Windows 10 (), CPU: Intel(R) Core(TM) i5-7300HQ CPU @ 2.50GHz, GPU: Intel(R) HD Graphics 630
LogInit: Compiled (64-bit): Jul 26 2018 10:07:30
LogInit: Compiled with Visual C++: 19.13.26129.00
LogInit: Build Configuration: Development
LogInit: Branch Name: ++UE4+Release-4.20
LogInit: Command Line: -EpicPortal 
LogInit: Base Directory: D:/UE_4.20/Engine/Binaries/Win64/
LogInit: Installed Engine Build: 1
LogDevObjectVersion: Number of dev versions registered: 20
LogDevObjectVersion:   Dev-Blueprints (B0D832E4-1F89-4F0D-ACCF-7EB736FD4AA2): 10
LogDevObjectVersion:   Dev-Build (E1C64328-A22C-4D53-A36C-8E866417BD8C): 0
LogDevObjectVersion:   Dev-Core (375EC13C-06E4-48FB-B500-84F0262A717E): 2
LogDevObjectVersion:   Dev-Editor (E4B068ED-F494-42E9-A231-DA0B2E46BB41): 24
LogDevObjectVersion:   Dev-Framework (CFFC743F-43B0-4480-9391-14DF171D2073): 34
LogDevObjectVersion:   Dev-Mobile (B02B49B5-BB20-44E9-A304-32B752E40360): 2
LogDevObjectVersion:   Dev-Networking (A4E4105C-59A1-49B5-A7C5-40C4547EDFEE): 0
LogDevObjectVersion:   Dev-Online (39C831C9-5AE6-47DC-9A44-9C173E1C8E7C): 0
LogDevObjectVersion:   Dev-Physics (78F01B33-EBEA-4F98-B9B4-84EACCB95AA2): 0
LogDevObjectVersion:   Dev-Platform (6631380F-2D4D-43E0-8009-CF276956A95A): 0
LogDevObjectVersion:   Dev-Rendering (12F88B9F-8875-4AFC-A67C-D90C383ABD29): 26
LogDevObjectVersion:   Dev-Sequencer (7B5AE74C-D270-4C10-A958-57980B212A5A): 9
LogDevObjectVersion:   Dev-VR (D7296918-1DD6-4BDD-9DE2-64A83CC13884): 2
LogDevObjectVersion:   Dev-LoadTimes (C2A15278-BFE7-4AFE-6C17-90FF531DF755): 1
LogDevObjectVersion:   Private-Geometry (6EACA3D4-40EC-4CC1-B786-8BED09428FC5): 3
LogDevObjectVersion:   Dev-AnimPhys (29E575DD-E0A3-4627-9D10-D276232CDCEA): 17
LogDevObjectVersion:   Dev-ReflectionCapture (6B266CEC-1EC7-4B8F-A30B-E4D90942FC07): 1
LogDevObjectVersion:   Dev-Automation (0DF73D61-A23F-47EA-B727-89E90C41499A): 1
LogDevObjectVersion:   FortniteMain (601D1886-AC64-4F84-AA16-D3DE0DEAC7D6): 12
LogDevObjectVersion:   Dev-Enterprise (9DFFBCD6-494F-0158-E221-12823C92A888): 1
LogStreaming: Display: Took  0.000s to delete old logs.
LogInit: Presizing for max 8388607 objects, including 0 objects not considered by GC, pre-allocating 0 bytes for permanent pool.
LogInit: Object subsystem initialized
[2018.08.11-03.10.52:950][  0]LogInit: Selected Device Profile: [Windows]
[2018.08.11-03.10.52:950][  0]LogInit: Applying CVar settings loaded from the selected device profile: [Windows]
[2018.08.11-03.10.53:004][  0]LogHAL: Display: Platform has ~ 8 GB [8506093568 / 8589934592 / 8], which maps to Default [LargestMinGB=32, LargerMinGB=12, DefaultMinGB=8, SmallerMinGB=6, SmallestMinGB=0)
[2018.08.11-03.10.53:004][  0]LogInit: Setting Device Profile CVar: [[r.Vulkan.UseRealUBs:1]]
[2018.08.11-03.10.53:004][  0]LogInit: Going up to parent DeviceProfile []
[2018.08.11-03.10.53:022][  0]LogInit: Computer: MSI
[2018.08.11-03.10.53:022][  0]LogInit: User: Andrew
[2018.08.11-03.10.53:022][  0]LogInit: CPU Page size=4096, Cores=4
[2018.08.11-03.10.53:022][  0]LogInit: High frequency timer resolution =2.437503 MHz
[2018.08.11-03.10.53:023][  0]LogMemory: Memory total: Physical=7.9GB (8GB approx)
[2018.08.11-03.10.53:023][  0]LogMemory: Platform Memory Stats for Windows
[2018.08.11-03.10.53:023][  0]LogMemory: Process Physical Memory: 100.39 MB used, 100.39 MB peak
[2018.08.11-03.10.53:023][  0]LogMemory: Process Virtual Memory: 84.59 MB used, 84.59 MB peak
[2018.08.11-03.10.53:023][  0]LogMemory: Physical Memory: 6106.19 MB used,  2005.86 MB free, 8112.04 MB total
[2018.08.11-03.10.53:023][  0]LogMemory: Virtual Memory: 4624.30 MB used,  2005.86 MB free, 134217728.00 MB total
[2018.08.11-03.10.53:928][  0]LogInit: Using OS detected language (en-US).
[2018.08.11-03.10.53:928][  0]LogInit: Using OS detected locale (en-US).
[2018.08.11-03.10.53:974][  0]LogTextLocalizationManager: No specific localization for 'en-US' exists, so the 'en' localization will be used.
[2018.08.11-03.10.54:636][  0]LogStreaming: Display: Took  0.708s to InitEngineTextLocalization.
[2018.08.11-03.10.54:636][  0]LogInit: Setting process to per monitor DPI aware
[2018.08.11-03.10.54:908][  0]LogSlate: New Slate User Created.  User Index 0, Is Virtual User: 0
[2018.08.11-03.10.54:908][  0]LogSlate: Slate User Registered.  User Index 0, Is Virtual User: 0
[2018.08.11-03.10.55:885][  0]LogHMD: Failed to initialize OpenVR with code 110
[2018.08.11-03.10.55:885][  0]LogD3D11RHI: D3D11 adapters:
[2018.08.11-03.10.56:674][  0]LogD3D11RHI:    0. 'NVIDIA GeForce GTX 1050' (Feature Level 11_0)
[2018.08.11-03.10.56:674][  0]LogD3D11RHI:       2009/0/4056 MB DedicatedVideo/DedicatedSystem/SharedSystem, Outputs:2, VendorId:0x10de
[2018.08.11-03.10.56:709][  0]LogD3D11RHI:    1. 'Intel(R) HD Graphics 630' (Feature Level 11_0)
[2018.08.11-03.10.56:709][  0]LogD3D11RHI:       128/0/4056 MB DedicatedVideo/DedicatedSystem/SharedSystem, Outputs:0, VendorId:0x8086
[2018.08.11-03.10.56:728][  0]LogD3D11RHI:    2. 'Microsoft Basic Render Driver' (Feature Level 11_0)
[2018.08.11-03.10.56:728][  0]LogD3D11RHI:       0/0/4056 MB DedicatedVideo/DedicatedSystem/SharedSystem, Outputs:0, VendorId:0x1414
[2018.08.11-03.10.56:728][  0]LogD3D11RHI: Chosen D3D11 Adapter: 0
[2018.08.11-03.10.56:749][  0]LogD3D11RHI: Creating new Direct3DDevice
[2018.08.11-03.10.56:750][  0]LogD3D11RHI:     GPU DeviceId: 0x1c8d (for the marketing name, search the web for "GPU Device Id")
[2018.08.11-03.10.56:750][  0]LogWindows: EnumDisplayDevices:
[2018.08.11-03.10.56:750][  0]LogWindows:    0. 'Intel(R) HD Graphics 630' (P:1 D:1)
[2018.08.11-03.10.56:750][  0]LogWindows:    1. 'Intel(R) HD Graphics 630' (P:0 D:1)
[2018.08.11-03.10.56:750][  0]LogWindows:    2. 'Intel(R) HD Graphics 630' (P:0 D:0)
[2018.08.11-03.10.56:750][  0]LogWindows: DebugString: PrimaryIsNotTheChoosenAdapter PrimaryIsNotTheChoosenAdapter PrimaryIsNotTheChoosenAdapter FoundDriverCount:0 
[2018.08.11-03.10.56:750][  0]LogD3D11RHI:     Adapter Name: NVIDIA GeForce GTX 1050
[2018.08.11-03.10.56:750][  0]LogD3D11RHI:   Driver Version: Unknown (internal:Unknown, unified:Unknown)
[2018.08.11-03.10.56:750][  0]LogD3D11RHI:      Driver Date: Unknown
[2018.08.11-03.10.56:750][  0]LogRHI: Texture pool is 1406 MB (70% of 2009 MB)
[2018.08.11-03.10.57:479][  0]LogD3D11RHI: Async texture creation enabled
[2018.08.11-03.10.57:635][  0]LogD3D11RHI: GPU Timing Frequency: 1000.000000 (Debug: 2 1)
[2018.08.11-03.10.57:636][  0]LogShaderCompilers: Guid format shader working directory is 10 characters bigger than the processId version (../../../../LudumDare42/RisingWaters/Intermediate/Shaders/WorkingDirectory/21828/).
[2018.08.11-03.10.57:636][  0]LogShaderCompilers: Cleaned the shader compiler working directory 'C:/Users/Andrew/AppData/Local/Temp/UnrealShaderWorkingDir/91F1EF2647017AD6697DA8BA0DC6383A/'.
[2018.08.11-03.11.03:822][  0]LogTemp: Display: Loaded TP AllDesktopTargetPlatform
[2018.08.11-03.11.03:877][  0]LogTemp: Display: Loaded TP MacClientTargetPlatform
[2018.08.11-03.11.03:918][  0]LogTemp: Display: Loaded TP MacNoEditorTargetPlatform
[2018.08.11-03.11.03:960][  0]LogTemp: Display: Loaded TP MacServerTargetPlatform
[2018.08.11-03.11.04:005][  0]LogTemp: Display: Loaded TP MacTargetPlatform
[2018.08.11-03.11.04:043][  0]LogTemp: Display: Loaded TP WindowsClientTargetPlatform
[2018.08.11-03.11.04:074][  0]LogTemp: Display: Loaded TP WindowsNoEditorTargetPlatform
[2018.08.11-03.11.04:109][  0]LogTemp: Display: Loaded TP WindowsServerTargetPlatform
[2018.08.11-03.11.04:138][  0]LogTemp: Display: Loaded TP WindowsTargetPlatform
[2018.08.11-03.11.04:264][  0]LogTemp: Display: Loaded TP AndroidTargetPlatform
[2018.08.11-03.11.04:264][  0]LogTemp: Display: Loaded TP AndroidTargetPlatform
[2018.08.11-03.11.04:264][  0]LogTemp: Display: Loaded TP AndroidTargetPlatform
[2018.08.11-03.11.04:264][  0]LogTemp: Display: Loaded TP AndroidTargetPlatform
[2018.08.11-03.11.04:264][  0]LogTemp: Display: Loaded TP AndroidTargetPlatform
[2018.08.11-03.11.04:264][  0]LogTemp: Display: Loaded TP AndroidTargetPlatform
[2018.08.11-03.11.04:264][  0]LogTemp: Display: Loaded TP AndroidTargetPlatform
[2018.08.11-03.11.04:264][  0]LogTemp: Display: Loaded TP AndroidTargetPlatform
[2018.08.11-03.11.04:264][  0]LogTemp: Display: Loaded TP AndroidTargetPlatform
[2018.08.11-03.11.04:264][  0]LogTemp: Display: Loaded TP AndroidTargetPlatform
[2018.08.11-03.11.04:264][  0]LogTemp: Display: Loaded TP AndroidTargetPlatform
[2018.08.11-03.11.04:264][  0]LogTemp: Display: Loaded TP AndroidTargetPlatform
[2018.08.11-03.11.04:264][  0]LogTemp: Display: Loaded TP AndroidTargetPlatform
[2018.08.11-03.11.04:264][  0]LogTemp: Display: Loaded TP AndroidTargetPlatform
[2018.08.11-03.11.04:264][  0]LogTemp: Display: Loaded TP AndroidTargetPlatform
[2018.08.11-03.11.04:265][  0]LogTemp: Display: Loaded TP AndroidTargetPlatform
[2018.08.11-03.11.04:265][  0]LogTemp: Display: Loaded TP AndroidTargetPlatform
[2018.08.11-03.11.04:265][  0]LogTemp: Display: Loaded TP AndroidTargetPlatform
[2018.08.11-03.11.04:295][  0]LogTemp: Display: Loaded TP HTML5TargetPlatform
[2018.08.11-03.11.04:439][  0]LogTemp: Display: Loaded TP IOSTargetPlatform
[2018.08.11-03.11.04:439][  0]LogTemp: Display: Loaded TP IOSTargetPlatform
[2018.08.11-03.11.04:490][  0]LogTemp: Display: Loaded TP TVOSTargetPlatform
[2018.08.11-03.11.04:490][  0]LogTemp: Display: Loaded TP TVOSTargetPlatform
[2018.08.11-03.11.04:536][  0]LogTemp: Display: Loaded TP LinuxClientTargetPlatform
[2018.08.11-03.11.04:566][  0]LogTemp: Display: Loaded TP LinuxNoEditorTargetPlatform
[2018.08.11-03.11.04:610][  0]LogTemp: Display: Loaded TP LinuxServerTargetPlatform
[2018.08.11-03.11.04:648][  0]LogTemp: Display: Loaded TP LinuxTargetPlatform
[2018.08.11-03.11.04:673][  0]LogTemp: Display: Loaded TP LuminTargetPlatform
[2018.08.11-03.11.04:674][  0]LogTargetPlatformManager: Display: Building Assets For Windows
[2018.08.11-03.11.05:553][  0]LogXGEController: Cannot use XGE Controller as Incredibuild is not installed on this machine.
[2018.08.11-03.11.05:553][  0]LogShaderCompilers: Cannot use XGE Shader Compiler as Incredibuild is not installed on this machine.
[2018.08.11-03.11.05:553][  0]LogShaderCompilers: Display: Using Local Shader Compiler.
[2018.08.11-03.11.07:602][  0]LogDerivedDataCache: Display: Max Cache Size: 512 MB
[2018.08.11-03.11.07:845][  0]LogDerivedDataCache: Loaded boot cache 0.24s 87MB C:/Users/Andrew/AppData/Local/UnrealEngine/4.20/DerivedDataCache/Boot.ddc.
[2018.08.11-03.11.07:846][  0]LogDerivedDataCache: Display: Loaded Boot cache: C:/Users/Andrew/AppData/Local/UnrealEngine/4.20/DerivedDataCache/Boot.ddc
[2018.08.11-03.11.07:846][  0]LogDerivedDataCache: FDerivedDataBackendGraph:  Pak pak cache file ../../../../LudumDare42/RisingWaters/DerivedDataCache/DDC.ddp not found, will not use a pak cache.
[2018.08.11-03.11.07:846][  0]LogDerivedDataCache: Unable to find inner node Pak for hierarchical cache Hierarchy.
[2018.08.11-03.11.07:846][  0]LogDerivedDataCache: FDerivedDataBackendGraph:  CompressedPak pak cache file ../../../../LudumDare42/RisingWaters/DerivedDataCache/Compressed.ddp not found, will not use a pak cache.
[2018.08.11-03.11.07:846][  0]LogDerivedDataCache: Unable to find inner node CompressedPak for hierarchical cache Hierarchy.
[2018.08.11-03.11.07:891][  0]LogDerivedDataCache: Display: Pak cache opened for reading ../../../Engine/DerivedDataCache/Compressed.ddp.
[2018.08.11-03.11.07:907][  0]LogDerivedDataCache: Using Local data cache path C:/Users/Andrew/AppData/Local/UnrealEngine/Common/DerivedDataCache: Writable
[2018.08.11-03.11.07:907][  0]LogDerivedDataCache: Shared data cache path not found in *engine.ini, will not use an Shared cache.
[2018.08.11-03.11.07:907][  0]LogDerivedDataCache: Unable to find inner node Shared for hierarchical cache Hierarchy.
[2018.08.11-03.11.07:928][  0]LogMaterial: Verifying Global Shaders for PCD3D_SM5
[2018.08.11-03.11.07:929][  0]LogSlate: Using FreeType 2.6.0
[2018.08.11-03.11.07:946][  0]LogSlate: SlateFontServices - WITH_FREETYPE: 1, WITH_HARFBUZZ: 1
[2018.08.11-03.11.08:262][  0]LogAssetRegistry: FAssetRegistry took 0.0303 seconds to start up
[2018.08.11-03.11.09:030][  0]LogInit: Selected Device Profile: [Windows]
[2018.08.11-03.11.09:979][  0]LogSimplygon: Simplygon DLL not present - disabling.
[2018.08.11-03.11.10:144][  0]LogMeshReduction: Using SimplygonSwarm for distributed automatic mesh merging
[2018.08.11-03.11.10:144][  0]LogMeshReduction: Using ProxyLODMeshReduction for automatic mesh merging
[2018.08.11-03.11.10:144][  0]LogMeshReduction: Using QuadricMeshReduction for automatic static mesh reduction
[2018.08.11-03.11.10:144][  0]LogMeshReduction: No automatic skeletal mesh reduction module available
[2018.08.11-03.11.10:174][  0]LogNetVersion: RisingWaters 1.0.0, NetCL: 4212847, EngineNetVer: 5, GameNetVer: 0 (Checksum: 293886760)
[2018.08.11-03.11.11:258][  0]LogPackageLocalizationCache: Processed 11 localized package path(s) for 2 prioritized culture(s) in 0.372962 seconds
[2018.08.11-03.11.11:267][  0]LogUObjectArray: 38425 objects as part of root set at end of initial load.
[2018.08.11-03.11.11:267][  0]LogUObjectAllocator: 6690872 out of 0 bytes used by permanent object pool.
[2018.08.11-03.11.11:267][  0]LogUObjectArray: CloseDisregardForGC: 0/0 objects in disregard for GC pool
[2018.08.11-03.11.30:059][  0]LogTcpMessaging: Initializing TcpMessaging bridge
[2018.08.11-03.11.30:110][  0]LogUdpMessaging: Initializing bridge on interface 0.0.0.0:0 to multicast group 230.0.0.1:6666.
[2018.08.11-03.11.30:975][  0]SourceControl: Source control is disabled
[2018.08.11-03.11.30:975][  0]SourceControl: Source control is disabled
[2018.08.11-03.11.31:078][  0]SourceControl: Source control is disabled
[2018.08.11-03.11.31:107][  0]SourceControl: Source control is disabled
[2018.08.11-03.11.32:558][  0]LogAndroidPermission: UAndroidPermissionCallbackProxy::GetInstance
[2018.08.11-03.11.32:842][  0]LogOcInput: OculusInput pre-init called
[2018.08.11-03.11.33:123][  0]LogEngine: Initializing Engine...
[2018.08.11-03.11.33:124][  0]LogHMD: Failed to initialize OpenVR with code 110
[2018.08.11-03.11.33:128][  0]LogStats: UGameplayTagsManager::ConstructGameplayTagTree: ImportINI prefixes -  0.000 s
[2018.08.11-03.11.33:128][  0]LogStats: UGameplayTagsManager::ConstructGameplayTagTree: Construct from data asset -  0.000 s
[2018.08.11-03.11.33:128][  0]LogStats: UGameplayTagsManager::ConstructGameplayTagTree: ImportINI -  0.000 s
[2018.08.11-03.11.33:128][  0]LogStats: UGameplayTagsManager::ConstructGameplayTagTree: GameplayTagTreeChangedEvent.Broadcast -  0.000 s
[2018.08.11-03.11.33:394][  0]LogInit: Initializing FReadOnlyCVARCache
[2018.08.11-03.11.33:440][  0]LogAIModule: Creating AISystem for world Untitled
[2018.08.11-03.11.33:516][  0]LogInit: XAudio2 using 'Speakers (Realtek High Definition Audio)' : 6 channels at 48 kHz using 32 bits per sample (channel mask 0x3f)
[2018.08.11-03.11.34:758][  0]LogInit: FAudioDevice initialized.
[2018.08.11-03.11.34:758][  0]LogNetVersion: Set ProjectVersion to 1.0.0.0. Version Checksum will be recalculated on next use.
[2018.08.11-03.11.34:854][  0]LogDerivedDataCache: Saved boot cache 0.10s 87MB C:/Users/Andrew/AppData/Local/UnrealEngine/4.20/DerivedDataCache/Boot.ddc.
[2018.08.11-03.11.34:858][  0]LogInit: Texture streaming: Enabled
[2018.08.11-03.11.34:997][  0]LogEngineSessionManager: EngineSessionManager initialized
[2018.08.11-03.11.35:140][  0]LogInit: Transaction tracking system initialized
[2018.08.11-03.11.35:480][  0]BlueprintLog: New page: Editor Load
[2018.08.11-03.11.36:496][  0]LocalizationService: Localization service is disabled
[2018.08.11-03.11.37:819][  0]LogCook: Display: Max memory allowance for cook 16384mb min free memory 0mb
[2018.08.11-03.11.37:819][  0]LogCook: Display: Mobile HDR setting 1
[2018.08.11-03.11.37:844][  0]LogFileCache: Scanning file cache for directory 'D:/LudumDare42/RisingWaters/Content/' took 0.02s
[2018.08.11-03.11.37:844][  0]LogGameplayTags: Display: UGameplayTagsManager::DoneAddingNativeTags. DelegateIsBound: 0
[2018.08.11-03.11.37:844][  0]LogStats: UGameplayTagsManager::ConstructGameplayTagTree: ImportINI prefixes -  0.000 s
[2018.08.11-03.11.37:844][  0]LogStats: UGameplayTagsManager::ConstructGameplayTagTree: Construct from data asset -  0.000 s
[2018.08.11-03.11.37:844][  0]LogStats: UGameplayTagsManager::ConstructGameplayTagTree: ImportINI -  0.000 s
[2018.08.11-03.11.37:844][  0]LogStats: UGameplayTagsManager::ConstructGameplayTagTree: GameplayTagTreeChangedEvent.Broadcast -  0.000 s
[2018.08.11-03.11.39:387][  0]SourceControl: Source control is disabled
[2018.08.11-03.11.39:387][  0]Cmd: MAP LOAD FILE="../../../../LudumDare42/RisingWaters/Content/ThirdPersonBP/Maps/ThirdPersonExampleMap.umap" TEMPLATE=0 SHOWPROGRESS=1 FEATURELEVEL=3
[2018.08.11-03.11.39:391][  0]LightingResults: New page: Lighting Build
[2018.08.11-03.11.39:400][  0]MapCheck: New page: Map Check
[2018.08.11-03.11.39:400][  0]LightingResults: New page: Lighting Build
[2018.08.11-03.11.40:321][  0]LogLinker: Warning: Can't find file '/Game/ThirdPersonBP/Maps/ThirdPersonExampleMap_BuiltData'
[2018.08.11-03.11.40:321][  0]LogLinker: Warning: Can't find file for asset '/Game/ThirdPersonBP/Maps/ThirdPersonExampleMap_BuiltData' while loading ../../../../LudumDare42/RisingWaters/Content/ThirdPersonBP/Maps/ThirdPersonExampleMap.umap.
[2018.08.11-03.11.40:321][  0]LoadErrors: Error: /Game/ThirdPersonBP/Maps/ThirdPersonExampleMap : Can't find file for asset. /Game/ThirdPersonBP/Maps/ThirdPersonExampleMap_BuiltData
[2018.08.11-03.11.40:374][  0]LogLinker: Warning: Can't find file '/Game/ThirdPersonBP/Maps/ThirdPersonExampleMap_BuiltData'
[2018.08.11-03.11.40:374][  0]LogLinker: Warning: Can't find file for asset '/Game/ThirdPersonBP/Maps/ThirdPersonExampleMap_BuiltData' while loading ../../../../LudumDare42/RisingWaters/Content/ThirdPersonBP/Maps/ThirdPersonExampleMap.umap.
[2018.08.11-03.11.40:374][  0]LoadErrors: Error: /Game/ThirdPersonBP/Maps/ThirdPersonExampleMap : Can't find file for asset. /Game/ThirdPersonBP/Maps/ThirdPersonExampleMap_BuiltData
[2018.08.11-03.11.40:376][  0]LogLinker: Warning: Can't find file '/Game/ThirdPersonBP/Maps/ThirdPersonExampleMap_BuiltData'
[2018.08.11-03.11.40:377][  0]LogLinker: Warning: Can't find file for asset '/Game/ThirdPersonBP/Maps/ThirdPersonExampleMap_BuiltData' while loading NULL.
[2018.08.11-03.11.40:377][  0]LogLinker: Warning: Can't find file '/Game/ThirdPersonBP/Maps/ThirdPersonExampleMap_BuiltData'
[2018.08.11-03.11.40:377][  0]LogLinker: Warning: Can't find file for asset '/Game/ThirdPersonBP/Maps/ThirdPersonExampleMap_BuiltData' while loading NULL.
[2018.08.11-03.11.40:748][  0]LogLinker: Warning: Can't find file '/Game/ThirdPersonBP/Maps/ThirdPersonExampleMap_BuiltData'
[2018.08.11-03.11.40:748][  0]LoadErrors: Failed to load /Game/ThirdPersonBP/Maps/ThirdPersonExampleMap_BuiltData.ThirdPersonExampleMap_BuiltData Referenced by PersistentLevel
[2018.08.11-03.11.40:748][  0]LogLinker: Warning: Can't find file for asset '/Game/ThirdPersonBP/Maps/ThirdPersonExampleMap_BuiltData' while loading NULL.
[2018.08.11-03.11.40:748][  0]LoadErrors: Failed to load /Game/ThirdPersonBP/Maps/ThirdPersonExampleMap_BuiltData.ThirdPersonExampleMap_BuiltData Referenced by PersistentLevel
[2018.08.11-03.11.41:395][  0]LogAIModule: Creating AISystem for world ThirdPersonExampleMap
[2018.08.11-03.11.41:777][  0]LogEditorServer: Finished looking for orphan Actors (0.000 secs)
[2018.08.11-03.11.41:820][  0]Cmd: MAP CHECKDEP NOCLEARLOG
[2018.08.11-03.11.42:097][  0]MapCheck: Map check complete: 0 Error(s), 0 Warning(s), took 276.387ms to complete.
[2018.08.11-03.11.42:097][  0]LogFileHelpers: Loading map 'ThirdPersonExampleMap' took 2.710
[2018.08.11-03.11.42:881][  0]LogSlate: Updating window title bar state: overlay mode, drag disabled, window buttons hidden, title bar hidden
[2018.08.11-03.11.42:925][  0]LogSlate: Updating window title bar state: overlay mode, drag disabled, window buttons hidden, title bar hidden
[2018.08.11-03.11.42:935][  0]LogSlate: Updating window title bar state: overlay mode, drag disabled, window buttons hidden, title bar hidden
[2018.08.11-03.11.42:944][  0]LogSlate: Updating window title bar state: overlay mode, drag disabled, window buttons hidden, title bar hidden
[2018.08.11-03.11.43:043][  0]LogCollectionManager: Loaded 0 collections in 0.000929 seconds
[2018.08.11-03.11.43:197][  0]LogFileCache: Scanning file cache for directory 'D:/LudumDare42/RisingWaters/Saved/Collections/' took 0.01s
[2018.08.11-03.11.43:197][  0]LogFileCache: Scanning file cache for directory 'D:/LudumDare42/RisingWaters/Content/Developers/Andrew/Collections/' took 0.01s
[2018.08.11-03.11.43:197][  0]LogFileCache: Scanning file cache for directory 'D:/LudumDare42/RisingWaters/Content/Collections/' took 0.01s
[2018.08.11-03.11.43:197][  0]LogCollectionManager: Rebuilt the GUID cache for 0 collections in 0.000001 seconds
[2018.08.11-03.11.43:221][  0]LogContentBrowser: Native class hierarchy populated in 0.0108 seconds. Added 2572 classes and 603 folders.
[2018.08.11-03.11.43:310][  0]LogContentBrowser: Native class hierarchy updated for 'WidgetCarousel' in 0.0003 seconds. Added 0 classes and 0 folders.
[2018.08.11-03.11.44:295][  0]LogContentBrowser: Native class hierarchy updated for 'AddContentDialog' in 0.0004 seconds. Added 0 classes and 0 folders.
[2018.08.11-03.11.44:412][  0]LogContentBrowser: Native class hierarchy updated for 'SceneOutliner' in 0.0004 seconds. Added 1 classes and 2 folders.
[2018.08.11-03.11.45:032][  0]LogSlate: Took 0.029175 seconds to synchronously load lazily loaded font '../../../Engine/Content/Slate/Fonts/Roboto-Regular.ttf' (155K)
[2018.08.11-03.11.45:074][  0]LogSlate: Took 0.039606 seconds to synchronously load lazily loaded font '../../../Engine/Content/Slate/Fonts/Roboto-Bold.ttf' (160K)
[2018.08.11-03.11.45:165][  0]LogSlate: Took 0.022597 seconds to synchronously load lazily loaded font '../../../Engine/Content/Editor/Slate/Fonts/FontAwesome.ttf' (139K)
[2018.08.11-03.11.45:735][  0]LogRenderer: Reallocating scene render targets to support 936x404 Format 10 NumSamples 1 (Frame:1).
[2018.08.11-03.11.46:494][  0]LogContentBrowser: Native class hierarchy updated for 'HierarchicalLODOutliner' in 0.0003 seconds. Added 0 classes and 0 folders.
[2018.08.11-03.11.46:494][  0]LogLoad: (Engine Initialization) Total time: 71.29 seconds
[2018.08.11-03.11.46:494][  0]LogLoad: (Engine Initialization) Total Blueprint compile time: 0.00 seconds
[2018.08.11-03.11.46:512][  0]LogWindowsTextInputMethodSystem: Display: IME system now deactivated.
[2018.08.11-03.11.46:593][  0]LogContentStreaming: Texture pool size now 3000 MB
[2018.08.11-03.11.46:602][  0]LogSlate: FSceneViewport::OnFocusLost() reason 2
[2018.08.11-03.11.46:755][  0]LogSlate: Took 0.011979 seconds to synchronously load lazily loaded font '../../../Engine/Content/Slate/Fonts/Roboto-Light.ttf' (167K)
[2018.08.11-03.11.46:833][  1]LogAssetRegistry: Asset discovery search completed in 38.5950 seconds
[2018.08.11-03.11.46:839][  1]LogCollectionManager: Rebuilt the object cache for 0 collections in 0.000000 seconds (found 0 objects)
[2018.08.11-03.11.46:839][  1]LogCollectionManager: Fixed up redirectors for 0 collections in 0.000102 seconds (updated 0 objects)
[2018.08.11-03.12.59:944][ 51]LogSlate: Window 'Message Log' being destroyed
[2018.08.11-03.12.59:948][ 51]LogSlate: Window 'Message Log' being destroyed
[2018.08.11-19.10.17:748][696]LogSlate: FSceneViewport::OnFocusLost() reason 0
[2018.08.11-19.10.23:930][847]LogSlate: Took 0.068057 seconds to synchronously load lazily loaded font '../../../Engine/Content/Slate/Fonts/Roboto-Light.ttf' (167K)
[2018.08.11-19.10.24:029][847]LogAssetEditorManager: Opening Asset editor for Blueprint /Game/ThirdPersonBP/Blueprints/ThirdPersonCharacter.ThirdPersonCharacter
[2018.08.11-19.10.26:485][847]LogContentBrowser: Native class hierarchy updated for 'BlueprintGraph' in 0.0067 seconds. Added 116 classes and 0 folders.
[2018.08.11-19.10.30:441][847]LogSlate: Took 0.029328 seconds to synchronously load lazily loaded font '../../../Engine/Content/Slate/Fonts/Roboto-BoldCondensed.ttf' (158K)
[2018.08.11-19.10.31:482][848]LogSlate: Took 0.010743 seconds to synchronously load lazily loaded font '../../../Engine/Content/Slate/Fonts/Roboto-Italic.ttf' (157K)
[2018.08.11-19.10.50:182][710]LogSlate: Took 0.036450 seconds to synchronously load lazily loaded font '../../../Engine/Content/Slate/Fonts/Roboto-BoldCondensedItalic.ttf' (160K)
[2018.08.11-19.11.17:557][203]BlueprintLog: New page: Compile ThirdPersonCharacter
[2018.08.11-19.11.18:389][203]BlueprintLog: New page: Compile ThirdPersonCharacter
[2018.08.11-19.11.26:087][581]BlueprintLog: New page: Compile ThirdPersonCharacter
[2018.08.11-19.11.28:942][711]Cmd: OBJ SAVEPACKAGE PACKAGE="/Game/ThirdPersonBP/Blueprints/ThirdPersonCharacter" FILE="../../../../LudumDare42/RisingWaters/Content/ThirdPersonBP/Blueprints/ThirdPersonCharacter.uasset" SILENT=true
[2018.08.11-19.11.29:278][711]LogSavePackage: Moving '../../../../LudumDare42/RisingWaters/Saved/ThirdPersonCharacter8A25AB8040224D39ABC028947342F3F6.tmp' to '../../../../LudumDare42/RisingWaters/Content/ThirdPersonBP/Blueprints/ThirdPersonCharacter.uasset'
[2018.08.11-19.12.21:695][477]BlueprintLog: New page: Compile ThirdPersonCharacter
[2018.08.11-19.12.22:354][496]Cmd: OBJ SAVEPACKAGE PACKAGE="/Game/ThirdPersonBP/Blueprints/ThirdPersonCharacter" FILE="../../../../LudumDare42/RisingWaters/Content/ThirdPersonBP/Blueprints/ThirdPersonCharacter.uasset" SILENT=true
[2018.08.11-19.12.22:690][496]LogSavePackage: Moving '../../../../LudumDare42/RisingWaters/Saved/ThirdPersonCharacterADA467544BD38AF740ECCE9431803D14.tmp' to '../../../../LudumDare42/RisingWaters/Content/ThirdPersonBP/Blueprints/ThirdPersonCharacter.uasset'
[2018.08.11-19.12.24:395][589]LogTemp: Repeating last play command: Selected Viewport
[2018.08.11-19.12.24:493][589]LogBlueprintUserMessages: Early PlayInEditor Detection: Level '/Game/ThirdPersonBP/Maps/ThirdPersonExampleMap.ThirdPersonExampleMap:PersistentLevel' has LevelScriptBlueprint '/Game/ThirdPersonBP/Maps/ThirdPersonExampleMap.ThirdPersonExampleMap:PersistentLevel.ThirdPersonExampleMap' with GeneratedClass '/Game/ThirdPersonBP/Maps/ThirdPersonExampleMap.ThirdPersonExampleMap_C' with ClassGeneratedBy '/Game/ThirdPersonBP/Maps/ThirdPersonExampleMap.ThirdPersonExampleMap:PersistentLevel.ThirdPersonExampleMap'
[2018.08.11-19.12.24:545][589]LogPlayLevel: PlayLevel: No blueprints needed recompiling
[2018.08.11-19.12.24:706][589]PIE: New page: PIE session: ThirdPersonExampleMap (Aug 11, 2018, 11:12:24 AM)
[2018.08.11-19.12.24:706][589]LogPlayLevel: Creating play world package: /Game/ThirdPersonBP/Maps/UEDPIE_0_ThirdPersonExampleMap
[2018.08.11-19.12.24:904][589]LogPlayLevel: PIE: StaticDuplicateObject took: (0.198561s)
[2018.08.11-19.12.24:915][589]LogAIModule: Creating AISystem for world ThirdPersonExampleMap
[2018.08.11-19.12.24:926][589]LogPlayLevel: PIE: World Init took: (0.011209s)
[2018.08.11-19.12.24:926][589]LogPlayLevel: PIE: Created PIE world by copying editor world from /Game/ThirdPersonBP/Maps/ThirdPersonExampleMap.ThirdPersonExampleMap to /Game/ThirdPersonBP/Maps/UEDPIE_0_ThirdPersonExampleMap.ThirdPersonExampleMap (0.219892s)
[2018.08.11-19.12.25:053][589]LogInit: XAudio2 using 'Speakers (Realtek High Definition Audio)' : 6 channels at 48 kHz using 32 bits per sample (channel mask 0x3f)
[2018.08.11-19.12.26:264][589]LogInit: FAudioDevice initialized.
[2018.08.11-19.12.26:519][589]LogLoad: Game class is 'ThirdPersonGameMode_C'
[2018.08.11-19.12.26:658][589]LogWorld: Bringing World /Game/ThirdPersonBP/Maps/UEDPIE_0_ThirdPersonExampleMap.ThirdPersonExampleMap up for play (max tick rate 60) at 2018.08.11-15.12.26
[2018.08.11-19.12.26:694][589]LogWorld: Bringing up level for play took: 0.071061
[2018.08.11-19.12.26:954][589]LogContentBrowser: Native class hierarchy updated for 'MovieSceneCapture' in 0.0004 seconds. Added 10 classes and 0 folders.
[2018.08.11-19.12.27:047][589]PIE: Play in editor start time for /Game/ThirdPersonBP/Maps/UEDPIE_0_ThirdPersonExampleMap 2.774
[2018.08.11-19.12.27:047][589]LogBlueprintUserMessages: Late PlayInEditor Detection: Level '/Game/ThirdPersonBP/Maps/ThirdPersonExampleMap.ThirdPersonExampleMap:PersistentLevel' has LevelScriptBlueprint '/Game/ThirdPersonBP/Maps/ThirdPersonExampleMap.ThirdPersonExampleMap:PersistentLevel.ThirdPersonExampleMap' with GeneratedClass '/Game/ThirdPersonBP/Maps/ThirdPersonExampleMap.ThirdPersonExampleMap_C' with ClassGeneratedBy '/Game/ThirdPersonBP/Maps/ThirdPersonExampleMap.ThirdPersonExampleMap:PersistentLevel.ThirdPersonExampleMap'
[2018.08.11-19.12.30:546][774]LogBlueprintUserMessages: Early EndPlayMap Detection: Level '/Game/ThirdPersonBP/Maps/ThirdPersonExampleMap.ThirdPersonExampleMap:PersistentLevel' has LevelScriptBlueprint '/Game/ThirdPersonBP/Maps/ThirdPersonExampleMap.ThirdPersonExampleMap:PersistentLevel.ThirdPersonExampleMap' with GeneratedClass '/Game/ThirdPersonBP/Maps/ThirdPersonExampleMap.ThirdPersonExampleMap_C' with ClassGeneratedBy '/Game/ThirdPersonBP/Maps/ThirdPersonExampleMap.ThirdPersonExampleMap:PersistentLevel.ThirdPersonExampleMap'
[2018.08.11-19.12.30:591][774]LogSlate: Updating window title bar state: overlay mode, drag disabled, window buttons hidden, title bar hidden
[2018.08.11-19.12.30:763][774]LogPlayLevel: Display: Shutting down PIE online subsystems
[2018.08.11-19.12.30:763][774]LogBlueprintUserMessages: Late EndPlayMap Detection: Level '/Game/ThirdPersonBP/Maps/ThirdPersonExampleMap.ThirdPersonExampleMap:PersistentLevel' has LevelScriptBlueprint '/Game/ThirdPersonBP/Maps/ThirdPersonExampleMap.ThirdPersonExampleMap:PersistentLevel.ThirdPersonExampleMap' with GeneratedClass '/Game/ThirdPersonBP/Maps/ThirdPersonExampleMap.ThirdPersonExampleMap_C' with ClassGeneratedBy '/Game/ThirdPersonBP/Maps/ThirdPersonExampleMap.ThirdPersonExampleMap:PersistentLevel.ThirdPersonExampleMap'
[2018.08.11-19.12.30:886][774]LogSlate: Updating window title bar state: overlay mode, drag disabled, window buttons hidden, title bar hidden
[2018.08.11-19.12.30:993][775]LogPlayLevel: Display: Destroying online subsystem :Context_3
[2018.08.11-19.12.32:088][836]LogSlate: FSceneViewport::OnFocusLost() reason 0
[2018.08.11-19.13.16:461][ 39]LogSavePackage: Moving '../../../../LudumDare42/RisingWaters/Saved/ThirdPersonExampleMap_Auto135149B5D45CF998AD5A8AD97C4F7D661.tmp' to '../../../../LudumDare42/RisingWaters/Saved/Autosaves/Game/ThirdPersonBP/Maps/ThirdPersonExampleMap_Auto1.umap'
[2018.08.11-19.13.16:481][ 39]LogFileHelpers: Editor autosave (incl. sublevels) for '/Game/ThirdPersonBP/Maps/ThirdPersonExampleMap' took 0.547
[2018.08.11-19.13.16:482][ 39]LogFileHelpers: Editor autosave (incl. sublevels) for all levels took 0.547
[2018.08.11-19.13.16:487][ 39]OBJ SavePackage: Generating thumbnails for [1] asset(s) in package [/Game/ThirdPersonBP/Blueprints/ThirdPersonCharacter] ([1] browsable assets)...
[2018.08.11-19.13.16:501][ 39]OBJ SavePackage:     Rendered thumbnail for [Blueprint /Game/ThirdPersonBP/Blueprints/ThirdPersonCharacter.ThirdPersonCharacter]
[2018.08.11-19.13.16:501][ 39]OBJ SavePackage: Finished generating thumbnails for package [/Game/ThirdPersonBP/Blueprints/ThirdPersonCharacter]
[2018.08.11-19.13.16:562][ 39]LogSavePackage: Moving '../../../../LudumDare42/RisingWaters/Saved/ThirdPersonCharacter_Auto1CFABB58248C69DDF145D57A70BFCA8CE.tmp' to '../../../../LudumDare42/RisingWaters/Saved/Autosaves/Game/ThirdPersonBP/Blueprints/ThirdPersonCharacter_Auto1.uasset'
[2018.08.11-19.13.16:567][ 39]LogFileHelpers: Auto-saving content packages took 0.082
[2018.08.11-19.13.19:477][175]BlueprintLog: New page: Compile ThirdPersonCharacter
[2018.08.11-19.13.20:818][230]Cmd: OBJ SAVEPACKAGE PACKAGE="/Game/ThirdPersonBP/Blueprints/ThirdPersonCharacter" FILE="../../../../LudumDare42/RisingWaters/Content/ThirdPersonBP/Blueprints/ThirdPersonCharacter.uasset" SILENT=true
[2018.08.11-19.13.20:928][230]LogSavePackage: Moving '../../../../LudumDare42/RisingWaters/Saved/ThirdPersonCharacter3F81ABD84C16066B7C1A5AA6533C9CEE.tmp' to '../../../../LudumDare42/RisingWaters/Content/ThirdPersonBP/Blueprints/ThirdPersonCharacter.uasset'
[2018.08.11-19.13.32:487][662]LogSlate: Only BGRA pngs, bmps or icos are supported in by External Image Picker
[2018.08.11-19.13.32:834][667]LogTemp: Executing iPhonePackager certificates Engine -bundlename com.YourCompany.RisingWaters
[2018.08.11-19.13.32:835][667]LogTemp: CWD: D:\UE_4.20\Engine\Binaries\DotNET\IOS
[2018.08.11-19.13.32:835][667]LogTemp: Initial Dir: D:\UE_4.20
[2018.08.11-19.13.32:835][667]LogTemp: Env CWD: D:\UE_4.20\Engine\Binaries\DotNET\IOS
[2018.08.11-19.13.32:879][669]LogTemp: BranchPath = MSI/D/UE_4.20/Engine/Binaries --- GameBranchPath = MSI/D/UE_4.20/Engine/Binaries
[2018.08.11-19.13.32:962][674]LogTemp: IPP ERROR: Could not find provision directory 'C:\Users\Andrew\AppData\Local/Apple Computer/MobileDevice/Provisioning Profiles/'.
[2018.08.11-19.14.25:290][714]LogSlate: Window 'Project Settings' being destroyed
[2018.08.11-19.14.25:298][714]LogSlate: Window 'Project Settings' being destroyed
[2018.08.11-19.14.26:921][778]LogSavePackage: Moving '../../../../LudumDare42/RisingWaters/Saved/ThirdPersonExampleMap2C3AFEFF4161AE4FA2711C9AA0A796BE.tmp' to '../../../../LudumDare42/RisingWaters/Content/ThirdPersonBP/Maps/ThirdPersonExampleMap.umap'
[2018.08.11-19.18.28:681][909]BlueprintLog: New page: Compile ThirdPersonCharacter
[2018.08.11-19.18.29:358][929]Cmd: OBJ SAVEPACKAGE PACKAGE="/Game/ThirdPersonBP/Blueprints/ThirdPersonCharacter" FILE="../../../../LudumDare42/RisingWaters/Content/ThirdPersonBP/Blueprints/ThirdPersonCharacter.uasset" SILENT=true
[2018.08.11-19.18.29:706][929]LogSavePackage: Moving '../../../../LudumDare42/RisingWaters/Saved/ThirdPersonCharacter4D11094046AE52E42DE03193F1A28E3D.tmp' to '../../../../LudumDare42/RisingWaters/Content/ThirdPersonBP/Blueprints/ThirdPersonCharacter.uasset'
[2018.08.11-19.19.02:131][913]LogD3D11RHI: Error: Result failed 
 at D:\Build\++UE4\Sync\Engine\Source\Runtime\Windows\D3D11RHI\Private\D3D11Viewport.cpp:304 
 with error E_INVALIDARG
[2018.08.11-19.19.02:131][913]LogWindows: Windows GetLastError: The operation completed successfully. (0)
[2018.08.11-19.19.15:543][913]LogWindows: Windows GetLastError: The operation completed successfully. (0)
[2018.08.11-19.19.15:563][913]LogWindows: Error: === Critical error: ===
[2018.08.11-19.19.15:563][913]LogWindows: Error: 
[2018.08.11-19.19.15:563][913]LogWindows: Error: Fatal error: [File:D:\Build\++UE4\Sync\Engine\Source\Runtime\RenderCore\Private\RenderingThread.cpp] [Line: 826] 
[2018.08.11-19.19.15:563][913]LogWindows: Error: Rendering thread exception:
[2018.08.11-19.19.15:563][913]LogWindows: Error: Fatal error: [File:D:\Build\++UE4\Sync\Engine\Source\Runtime\Windows\D3D11RHI\Private\D3D11Util.cpp] [Line: 251] 
[2018.08.11-19.19.15:563][913]LogWindows: Error: Result failed 
[2018.08.11-19.19.15:563][913]LogWindows: Error:  at D:\Build\++UE4\Sync\Engine\Source\Runtime\Windows\D3D11RHI\Private\D3D11Viewport.cpp:304 
[2018.08.11-19.19.15:563][913]LogWindows: Error:  with error E_INVALIDARG
[2018.08.11-19.19.15:563][913]LogWindows: Error: 
[2018.08.11-19.19.15:563][913]LogWindows: Error: 
[2018.08.11-19.19.15:563][913]LogWindows: Error: [Callstack] 0x00007fff34aca388 KERNELBASE.dll!UnknownFunction []
[2018.08.11-19.19.15:563][913]LogWindows: Error: [Callstack] 0x00007fff09536850 UE4Editor-ApplicationCore.dll!UnknownFunction []
[2018.08.11-19.19.15:563][913]LogWindows: Error: [Callstack] 0x00007ffeed4462ec UE4Editor-Core.dll!UnknownFunction []
[2018.08.11-19.19.15:563][913]LogWindows: Error: [Callstack] 0x00007ffeed3d51cb UE4Editor-Core.dll!UnknownFunction []
[2018.08.11-19.19.15:563][913]LogWindows: Error: [Callstack] 0x00007ffee7b5e896 UE4Editor-D3D11RHI.dll!UnknownFunction []
[2018.08.11-19.19.15:563][913]LogWindows: Error: [Callstack] 0x00007ffee7b3d0aa UE4Editor-D3D11RHI.dll!UnknownFunction []
[2018.08.11-19.19.15:563][913]LogWindows: Error: [Callstack] 0x00007ffee7b4ab70 UE4Editor-D3D11RHI.dll!UnknownFunction []
[2018.08.11-19.19.15:563][913]LogWindows: Error: [Callstack] 0x00007ffef6d4b106 UE4Editor-RHI.dll!UnknownFunction []
[2018.08.11-19.19.15:563][913]LogWindows: Error: [Callstack] 0x00007ffee78f1b42 UE4Editor-SlateRHIRenderer.dll!UnknownFunction []
[2018.08.11-19.19.15:563][913]LogWindows: Error: [Callstack] 0x00007ffee78f7d0a UE4Editor-SlateRHIRenderer.dll!UnknownFunction []
[2018.08.11-19.19.15:563][913]LogWindows: Error: [Callstack] 0x00007ffeed261f92 UE4Editor-Core.dll!UnknownFunction []
[2018.08.11-19.19.15:563][913]LogWindows: Error: [Callstack] 0x00007ffeed262456 UE4Editor-Core.dll!UnknownFunction []
[2018.08.11-19.19.15:563][913]LogWindows: Error: [Callstack] 0x00007fff108975f9 UE4Editor-RenderCore.dll!UnknownFunction []
[2018.08.11-19.19.15:563][913]LogWindows: Error: [Callstack] 0x00007fff10898574 UE4Editor-RenderCore.dll!UnknownFunction []
[2018.08.11-19.19.15:563][913]LogWindows: Error: [Callstack] 0x00007ffeed6a6abc UE4Editor-Core.dll!UnknownFunction []
[2018.08.11-19.19.15:564][913]LogWindows: Error: [Callstack] 0x00007ffeed6a1707 UE4Editor-Core.dll!UnknownFunction []
[2018.08.11-19.19.15:564][913]LogWindows: Error: [Callstack] 0x00007fff38233034 KERNEL32.DLL!UnknownFunction []
[2018.08.11-19.19.15:564][913]LogWindows: Error: [Callstack] 0x00007fff38471431 ntdll.dll!UnknownFunction []
[2018.08.11-19.19.15:564][913]LogWindows: Error: 
[2018.08.11-19.19.15:564][913]LogWindows: Error: 
[2018.08.11-19.19.15:564][913]LogWindows: Error: 
[2018.08.11-19.19.15:564][913]LogWindows: Error: 
[2018.08.11-19.19.15:573][913]LogExit: Executing StaticShutdownAfterError
[2018.08.11-19.19.15:849][913]LogWindows: FPlatformMisc::RequestExit(1)
[2018.08.11-19.19.15:883][913]Log file closed, 08/11/18 15:19:15
