Log file open, 08/12/18 00:00:44
LogWindows: Failed to load 'aqProf.dll' (GetLastError=126)
LogWindows: File 'aqProf.dll' does not exist
LogWindows: Failed to load 'VSPerf140.dll' (GetLastError=126)
LogWindows: File 'VSPerf140.dll' does not exist
LogWindows: Failed to load 'VtuneApi.dll' (GetLastError=126)
LogWindows: File 'VtuneApi.dll' does not exist
LogWindows: Failed to load 'VtuneApi32e.dll' (GetLastError=126)
LogWindows: File 'VtuneApi32e.dll' does not exist
LogInit: Display: Running engine for game: RisingWaters
LogPlatformFile: Not using cached read wrapper
LogTaskGraph: Started task graph with 5 named threads and 14 total threads with 3 sets of task threads.
LogStats: Stats thread started at 0.196743
LogD3D11RHI: Loaded GFSDK_Aftermath_Lib.x64.dll
LogICUInternationalization: Display: ICU TimeZone Detection - Raw Offset: -5:00, Platform Override: ''
LogPluginManager: Mounting plugin Paper2D
LogPluginManager: Mounting plugin AISupport
LogPluginManager: Mounting plugin LightPropagationVolume
LogPluginManager: Mounting plugin CLionSourceCodeAccess
LogPluginManager: Mounting plugin CodeLiteSourceCodeAccess
LogPluginManager: Mounting plugin GitSourceControl
LogPluginManager: Mounting plugin KDevelopSourceCodeAccess
LogPluginManager: Mounting plugin NullSourceCodeAccess
LogPluginManager: Mounting plugin PerforceSourceControl
LogPluginManager: Mounting plugin SubversionSourceControl
LogPluginManager: Mounting plugin UObjectPlugin
LogPluginManager: Mounting plugin VisualStudioCodeSourceCodeAccess
LogPluginManager: Mounting plugin VisualStudioSourceCodeAccess
LogPluginManager: Mounting plugin XCodeSourceCodeAccess
LogPluginManager: Mounting plugin AssetManagerEditor
LogPluginManager: Mounting plugin CryptoKeys
LogPluginManager: Mounting plugin DataValidation
LogPluginManager: Mounting plugin FacialAnimation
LogPluginManager: Mounting plugin GameplayTagsEditor
LogPluginManager: Mounting plugin MacGraphicsSwitching
LogPluginManager: Mounting plugin MeshEditor
LogPluginManager: Mounting plugin MobileLauncherProfileWizard
LogPluginManager: Mounting plugin PluginBrowser
LogPluginManager: Mounting plugin SpeedTreeImporter
LogPluginManager: Mounting plugin DatasmithContent
LogPluginManager: Mounting plugin AlembicImporter
LogPluginManager: Mounting plugin AppleImageUtils
LogPluginManager: Mounting plugin AppleVision
LogPluginManager: Mounting plugin BackChannel
LogPluginManager: Mounting plugin CharacterAI
LogPluginManager: Mounting plugin GeometryCache
LogPluginManager: Mounting plugin HTML5Networking
LogPluginManager: Mounting plugin ProxyLODPlugin
LogPluginManager: Mounting plugin MagicLeap
LogPluginManager: Mounting plugin MagicLeapEmulator
LogPluginManager: Mounting plugin MagicLeapMedia
LogPluginManager: Mounting plugin AndroidMedia
LogPluginManager: Mounting plugin AvfMedia
LogPluginManager: Mounting plugin ImgMedia
LogPluginManager: Mounting plugin LinearTimecode
LogPluginManager: Mounting plugin MediaCompositing
LogPluginManager: Mounting plugin MediaPlayerEditor
LogPluginManager: Mounting plugin WmfMedia
LogPluginManager: Mounting plugin TcpMessaging
LogPluginManager: Mounting plugin UdpMessaging
LogPluginManager: Mounting plugin ActorSequence
LogPluginManager: Mounting plugin LevelSequenceEditor
LogPluginManager: Mounting plugin MatineeToLevelSequence
LogPluginManager: Mounting plugin NetcodeUnitTest
LogPluginManager: Mounting plugin NUTUnrealEngine4
LogPluginManager: Mounting plugin OnlineSubsystemGooglePlay
LogPluginManager: Mounting plugin OnlineSubsystemIOS
LogPluginManager: Mounting plugin OnlineSubsystem
LogPluginManager: Mounting plugin OnlineSubsystemNull
LogPluginManager: Mounting plugin OnlineSubsystemUtils
LogPluginManager: Mounting plugin LauncherChunkInstaller
LogPluginManager: Mounting plugin AndroidDeviceProfileSelector
LogPluginManager: Mounting plugin AndroidMoviePlayer
LogPluginManager: Mounting plugin AndroidPermission
LogPluginManager: Mounting plugin AppleMoviePlayer
LogPluginManager: Mounting plugin ArchVisCharacter
LogPluginManager: Mounting plugin AudioCapture
LogPluginManager: Mounting plugin CableComponent
LogPluginManager: Mounting plugin CustomMeshComponent
LogPluginManager: Mounting plugin EditableMesh
LogPluginManager: Mounting plugin ExampleDeviceProfileSelector
LogPluginManager: Mounting plugin GoogleCloudMessaging
LogPluginManager: Mounting plugin ImmediatePhysics
LogPluginManager: Mounting plugin IOSDeviceProfileSelector
LogPluginManager: Mounting plugin LinuxDeviceProfileSelector
LogPluginManager: Mounting plugin LocationServicesBPLibrary
LogPluginManager: Mounting plugin MobilePatchingUtils
LogPluginManager: Mounting plugin OculusVR
LogPluginManager: Plugin shader directory ../../../Engine/Plugins/Runtime/Oculus/OculusVR/Shaders found
LogPluginManager: Mapping shader source directory ../../../Engine/Plugins/Runtime/Oculus/OculusVR/Shaders to virtual directory /Plugin/OculusVR
LogPluginManager: Mounting plugin PhysXVehicles
LogPluginManager: Mounting plugin ProceduralMeshComponent
LogPluginManager: Mounting plugin RuntimePhysXCooking
LogPluginManager: Mounting plugin SteamVR
LogPluginManager: Mounting plugin WindowsMoviePlayer
LogStreaming: Display: Took  0.085s to configure plugins.
LogInit: Using libcurl 7.55.1-DEV
LogInit:  - built for x86_64-pc-win32
LogInit:  - supports SSL with OpenSSL/1.0.2h
LogInit:  - supports HTTP deflate (compression) using libz 1.2.8
LogInit:  - other features:
LogInit:      CURL_VERSION_SSL
LogInit:      CURL_VERSION_LIBZ
LogInit:      CURL_VERSION_IPV6
LogInit:      CURL_VERSION_ASYNCHDNS
LogInit:      CURL_VERSION_LARGEFILE
LogInit:      CURL_VERSION_IDN
LogInit:  CurlRequestOptions (configurable via config and command line):
LogInit:  - bVerifyPeer = false  - Libcurl will NOT verify peer certificate
LogInit:  - bUseHttpProxy = false  - Libcurl will NOT use HTTP proxy
LogInit:  - bDontReuseConnections = false  - Libcurl will reuse connections
LogInit:  - CertBundlePath = nullptr  - Libcurl will use whatever was configured at build time.
LogInit:  - MaxHostConnections = 16  - Libcurl will limit the number of connections to a host
LogInit:  - LocalHostAddr = Default
LogInit:  - BufferSize = 65536
LogInit: WinSock: version 1.1 (2.2), MaxSocks=32767, MaxUdp=65467
LogInit: Build: ++UE4+Release-4.20-CL-4233996
LogInit: Engine Version: 4.20.1-4233996+++UE4+Release-4.20
LogInit: Compatible Engine Version: 4.20.0-4212847+++UE4+Release-4.20
LogInit: Net CL: 4212847
LogInit: OS: Windows 10 (), CPU: Intel(R) Core(TM) i5-7600K CPU @ 3.80GHz, GPU: Intel(R) HD Graphics 630
LogInit: Compiled (64-bit): Jul 26 2018 10:07:30
LogInit: Compiled with Visual C++: 19.13.26129.00
LogInit: Build Configuration: Development
LogInit: Branch Name: ++UE4+Release-4.20
LogInit: Command Line: 
LogInit: Base Directory: D:/Unreal/UE_4.20/Engine/Binaries/Win64/
LogInit: Installed Engine Build: 1
LogDevObjectVersion: Number of dev versions registered: 20
LogDevObjectVersion:   Dev-Blueprints (B0D832E4-1F89-4F0D-ACCF-7EB736FD4AA2): 10
LogDevObjectVersion:   Dev-Build (E1C64328-A22C-4D53-A36C-8E866417BD8C): 0
LogDevObjectVersion:   Dev-Core (375EC13C-06E4-48FB-B500-84F0262A717E): 2
LogDevObjectVersion:   Dev-Editor (E4B068ED-F494-42E9-A231-DA0B2E46BB41): 24
LogDevObjectVersion:   Dev-Framework (CFFC743F-43B0-4480-9391-14DF171D2073): 34
LogDevObjectVersion:   Dev-Mobile (B02B49B5-BB20-44E9-A304-32B752E40360): 2
LogDevObjectVersion:   Dev-Networking (A4E4105C-59A1-49B5-A7C5-40C4547EDFEE): 0
LogDevObjectVersion:   Dev-Online (39C831C9-5AE6-47DC-9A44-9C173E1C8E7C): 0
LogDevObjectVersion:   Dev-Physics (78F01B33-EBEA-4F98-B9B4-84EACCB95AA2): 0
LogDevObjectVersion:   Dev-Platform (6631380F-2D4D-43E0-8009-CF276956A95A): 0
LogDevObjectVersion:   Dev-Rendering (12F88B9F-8875-4AFC-A67C-D90C383ABD29): 26
LogDevObjectVersion:   Dev-Sequencer (7B5AE74C-D270-4C10-A958-57980B212A5A): 9
LogDevObjectVersion:   Dev-VR (D7296918-1DD6-4BDD-9DE2-64A83CC13884): 2
LogDevObjectVersion:   Dev-LoadTimes (C2A15278-BFE7-4AFE-6C17-90FF531DF755): 1
LogDevObjectVersion:   Private-Geometry (6EACA3D4-40EC-4CC1-B786-8BED09428FC5): 3
LogDevObjectVersion:   Dev-AnimPhys (29E575DD-E0A3-4627-9D10-D276232CDCEA): 17
LogDevObjectVersion:   Dev-ReflectionCapture (6B266CEC-1EC7-4B8F-A30B-E4D90942FC07): 1
LogDevObjectVersion:   Dev-Automation (0DF73D61-A23F-47EA-B727-89E90C41499A): 1
LogDevObjectVersion:   FortniteMain (601D1886-AC64-4F84-AA16-D3DE0DEAC7D6): 12
LogDevObjectVersion:   Dev-Enterprise (9DFFBCD6-494F-0158-E221-12823C92A888): 1
LogStreaming: Display: Took  0.000s to delete old logs.
LogInit: Presizing for max 8388607 objects, including 0 objects not considered by GC, pre-allocating 0 bytes for permanent pool.
LogInit: Object subsystem initialized
[2018.08.12-04.00.44:747][  0]LogInit: Selected Device Profile: [Windows]
[2018.08.12-04.00.44:747][  0]LogInit: Applying CVar settings loaded from the selected device profile: [Windows]
[2018.08.12-04.00.44:759][  0]LogHAL: Display: Platform has ~ 16 GB [17033011200 / 17179869184 / 16], which maps to Larger [LargestMinGB=32, LargerMinGB=12, DefaultMinGB=8, SmallerMinGB=6, SmallestMinGB=0)
[2018.08.12-04.00.44:759][  0]LogInit: Setting Device Profile CVar: [[r.Vulkan.UseRealUBs:1]]
[2018.08.12-04.00.44:759][  0]LogInit: Going up to parent DeviceProfile []
[2018.08.12-04.00.44:760][  0]LogInit: Computer: DESKTOP-719UQTD
[2018.08.12-04.00.44:760][  0]LogInit: User: Joe
[2018.08.12-04.00.44:760][  0]LogInit: CPU Page size=4096, Cores=4
[2018.08.12-04.00.44:760][  0]LogInit: High frequency timer resolution =3.703124 MHz
[2018.08.12-04.00.44:760][  0]LogMemory: Memory total: Physical=15.9GB (16GB approx)
[2018.08.12-04.00.44:760][  0]LogMemory: Platform Memory Stats for Windows
[2018.08.12-04.00.44:760][  0]LogMemory: Process Physical Memory: 99.92 MB used, 99.92 MB peak
[2018.08.12-04.00.44:760][  0]LogMemory: Process Virtual Memory: 84.31 MB used, 84.31 MB peak
[2018.08.12-04.00.44:760][  0]LogMemory: Physical Memory: 7395.06 MB used,  8848.89 MB free, 16243.95 MB total
[2018.08.12-04.00.44:760][  0]LogMemory: Virtual Memory: 4624.26 MB used,  8848.89 MB free, 134217728.00 MB total
[2018.08.12-04.00.44:773][  0]LogInit: Using OS detected language (en-US).
[2018.08.12-04.00.44:773][  0]LogInit: Using OS detected locale (en-US).
[2018.08.12-04.00.44:773][  0]LogTextLocalizationManager: No specific localization for 'en-US' exists, so the 'en' localization will be used.
[2018.08.12-04.00.45:106][  0]LogStreaming: Display: Took  0.333s to InitEngineTextLocalization.
[2018.08.12-04.00.45:106][  0]LogInit: Setting process to per monitor DPI aware
[2018.08.12-04.00.45:136][  0]LogSlate: New Slate User Created.  User Index 0, Is Virtual User: 0
[2018.08.12-04.00.45:137][  0]LogSlate: Slate User Registered.  User Index 0, Is Virtual User: 0
[2018.08.12-04.00.45:294][  0]LogHMD: Failed to initialize OpenVR with code 110
[2018.08.12-04.00.45:294][  0]LogD3D11RHI: D3D11 adapters:
[2018.08.12-04.00.45:303][  0]LogD3D11RHI:    0. 'Intel(R) HD Graphics 630' (Feature Level 11_0)
[2018.08.12-04.00.45:303][  0]LogD3D11RHI:       128/0/8121 MB DedicatedVideo/DedicatedSystem/SharedSystem, Outputs:1, VendorId:0x8086
[2018.08.12-04.00.45:351][  0]LogD3D11RHI:    1. 'NVIDIA GeForce GTX 960' (Feature Level 11_0)
[2018.08.12-04.00.45:351][  0]LogD3D11RHI:       2007/0/8121 MB DedicatedVideo/DedicatedSystem/SharedSystem, Outputs:2, VendorId:0x10de
[2018.08.12-04.00.45:353][  0]LogD3D11RHI:    2. 'Microsoft Basic Render Driver' (Feature Level 11_0)
[2018.08.12-04.00.45:353][  0]LogD3D11RHI:       0/0/8121 MB DedicatedVideo/DedicatedSystem/SharedSystem, Outputs:0, VendorId:0x1414
[2018.08.12-04.00.45:353][  0]LogD3D11RHI: Chosen D3D11 Adapter: 1
[2018.08.12-04.00.45:360][  0]LogD3D11RHI: Creating new Direct3DDevice
[2018.08.12-04.00.45:360][  0]LogD3D11RHI:     GPU DeviceId: 0x1401 (for the marketing name, search the web for "GPU Device Id")
[2018.08.12-04.00.45:360][  0]LogWindows: EnumDisplayDevices:
[2018.08.12-04.00.45:360][  0]LogWindows:    0. 'Intel(R) HD Graphics 630' (P:1 D:1)
[2018.08.12-04.00.45:360][  0]LogWindows:    1. 'Intel(R) HD Graphics 630' (P:0 D:0)
[2018.08.12-04.00.45:360][  0]LogWindows:    2. 'Intel(R) HD Graphics 630' (P:0 D:0)
[2018.08.12-04.00.45:361][  0]LogWindows:    3. 'NVIDIA GeForce GTX 960' (P:0 D:1)
[2018.08.12-04.00.45:361][  0]LogWindows:    4. 'NVIDIA GeForce GTX 960' (P:0 D:1)
[2018.08.12-04.00.45:361][  0]LogWindows:    5. 'NVIDIA GeForce GTX 960' (P:0 D:0)
[2018.08.12-04.00.45:361][  0]LogWindows:    6. 'NVIDIA GeForce GTX 960' (P:0 D:0)
[2018.08.12-04.00.45:361][  0]LogWindows: DebugString: PrimaryIsNotTheChoosenAdapter PrimaryIsNotTheChoosenAdapter PrimaryIsNotTheChoosenAdapter FoundDriverCount:4 
[2018.08.12-04.00.45:361][  0]LogD3D11RHI:     Adapter Name: NVIDIA GeForce GTX 960
[2018.08.12-04.00.45:361][  0]LogD3D11RHI:   Driver Version: 398.82 (internal:24.21.13.9882, unified:398.82)
[2018.08.12-04.00.45:361][  0]LogD3D11RHI:      Driver Date: 7-30-2018
[2018.08.12-04.00.45:361][  0]LogRHI: Texture pool is 1405 MB (70% of 2007 MB)
[2018.08.12-04.00.45:389][  0]LogD3D11RHI: Async texture creation enabled
[2018.08.12-04.00.45:404][  0]LogD3D11RHI: GPU Timing Frequency: 1000.000000 (Debug: 2 2)
[2018.08.12-04.00.45:454][  0]LogShaderCompilers: Guid format shader working directory is -2 characters bigger than the processId version (../../../../../Repos/LudumDare42/RisingWaters/Intermediate/Shaders/WorkingDirectory/18616/).
[2018.08.12-04.00.45:454][  0]LogShaderCompilers: Cleaned the shader compiler working directory 'C:/Users/Joe/AppData/Local/Temp/UnrealShaderWorkingDir/DA394548421BD72BF139FCB52B2EF4C4/'.
[2018.08.12-04.00.45:685][  0]LogTemp: Display: Loaded TP AllDesktopTargetPlatform
[2018.08.12-04.00.45:696][  0]LogTemp: Display: Loaded TP MacClientTargetPlatform
[2018.08.12-04.00.45:706][  0]LogTemp: Display: Loaded TP MacNoEditorTargetPlatform
[2018.08.12-04.00.45:716][  0]LogTemp: Display: Loaded TP MacServerTargetPlatform
[2018.08.12-04.00.45:727][  0]LogTemp: Display: Loaded TP MacTargetPlatform
[2018.08.12-04.00.45:736][  0]LogTemp: Display: Loaded TP WindowsClientTargetPlatform
[2018.08.12-04.00.45:746][  0]LogTemp: Display: Loaded TP WindowsNoEditorTargetPlatform
[2018.08.12-04.00.45:756][  0]LogTemp: Display: Loaded TP WindowsServerTargetPlatform
[2018.08.12-04.00.45:761][  0]LogTemp: Display: Loaded TP WindowsTargetPlatform
[2018.08.12-04.00.45:824][  0]LogTemp: Display: Loaded TP AndroidTargetPlatform
[2018.08.12-04.00.45:824][  0]LogTemp: Display: Loaded TP AndroidTargetPlatform
[2018.08.12-04.00.45:824][  0]LogTemp: Display: Loaded TP AndroidTargetPlatform
[2018.08.12-04.00.45:824][  0]LogTemp: Display: Loaded TP AndroidTargetPlatform
[2018.08.12-04.00.45:824][  0]LogTemp: Display: Loaded TP AndroidTargetPlatform
[2018.08.12-04.00.45:824][  0]LogTemp: Display: Loaded TP AndroidTargetPlatform
[2018.08.12-04.00.45:824][  0]LogTemp: Display: Loaded TP AndroidTargetPlatform
[2018.08.12-04.00.45:824][  0]LogTemp: Display: Loaded TP AndroidTargetPlatform
[2018.08.12-04.00.45:824][  0]LogTemp: Display: Loaded TP AndroidTargetPlatform
[2018.08.12-04.00.45:824][  0]LogTemp: Display: Loaded TP AndroidTargetPlatform
[2018.08.12-04.00.45:824][  0]LogTemp: Display: Loaded TP AndroidTargetPlatform
[2018.08.12-04.00.45:824][  0]LogTemp: Display: Loaded TP AndroidTargetPlatform
[2018.08.12-04.00.45:824][  0]LogTemp: Display: Loaded TP AndroidTargetPlatform
[2018.08.12-04.00.45:824][  0]LogTemp: Display: Loaded TP AndroidTargetPlatform
[2018.08.12-04.00.45:824][  0]LogTemp: Display: Loaded TP AndroidTargetPlatform
[2018.08.12-04.00.45:824][  0]LogTemp: Display: Loaded TP AndroidTargetPlatform
[2018.08.12-04.00.45:824][  0]LogTemp: Display: Loaded TP AndroidTargetPlatform
[2018.08.12-04.00.45:824][  0]LogTemp: Display: Loaded TP AndroidTargetPlatform
[2018.08.12-04.00.45:825][  0]LogTemp: Display: Loaded TP HTML5TargetPlatform
[2018.08.12-04.00.45:880][  0]LogTemp: Display: Loaded TP IOSTargetPlatform
[2018.08.12-04.00.45:880][  0]LogTemp: Display: Loaded TP IOSTargetPlatform
[2018.08.12-04.00.45:899][  0]LogTemp: Display: Loaded TP TVOSTargetPlatform
[2018.08.12-04.00.45:899][  0]LogTemp: Display: Loaded TP TVOSTargetPlatform
[2018.08.12-04.00.45:910][  0]LogTemp: Display: Loaded TP LinuxClientTargetPlatform
[2018.08.12-04.00.45:921][  0]LogTemp: Display: Loaded TP LinuxNoEditorTargetPlatform
[2018.08.12-04.00.45:932][  0]LogTemp: Display: Loaded TP LinuxServerTargetPlatform
[2018.08.12-04.00.45:943][  0]LogTemp: Display: Loaded TP LinuxTargetPlatform
[2018.08.12-04.00.45:951][  0]LogTemp: Display: Loaded TP LuminTargetPlatform
[2018.08.12-04.00.45:951][  0]LogTargetPlatformManager: Display: Building Assets For Windows
[2018.08.12-04.00.45:986][  0]LogXGEController: Cleaning working directory: C:/Users/Joe/AppData/Local/Temp/UnrealXGEWorkingDir/
[2018.08.12-04.00.45:986][  0]LogXGEController: Cannot use XGE Controller as Incredibuild is not installed on this machine.
[2018.08.12-04.00.45:986][  0]LogShaderCompilers: Cannot use XGE Shader Compiler as Incredibuild is not installed on this machine.
[2018.08.12-04.00.45:986][  0]LogShaderCompilers: Display: Using Local Shader Compiler.
[2018.08.12-04.00.46:655][  0]LogDerivedDataCache: Display: Max Cache Size: 512 MB
[2018.08.12-04.00.46:716][  0]LogDerivedDataCache: Loaded boot cache 0.06s 71MB C:/Users/Joe/AppData/Local/UnrealEngine/4.20/DerivedDataCache/Boot.ddc.
[2018.08.12-04.00.46:716][  0]LogDerivedDataCache: Display: Loaded Boot cache: C:/Users/Joe/AppData/Local/UnrealEngine/4.20/DerivedDataCache/Boot.ddc
[2018.08.12-04.00.46:717][  0]LogDerivedDataCache: FDerivedDataBackendGraph:  Pak pak cache file ../../../../../Repos/LudumDare42/RisingWaters/DerivedDataCache/DDC.ddp not found, will not use a pak cache.
[2018.08.12-04.00.46:717][  0]LogDerivedDataCache: Unable to find inner node Pak for hierarchical cache Hierarchy.
[2018.08.12-04.00.46:717][  0]LogDerivedDataCache: FDerivedDataBackendGraph:  CompressedPak pak cache file ../../../../../Repos/LudumDare42/RisingWaters/DerivedDataCache/Compressed.ddp not found, will not use a pak cache.
[2018.08.12-04.00.46:717][  0]LogDerivedDataCache: Unable to find inner node CompressedPak for hierarchical cache Hierarchy.
[2018.08.12-04.00.46:730][  0]LogDerivedDataCache: Display: Pak cache opened for reading ../../../Engine/DerivedDataCache/Compressed.ddp.
[2018.08.12-04.00.46:742][  0]LogDerivedDataCache: Using Local data cache path C:/Users/Joe/AppData/Local/UnrealEngine/Common/DerivedDataCache: Writable
[2018.08.12-04.00.46:742][  0]LogDerivedDataCache: Shared data cache path not found in *engine.ini, will not use an Shared cache.
[2018.08.12-04.00.46:742][  0]LogDerivedDataCache: Unable to find inner node Shared for hierarchical cache Hierarchy.
[2018.08.12-04.00.46:764][  0]LogMaterial: Verifying Global Shaders for PCD3D_SM5
[2018.08.12-04.00.46:765][  0]LogSlate: Using FreeType 2.6.0
[2018.08.12-04.00.46:766][  0]LogSlate: SlateFontServices - WITH_FREETYPE: 1, WITH_HARFBUZZ: 1
[2018.08.12-04.00.46:837][  0]LogAssetRegistry: FAssetRegistry took 0.0259 seconds to start up
[2018.08.12-04.00.47:117][  0]LogInit: Selected Device Profile: [Windows]
[2018.08.12-04.00.47:228][  0]LogSimplygon: Simplygon DLL not present - disabling.
[2018.08.12-04.00.47:230][  0]LogMeshReduction: Using SimplygonSwarm for distributed automatic mesh merging
[2018.08.12-04.00.47:230][  0]LogMeshReduction: Using ProxyLODMeshReduction for automatic mesh merging
[2018.08.12-04.00.47:231][  0]LogMeshReduction: Using QuadricMeshReduction for automatic static mesh reduction
[2018.08.12-04.00.47:231][  0]LogMeshReduction: No automatic skeletal mesh reduction module available
[2018.08.12-04.00.47:252][  0]LogNetVersion: RisingWaters 1.0.0, NetCL: 4212847, EngineNetVer: 5, GameNetVer: 0 (Checksum: 293886760)
[2018.08.12-04.00.47:781][  0]LogPackageLocalizationCache: Processed 11 localized package path(s) for 2 prioritized culture(s) in 0.127122 seconds
[2018.08.12-04.00.47:792][  0]LogUObjectArray: 38425 objects as part of root set at end of initial load.
[2018.08.12-04.00.47:792][  0]LogUObjectAllocator: 6690872 out of 0 bytes used by permanent object pool.
[2018.08.12-04.00.47:792][  0]LogUObjectArray: CloseDisregardForGC: 0/0 objects in disregard for GC pool
[2018.08.12-04.00.48:676][  0]LogTcpMessaging: Initializing TcpMessaging bridge
[2018.08.12-04.00.48:693][  0]LogUdpMessaging: Initializing bridge on interface 0.0.0.0:0 to multicast group 230.0.0.1:6666.
[2018.08.12-04.00.48:897][  0]SourceControl: Source control is disabled
[2018.08.12-04.00.48:897][  0]SourceControl: Source control is disabled
[2018.08.12-04.00.48:899][  0]SourceControl: Source control is disabled
[2018.08.12-04.00.48:900][  0]SourceControl: Source control is disabled
[2018.08.12-04.00.49:104][  0]LogAndroidPermission: UAndroidPermissionCallbackProxy::GetInstance
[2018.08.12-04.00.49:374][  0]LogOcInput: OculusInput pre-init called
[2018.08.12-04.00.49:430][  0]LogEngine: Initializing Engine...
[2018.08.12-04.00.49:430][  0]LogHMD: Failed to initialize OpenVR with code 110
[2018.08.12-04.00.49:432][  0]LogStats: UGameplayTagsManager::ConstructGameplayTagTree: ImportINI prefixes -  0.000 s
[2018.08.12-04.00.49:432][  0]LogStats: UGameplayTagsManager::ConstructGameplayTagTree: Construct from data asset -  0.000 s
[2018.08.12-04.00.49:432][  0]LogStats: UGameplayTagsManager::ConstructGameplayTagTree: ImportINI -  0.000 s
[2018.08.12-04.00.49:432][  0]LogStats: UGameplayTagsManager::ConstructGameplayTagTree: GameplayTagTreeChangedEvent.Broadcast -  0.000 s
[2018.08.12-04.00.49:715][  0]LogInit: Initializing FReadOnlyCVARCache
[2018.08.12-04.00.49:722][  0]LogAIModule: Creating AISystem for world Untitled
[2018.08.12-04.00.49:783][  0]LogInit: XAudio2 using 'VX240M (Intel(R) Display Audio)' : 2 channels at 48 kHz using 16 bits per sample (channel mask 0x3)
[2018.08.12-04.00.49:798][  0]LogInit: FAudioDevice initialized.
[2018.08.12-04.00.49:799][  0]LogNetVersion: Set ProjectVersion to 1.0.0.0. Version Checksum will be recalculated on next use.
[2018.08.12-04.00.49:889][  0]LogDerivedDataCache: Saved boot cache 0.09s 71MB C:/Users/Joe/AppData/Local/UnrealEngine/4.20/DerivedDataCache/Boot.ddc.
[2018.08.12-04.00.49:906][  0]LogInit: Texture streaming: Enabled
[2018.08.12-04.00.49:920][  0]LogEngineSessionManager: EngineSessionManager initialized
[2018.08.12-04.00.49:920][  0]LogEngineSessionManager: EngineSessionManager sent abnormal shutdown report. Type=Crashed, SessionId={8EDF3D2C-4D2E-A1C9-EDD9-DBA2685A927D}
[2018.08.12-04.00.49:937][  0]LogInit: Transaction tracking system initialized
[2018.08.12-04.00.49:952][  0]BlueprintLog: New page: Editor Load
[2018.08.12-04.00.50:017][  0]LocalizationService: Localization service is disabled
[2018.08.12-04.00.50:442][  0]LogCook: Display: Max memory allowance for cook 16384mb min free memory 0mb
[2018.08.12-04.00.50:442][  0]LogCook: Display: Mobile HDR setting 1
[2018.08.12-04.00.50:442][  0]LogGameplayTags: Display: UGameplayTagsManager::DoneAddingNativeTags. DelegateIsBound: 0
[2018.08.12-04.00.50:442][  0]LogStats: UGameplayTagsManager::ConstructGameplayTagTree: ImportINI prefixes -  0.000 s
[2018.08.12-04.00.50:442][  0]LogStats: UGameplayTagsManager::ConstructGameplayTagTree: Construct from data asset -  0.000 s
[2018.08.12-04.00.50:442][  0]LogStats: UGameplayTagsManager::ConstructGameplayTagTree: ImportINI -  0.000 s
[2018.08.12-04.00.50:442][  0]LogStats: UGameplayTagsManager::ConstructGameplayTagTree: GameplayTagTreeChangedEvent.Broadcast -  0.000 s
[2018.08.12-04.00.50:573][  0]LogFileCache: Scanning file cache for directory 'D:/Repos/LudumDare42/RisingWaters/Content/' took 0.01s
[2018.08.12-04.00.50:573][  0]SourceControl: Source control is disabled
[2018.08.12-04.00.50:573][  0]Cmd: MAP LOAD FILE="../../../../../Repos/LudumDare42/RisingWaters/Content/ThirdPersonBP/Maps/ThirdPersonExampleMap.umap" TEMPLATE=0 SHOWPROGRESS=1 FEATURELEVEL=3
[2018.08.12-04.00.50:574][  0]LightingResults: New page: Lighting Build
[2018.08.12-04.00.50:575][  0]MapCheck: New page: Map Check
[2018.08.12-04.00.50:575][  0]LightingResults: New page: Lighting Build
[2018.08.12-04.00.51:068][  0]LogAIModule: Creating AISystem for world ThirdPersonExampleMap
[2018.08.12-04.00.51:077][  0]LogEditorServer: Finished looking for orphan Actors (0.000 secs)
[2018.08.12-04.00.51:107][  0]Cmd: MAP CHECKDEP NOCLEARLOG
[2018.08.12-04.00.51:156][  0]MapCheck: Map check complete: 0 Error(s), 0 Warning(s), took 48.521ms to complete.
[2018.08.12-04.00.51:156][  0]LogFileHelpers: Loading map 'ThirdPersonExampleMap' took 0.583
[2018.08.12-04.00.51:264][  0]LogSlate: Updating window title bar state: overlay mode, drag disabled, window buttons hidden, title bar hidden
[2018.08.12-04.00.51:274][  0]LogSlate: Updating window title bar state: overlay mode, drag disabled, window buttons hidden, title bar hidden
[2018.08.12-04.00.51:280][  0]LogSlate: Updating window title bar state: overlay mode, drag disabled, window buttons hidden, title bar hidden
[2018.08.12-04.00.51:291][  0]LogSlate: Updating window title bar state: overlay mode, drag disabled, window buttons hidden, title bar hidden
[2018.08.12-04.00.51:295][  0]LogCollectionManager: Loaded 0 collections in 0.000743 seconds
[2018.08.12-04.00.51:342][  0]LogFileCache: Scanning file cache for directory 'D:/Repos/LudumDare42/RisingWaters/Saved/Collections/' took 0.01s
[2018.08.12-04.00.51:342][  0]LogFileCache: Scanning file cache for directory 'D:/Repos/LudumDare42/RisingWaters/Content/Developers/Joe/Collections/' took 0.01s
[2018.08.12-04.00.51:342][  0]LogFileCache: Scanning file cache for directory 'D:/Repos/LudumDare42/RisingWaters/Content/Collections/' took 0.01s
[2018.08.12-04.00.51:342][  0]LogCollectionManager: Rebuilt the GUID cache for 0 collections in 0.000001 seconds
[2018.08.12-04.00.51:350][  0]LogContentBrowser: Native class hierarchy populated in 0.0081 seconds. Added 2575 classes and 606 folders.
[2018.08.12-04.00.51:355][  0]LogContentBrowser: Native class hierarchy updated for 'WidgetCarousel' in 0.0005 seconds. Added 0 classes and 0 folders.
[2018.08.12-04.00.51:388][  0]LogContentBrowser: Native class hierarchy updated for 'AddContentDialog' in 0.0006 seconds. Added 0 classes and 0 folders.
[2018.08.12-04.00.51:396][  0]LogContentBrowser: Native class hierarchy updated for 'SceneOutliner' in 0.0004 seconds. Added 1 classes and 2 folders.
[2018.08.12-04.00.51:478][  0]LogSlate: Took 0.000925 seconds to synchronously load lazily loaded font '../../../Engine/Content/Slate/Fonts/Roboto-Regular.ttf' (155K)
[2018.08.12-04.00.51:480][  0]LogSlate: Took 0.000176 seconds to synchronously load lazily loaded font '../../../Engine/Content/Slate/Fonts/Roboto-Bold.ttf' (160K)
[2018.08.12-04.00.51:491][  0]LogSlate: Took 0.001278 seconds to synchronously load lazily loaded font '../../../Engine/Content/Editor/Slate/Fonts/FontAwesome.ttf' (139K)
[2018.08.12-04.00.51:613][  0]LogRenderer: Reallocating scene render targets to support 1216x568 Format 9 NumSamples 1 (Frame:1).
[2018.08.12-04.00.51:871][  0]LogContentBrowser: Native class hierarchy updated for 'HierarchicalLODOutliner' in 0.0005 seconds. Added 0 classes and 0 folders.
[2018.08.12-04.00.51:871][  0]LogLoad: (Engine Initialization) Total time: 8.14 seconds
[2018.08.12-04.00.51:871][  0]LogLoad: (Engine Initialization) Total Blueprint compile time: 0.00 seconds
[2018.08.12-04.00.51:881][  0]LogWindowsTextInputMethodSystem: Display: IME system now deactivated.
[2018.08.12-04.00.51:905][  0]LogContentStreaming: Texture pool size now 3000 MB
[2018.08.12-04.00.51:926][  0]LogSlate: Took 0.000214 seconds to synchronously load lazily loaded font '../../../Engine/Content/Slate/Fonts/Roboto-Light.ttf' (167K)
[2018.08.12-04.00.51:946][  1]LogAssetRegistry: Asset discovery search completed in 5.1314 seconds
[2018.08.12-04.00.51:948][  1]LogCollectionManager: Rebuilt the object cache for 0 collections in 0.000001 seconds (found 0 objects)
[2018.08.12-04.00.51:948][  1]LogCollectionManager: Fixed up redirectors for 0 collections in 0.000171 seconds (updated 0 objects)
[2018.08.12-04.00.52:914][ 70]LogSlate: Took 0.000213 seconds to synchronously load lazily loaded font '../../../Engine/Content/Slate/Fonts/Roboto-Light.ttf' (167K)
[2018.08.12-04.00.53:465][102]LogSlate: FSceneViewport::OnFocusLost() reason 0
[2018.08.12-04.00.55:045][202]LogAssetEditorManager: Opening Asset editor for Blueprint /Game/ThirdPersonBP/Blueprints/VoxelActor_BP.VoxelActor_BP
[2018.08.12-04.00.55:607][202]LogContentBrowser: Native class hierarchy updated for 'BlueprintGraph' in 0.0006 seconds. Added 116 classes and 0 folders.
[2018.08.12-04.00.56:427][202]LogWindows: Windows GetLastError: The operation completed successfully. (0)
[2018.08.12-04.00.57:385][202]LogWindows: Error: === Critical error: ===
[2018.08.12-04.00.57:385][202]LogWindows: Error: 
[2018.08.12-04.00.57:385][202]LogWindows: Error: Assertion failed: (Index >= 0) & (Index < ArrayNum) [File:D:\Unreal\UE_4.20\Engine\Source\Runtime\Core\Public\Containers/Array.h] [Line: 611] 
[2018.08.12-04.00.57:385][202]LogWindows: Error: Array index out of bounds: 0 from an array of size 0
[2018.08.12-04.00.57:385][202]LogWindows: Error: 
[2018.08.12-04.00.57:385][202]LogWindows: Error: 
[2018.08.12-04.00.57:385][202]LogWindows: Error: [Callstack] 0x00007ffa94efa388 KERNELBASE.dll!UnknownFunction []
[2018.08.12-04.00.57:385][202]LogWindows: Error: [Callstack] 0x00007ffa65856850 UE4Editor-ApplicationCore.dll!UnknownFunction []
[2018.08.12-04.00.57:385][202]LogWindows: Error: [Callstack] 0x00007ffa606162ec UE4Editor-Core.dll!UnknownFunction []
[2018.08.12-04.00.57:385][202]LogWindows: Error: [Callstack] 0x00007ffa605a51cb UE4Editor-Core.dll!UnknownFunction []
[2018.08.12-04.00.57:385][202]LogWindows: Error: [Callstack] 0x00007ffa24c64035 UE4Editor-RisingWaters.dll!AVoxelActor::GenerateChunk() [d:\repos\ludumdare42\risingwaters\source\risingwaters\private\voxelactor.cpp:67]
[2018.08.12-04.00.57:385][202]LogWindows: Error: [Callstack] 0x00007ffa24c6470b UE4Editor-RisingWaters.dll!AVoxelActor::OnConstruction() [d:\repos\ludumdare42\risingwaters\source\risingwaters\private\voxelactor.cpp:54]
[2018.08.12-04.00.57:385][202]LogWindows: Error: [Callstack] 0x00007ffa404a4eaf UE4Editor-Engine.dll!UnknownFunction []
[2018.08.12-04.00.57:385][202]LogWindows: Error: [Callstack] 0x00007ffa404a8774 UE4Editor-Engine.dll!UnknownFunction []
[2018.08.12-04.00.57:385][202]LogWindows: Error: [Callstack] 0x00007ffa404c76a3 UE4Editor-Engine.dll!UnknownFunction []
[2018.08.12-04.00.57:385][202]LogWindows: Error: [Callstack] 0x00007ffa40e0f4b6 UE4Editor-Engine.dll!UnknownFunction []
[2018.08.12-04.00.57:385][202]LogWindows: Error: [Callstack] 0x00007ffa40e0faf7 UE4Editor-Engine.dll!UnknownFunction []
[2018.08.12-04.00.57:385][202]LogWindows: Error: [Callstack] 0x00007ffa3d738f16 UE4Editor-Kismet.dll!UnknownFunction []
[2018.08.12-04.00.57:385][202]LogWindows: Error: [Callstack] 0x00007ffa3d7354c0 UE4Editor-Kismet.dll!UnknownFunction []
[2018.08.12-04.00.57:385][202]LogWindows: Error: [Callstack] 0x00007ffa3e6ce612 UE4Editor-UnrealEd.dll!UnknownFunction []
[2018.08.12-04.00.57:385][202]LogWindows: Error: [Callstack] 0x00007ffa3eac6412 UE4Editor-UnrealEd.dll!UnknownFunction []
[2018.08.12-04.00.57:385][202]LogWindows: Error: [Callstack] 0x00007ffa3f3bf0d6 UE4Editor-UnrealEd.dll!UnknownFunction []
[2018.08.12-04.00.57:385][202]LogWindows: Error: [Callstack] 0x00007ff73cae5cbd UE4Editor.exe!UnknownFunction []
[2018.08.12-04.00.57:385][202]LogWindows: Error: [Callstack] 0x00007ff73caf5b3c UE4Editor.exe!UnknownFunction []
[2018.08.12-04.00.57:385][202]LogWindows: Error: [Callstack] 0x00007ff73caf5bba UE4Editor.exe!UnknownFunction []
[2018.08.12-04.00.57:385][202]LogWindows: Error: [Callstack] 0x00007ff73cb03dac UE4Editor.exe!UnknownFunction []
[2018.08.12-04.00.57:385][202]LogWindows: Error: [Callstack] 0x00007ff73cb05aaa UE4Editor.exe!UnknownFunction []
[2018.08.12-04.00.57:385][202]LogWindows: Error: [Callstack] 0x00007ffa975a3034 KERNEL32.DLL!UnknownFunction []
[2018.08.12-04.00.57:385][202]LogWindows: Error: [Callstack] 0x00007ffa97d21431 ntdll.dll!UnknownFunction []
[2018.08.12-04.00.57:385][202]LogWindows: Error: 
[2018.08.12-04.00.57:395][202]LogExit: Executing StaticShutdownAfterError
[2018.08.12-04.00.57:399][202]LogWindows: FPlatformMisc::RequestExit(1)
[2018.08.12-04.00.57:408][202]Log file closed, 08/12/18 00:00:57
